Standard ML of New Jersey v110.76 [built: Wed Oct 23 00:32:24 2013]
[scanning /home/thdusdl1219/Compiler/as9/sources.cm]
[library $/ml-yacc-lib.cm is stable]
[attempting to load plugin $/lex-ext.cm]
[library $/lex-ext.cm is stable]
[library $smlnj/cm/tools.cm is stable]
[library $smlnj/internal/cm-lib.cm is stable]
[library $SMLNJ-BASIS/basis.cm is stable]
[plugin $/lex-ext.cm loaded successfully]
[attempting to load plugin $/mllex-tool.cm]
[library $/mllex-tool.cm is stable]
[plugin $/mllex-tool.cm loaded successfully]
[attempting to load plugin $/grm-ext.cm]
[library $/grm-ext.cm is stable]
[plugin $/grm-ext.cm loaded successfully]
[attempting to load plugin $/mlyacc-tool.cm]
[library $/mlyacc-tool.cm is stable]
[plugin $/mlyacc-tool.cm loaded successfully]
[library $SMLNJ-LIB/Util/smlnj-lib.cm is stable]
[library $SMLNJ-ML-YACC-LIB/ml-yacc-lib.cm is stable]
[loading /home/thdusdl1219/Compiler/as9/(sources.cm):fun.grm.sig]
[loading /home/thdusdl1219/Compiler/as9/(sources.cm):errormsg.sml]
[loading /home/thdusdl1219/Compiler/as9/(sources.cm):fun.lex.sml]
[loading /home/thdusdl1219/Compiler/as9/(sources.cm):table.sig]
[loading /home/thdusdl1219/Compiler/as9/(sources.cm):table.sml]
[loading /home/thdusdl1219/Compiler/as9/(sources.cm):symbol.sml]
[loading /home/thdusdl1219/Compiler/as9/(sources.cm):mips.sig]
[loading /home/thdusdl1219/Compiler/as9/(sources.cm):mips.sml]
[loading /home/thdusdl1219/Compiler/as9/(sources.cm):absyn.sml]
[loading /home/thdusdl1219/Compiler/as9/(sources.cm):fun.grm.sml]
[loading /home/thdusdl1219/Compiler/as9/(sources.cm):parse.sml]
[loading /home/thdusdl1219/Compiler/as9/(sources.cm):graph.sig]
[loading /home/thdusdl1219/Compiler/as9/(sources.cm):graph.sml]
[loading /home/thdusdl1219/Compiler/as9/(sources.cm):liveness.sml]
[loading /home/thdusdl1219/Compiler/as9/(sources.cm):color.sig]
[loading /home/thdusdl1219/Compiler/as9/(sources.cm):color.sml]
[loading /home/thdusdl1219/Compiler/as9/(sources.cm):regalloc.sml]
[loading /home/thdusdl1219/Compiler/as9/(sources.cm):typecheck.sml]
[loading /home/thdusdl1219/Compiler/as9/(sources.cm):codegen.sml]
[loading /home/thdusdl1219/Compiler/as9/(sources.cm):compile.sml]
[loading /home/thdusdl1219/Compiler/as9/(sources.cm):heap.sig]
[loading /home/thdusdl1219/Compiler/as9/(sources.cm):heap.sml]
[loading /home/thdusdl1219/Compiler/as9/(sources.cm):eval.sig]
[loading /home/thdusdl1219/Compiler/as9/(sources.cm):eval.sml]
[loading /home/thdusdl1219/Compiler/as9/(sources.cm):funpp.sig]
[loading /home/thdusdl1219/Compiler/as9/(sources.cm):pp.sig]
[loading /home/thdusdl1219/Compiler/as9/(sources.cm):pp.sml]
[loading /home/thdusdl1219/Compiler/as9/(sources.cm):funpp.sml]
[New bindings added.]
- ################## LIVENESS: main
################## INTERFERENCE GRAPH 
$v0: $v0 $v1 $a0 $a1 $a2 $a3 $t0 $t1 $t2 $t3 $t4 $t5 $t6 $t7 $s0 $s1 $s2 $s3 $s4 $s5 $s6 $s7 $t8 $t9 $gp $ra $x0
$v1: $v0 $s0 $s1 $s2 $s3 $s4 $s5 $s6 $s7 $x0
$a0: $v0 $a0 $s0 $s1 $s2 $s3 $s4 $s5 $s6 $s7 $gp $x0
$a1: $v0 $s0 $s1 $s2 $s3 $s4 $s5 $s6 $s7 $x0
$a2: $v0 $s0 $s1 $s2 $s3 $s4 $s5 $s6 $s7 $x0
$a3: $v0 $s0 $s1 $s2 $s3 $s4 $s5 $s6 $s7 $x0
$t0: $v0 $s0 $s1 $s2 $s3 $s4 $s5 $s6 $s7 $x0
$t1: $v0 $s0 $s1 $s2 $s3 $s4 $s5 $s6 $s7 $x0
$t2: $v0 $s0 $s1 $s2 $s3 $s4 $s5 $s6 $s7 $x0
$t3: $v0 $s0 $s1 $s2 $s3 $s4 $s5 $s6 $s7 $x0
$t4: $v0 $s0 $s1 $s2 $s3 $s4 $s5 $s6 $s7 $x0
$t5: $v0 $s0 $s1 $s2 $s3 $s4 $s5 $s6 $s7 $x0
$t6: $v0 $s0 $s1 $s2 $s3 $s4 $s5 $s6 $s7 $x0
$t7: $v0 $s0 $s1 $s2 $s3 $s4 $s5 $s6 $s7 $x0
$s0: $v0 $v1 $a0 $a1 $a2 $a3 $t0 $t1 $t2 $t3 $t4 $t5 $t6 $t7 $t8 $t9 $ra $x0
$s1: $v0 $v1 $a0 $a1 $a2 $a3 $t0 $t1 $t2 $t3 $t4 $t5 $t6 $t7 $t8 $t9 $ra $x0
$s2: $v0 $v1 $a0 $a1 $a2 $a3 $t0 $t1 $t2 $t3 $t4 $t5 $t6 $t7 $t8 $t9 $ra $x0
$s3: $v0 $v1 $a0 $a1 $a2 $a3 $t0 $t1 $t2 $t3 $t4 $t5 $t6 $t7 $t8 $t9 $ra $x0
$s4: $v0 $v1 $a0 $a1 $a2 $a3 $t0 $t1 $t2 $t3 $t4 $t5 $t6 $t7 $t8 $t9 $ra $x0
$s5: $v0 $v1 $a0 $a1 $a2 $a3 $t0 $t1 $t2 $t3 $t4 $t5 $t6 $t7 $t8 $t9 $ra $x0
$s6: $v0 $v1 $a0 $a1 $a2 $a3 $t0 $t1 $t2 $t3 $t4 $t5 $t6 $t7 $t8 $t9 $ra $x0
$s7: $v0 $v1 $a0 $a1 $a2 $a3 $t0 $t1 $t2 $t3 $t4 $t5 $t6 $t7 $t8 $t9 $ra $x0
$t8: $v0 $s0 $s1 $s2 $s3 $s4 $s5 $s6 $s7 $x0
$t9: $v0 $s0 $s1 $s2 $s3 $s4 $s5 $s6 $s7 $x0
$gp: $v0 $a0 $x0
$ra: $v0 $s0 $s1 $s2 $s3 $s4 $s5 $s6 $s7 $ra $x0
$x0: $v0 $v1 $a0 $a1 $a2 $a3 $t0 $t1 $t2 $t3 $t4 $t5 $t6 $t7 $s0 $s1 $s2 $s3 $s4 $s5 $s6 $s7 $t8 $t9 $gp $ra $x0
###### Move graph
$ra: $x0
$x0: $ra
palette :  $v0 $v1 $a0 $a1 $a2 $a3 $t0 $t1 $t2 $t3 $t4 $t5 $t6 $t7 $s0 $s1 $s2 $s3 $s4 $s5 $s6 $s7 $t8 $t9 $ra
highdegs :  $x0
reg : $x0reg adj $v0 $v1 $a0 $a1 $a2 $a3 $t0 $t1 $t2 $t3 $t4 $t5 $t6 $t7 $s0 $s1 $s2 $s3 $s4 $s5 $s6 $s7 $t8 $t9 $gp $ra $x0
palette :  $v0 $v1 $a0 $a1 $a2 $a3 $t0 $t1 $t2 $t3 $t4 $t5 $t6 $t7 $s0 $s1 $s2 $s3 $s4 $s5 $s6 $s7 $t8 $t9 $ra
Register Allocation verified.
Spills: $x0 
################## LIVENESS: main
################## INTERFERENCE GRAPH 
$v0: $v0 $v1 $a0 $a1 $a2 $a3 $t0 $t1 $t2 $t3 $t4 $t5 $t6 $t7 $s0 $s1 $s2 $s3 $s4 $s5 $s6 $s7 $t8 $t9 $gp $sp $ra
$v1: $v0 $s0 $s1 $s2 $s3 $s4 $s5 $s6 $s7 $sp
$a0: $v0 $a0 $s0 $s1 $s2 $s3 $s4 $s5 $s6 $s7 $gp $sp
$a1: $v0 $s0 $s1 $s2 $s3 $s4 $s5 $s6 $s7 $sp
$a2: $v0 $s0 $s1 $s2 $s3 $s4 $s5 $s6 $s7 $sp
$a3: $v0 $s0 $s1 $s2 $s3 $s4 $s5 $s6 $s7 $sp
$t0: $v0 $s0 $s1 $s2 $s3 $s4 $s5 $s6 $s7 $sp
$t1: $v0 $s0 $s1 $s2 $s3 $s4 $s5 $s6 $s7 $sp
$t2: $v0 $s0 $s1 $s2 $s3 $s4 $s5 $s6 $s7 $sp
$t3: $v0 $s0 $s1 $s2 $s3 $s4 $s5 $s6 $s7 $sp
$t4: $v0 $s0 $s1 $s2 $s3 $s4 $s5 $s6 $s7 $sp
$t5: $v0 $s0 $s1 $s2 $s3 $s4 $s5 $s6 $s7 $sp
$t6: $v0 $s0 $s1 $s2 $s3 $s4 $s5 $s6 $s7 $sp
$t7: $v0 $s0 $s1 $s2 $s3 $s4 $s5 $s6 $s7 $sp
$s0: $v0 $v1 $a0 $a1 $a2 $a3 $t0 $t1 $t2 $t3 $t4 $t5 $t6 $t7 $t8 $t9 $ra
$s1: $v0 $v1 $a0 $a1 $a2 $a3 $t0 $t1 $t2 $t3 $t4 $t5 $t6 $t7 $t8 $t9 $ra
$s2: $v0 $v1 $a0 $a1 $a2 $a3 $t0 $t1 $t2 $t3 $t4 $t5 $t6 $t7 $t8 $t9 $ra
$s3: $v0 $v1 $a0 $a1 $a2 $a3 $t0 $t1 $t2 $t3 $t4 $t5 $t6 $t7 $t8 $t9 $ra
$s4: $v0 $v1 $a0 $a1 $a2 $a3 $t0 $t1 $t2 $t3 $t4 $t5 $t6 $t7 $t8 $t9 $ra
$s5: $v0 $v1 $a0 $a1 $a2 $a3 $t0 $t1 $t2 $t3 $t4 $t5 $t6 $t7 $t8 $t9 $ra
$s6: $v0 $v1 $a0 $a1 $a2 $a3 $t0 $t1 $t2 $t3 $t4 $t5 $t6 $t7 $t8 $t9 $ra
$s7: $v0 $v1 $a0 $a1 $a2 $a3 $t0 $t1 $t2 $t3 $t4 $t5 $t6 $t7 $t8 $t9 $ra
$t8: $v0 $s0 $s1 $s2 $s3 $s4 $s5 $s6 $s7 $sp
$t9: $v0 $s0 $s1 $s2 $s3 $s4 $s5 $s6 $s7 $sp
$gp: $v0 $a0
$sp: $v0 $v1 $a0 $a1 $a2 $a3 $t0 $t1 $t2 $t3 $t4 $t5 $t6 $t7 $t8 $t9 $ra
$ra: $v0 $s0 $s1 $s2 $s3 $s4 $s5 $s6 $s7 $sp $ra
###### Move graph
palette :  $v0 $v1 $a0 $a1 $a2 $a3 $t0 $t1 $t2 $t3 $t4 $t5 $t6 $t7 $s0 $s1 $s2 $s3 $s4 $s5 $s6 $s7 $t8 $t9 $ra
Spills: 
hi
################## LIVENESS: alloc
################## INTERFERENCE GRAPH 
$v0: $v0 $a0 $t0 $s0 $s1 $s2 $s3 $s4 $s5 $s6 $s7 $gp $ra
$a0: $v0
$t0: $v0 $t0 $s0 $s1 $s2 $s3 $s4 $s5 $s6 $s7 $gp $ra
$s0: $v0 $t0
$s1: $v0 $t0
$s2: $v0 $t0
$s3: $v0 $t0
$s4: $v0 $t0
$s5: $v0 $t0
$s6: $v0 $t0
$s7: $v0 $t0
$gp: $v0 $t0
$ra: $v0 $t0
###### Move graph
palette :  $v0 $v1 $a0 $a1 $a2 $a3 $t0 $t1 $t2 $t3 $t4 $t5 $t6 $t7 $s0 $s1 $s2 $s3 $s4 $s5 $s6 $s7 $t8 $t9 $ra
Register Allocation verified.
Spills: 
################## LIVENESS: _printint
################## INTERFERENCE GRAPH 
$v0: $v0 $a0 $s0 $s1 $s2 $s3 $s4 $s5 $s6 $s7 $ra
$a0: $v0 $a0 $s0 $s1 $s2 $s3 $s4 $s5 $s6 $s7 $ra
$s0: $v0 $a0
$s1: $v0 $a0
$s2: $v0 $a0
$s3: $v0 $a0
$s4: $v0 $a0
$s5: $v0 $a0
$s6: $v0 $a0
$s7: $v0 $a0
$ra: $v0 $a0
###### Move graph
palette :  $v0 $v1 $a0 $a1 $a2 $a3 $t0 $t1 $t2 $t3 $t4 $t5 $t6 $t7 $s0 $s1 $s2 $s3 $s4 $s5 $s6 $s7 $t8 $t9 $ra
Register Allocation verified.
Spills: 
################## LIVENESS: _add
################## INTERFERENCE GRAPH 
$v0: $v0 $s0 $s1 $s2 $s3 $s4 $s5 $s6 $s7 $ra $x1 $x2 $x3 $x4 $x5 $x6 $x7 $x8 $x9
$a0: $x1 $x2 $x3 $x4 $x5 $x6 $x7 $x8 $x9
$s0: $v0 $s0 $s1 $s2 $s3 $s4 $s5 $s6 $s7 $ra $x1 $x3 $x4 $x5 $x6 $x7 $x8 $x9
$s1: $v0 $s0 $s1 $s2 $s3 $s4 $s5 $s6 $s7 $ra $x1 $x2 $x4 $x5 $x6 $x7 $x8 $x9
$s2: $v0 $s0 $s1 $s2 $s3 $s4 $s5 $s6 $s7 $ra $x1 $x2 $x3 $x5 $x6 $x7 $x8 $x9
$s3: $v0 $s0 $s1 $s2 $s3 $s4 $s5 $s6 $s7 $ra $x1 $x2 $x3 $x4 $x6 $x7 $x8 $x9
$s4: $v0 $s0 $s1 $s2 $s3 $s4 $s5 $s6 $s7 $ra $x1 $x2 $x3 $x4 $x5 $x7 $x8 $x9
$s5: $v0 $s0 $s1 $s2 $s3 $s4 $s5 $s6 $s7 $ra $x1 $x2 $x3 $x4 $x5 $x6 $x8 $x9
$s6: $v0 $s0 $s1 $s2 $s3 $s4 $s5 $s6 $s7 $ra $x1 $x2 $x3 $x4 $x5 $x6 $x7 $x9
$s7: $v0 $s0 $s1 $s2 $s3 $s4 $s5 $s6 $s7 $ra $x1 $x2 $x3 $x4 $x5 $x6 $x7 $x8
$ra: $v0 $s0 $s1 $s2 $s3 $s4 $s5 $s6 $s7 $ra $x2 $x3 $x4 $x5 $x6 $x7 $x8 $x9
$x1: $v0 $a0 $s0 $s1 $s2 $s3 $s4 $s5 $s6 $s7 $x1 $x2 $x3 $x4 $x5 $x6 $x7 $x8 $x9 $x10 $x11 $x12 $x13
$x2: $v0 $a0 $s1 $s2 $s3 $s4 $s5 $s6 $s7 $ra $x1 $x2 $x3 $x4 $x5 $x6 $x7 $x8 $x9 $x10 $x11 $x12 $x13
$x3: $v0 $a0 $s0 $s2 $s3 $s4 $s5 $s6 $s7 $ra $x1 $x2 $x3 $x4 $x5 $x6 $x7 $x8 $x9 $x10 $x11 $x12 $x13
$x4: $v0 $a0 $s0 $s1 $s3 $s4 $s5 $s6 $s7 $ra $x1 $x2 $x3 $x4 $x5 $x6 $x7 $x8 $x9 $x10 $x11 $x12 $x13
$x5: $v0 $a0 $s0 $s1 $s2 $s4 $s5 $s6 $s7 $ra $x1 $x2 $x3 $x4 $x5 $x6 $x7 $x8 $x9 $x10 $x11 $x12 $x13
$x6: $v0 $a0 $s0 $s1 $s2 $s3 $s5 $s6 $s7 $ra $x1 $x2 $x3 $x4 $x5 $x6 $x7 $x8 $x9 $x10 $x11 $x12 $x13
$x7: $v0 $a0 $s0 $s1 $s2 $s3 $s4 $s6 $s7 $ra $x1 $x2 $x3 $x4 $x5 $x6 $x7 $x8 $x9 $x10 $x11 $x12 $x13
$x8: $v0 $a0 $s0 $s1 $s2 $s3 $s4 $s5 $s7 $ra $x1 $x2 $x3 $x4 $x5 $x6 $x7 $x8 $x9 $x10 $x11 $x12 $x13
$x9: $v0 $a0 $s0 $s1 $s2 $s3 $s4 $s5 $s6 $ra $x1 $x2 $x3 $x4 $x5 $x6 $x7 $x8 $x9 $x10 $x11 $x12 $x13
$x10: $x1 $x2 $x3 $x4 $x5 $x6 $x7 $x8 $x9 $x10 $x12
$x11: $x1 $x2 $x3 $x4 $x5 $x6 $x7 $x8 $x9 $x11
$x12: $x1 $x2 $x3 $x4 $x5 $x6 $x7 $x8 $x9 $x10 $x12 $x13
$x13: $x1 $x2 $x3 $x4 $x5 $x6 $x7 $x8 $x9 $x12 $x13
###### Move graph
$v0: $x11
$a0: $x10
$s0: $x2
$s1: $x3
$s2: $x4
$s3: $x5
$s4: $x6
$s5: $x7
$s6: $x8
$s7: $x9
$ra: $x1
$x1: $ra
$x2: $s0
$x3: $s1
$x4: $s2
$x5: $s3
$x6: $s4
$x7: $s5
$x8: $s6
$x9: $s7
$x10: $a0
$x11: $v0
palette :  $v0 $v1 $a0 $a1 $a2 $a3 $t0 $t1 $t2 $t3 $t4 $t5 $t6 $t7 $s0 $s1 $s2 $s3 $s4 $s5 $s6 $s7 $t8 $t9 $ra
lowdegs :  $x1 $x2 $x3 $x4 $x5 $x6 $x7 $x8 $x9 $x10 $x11 $x12 $x13
palette :  $v0 $v1 $a0 $a1 $a2 $a3 $t0 $t1 $t2 $t3 $t4 $t5 $t6 $t7 $s0 $s1 $s2 $s3 $s4 $s5 $s6 $s7 $t8 $t9 $ra
stack :  $x1 $x2 $x3 $x4 $x5 $x6 $x7 $x8 $x9 $x10 $x11 $x12 $x13
getalias : $x1$x1$v1hi
spillset : 
stack :  $x2 $x3 $x4 $x5 $x6 $x7 $x8 $x9 $x10 $x11 $x12 $x13
getalias : $x2$x2$a1hi
spillset : 
stack :  $x3 $x4 $x5 $x6 $x7 $x8 $x9 $x10 $x11 $x12 $x13
getalias : $x3$x3$a2hi
spillset : 
stack :  $x4 $x5 $x6 $x7 $x8 $x9 $x10 $x11 $x12 $x13
getalias : $x4$x4$a3hi
spillset : 
stack :  $x5 $x6 $x7 $x8 $x9 $x10 $x11 $x12 $x13
getalias : $x5$x5$t0hi
spillset : 
stack :  $x6 $x7 $x8 $x9 $x10 $x11 $x12 $x13
getalias : $x6$x6$t1hi
spillset : 
stack :  $x7 $x8 $x9 $x10 $x11 $x12 $x13
getalias : $x7$x7$t2hi
spillset : 
stack :  $x8 $x9 $x10 $x11 $x12 $x13
getalias : $x8$x8$t3hi
spillset : 
stack :  $x9 $x10 $x11 $x12 $x13
getalias : $x9$x9$t4hi
spillset : 
stack :  $x10 $x11 $x12 $x13
getalias : $x10$x10$v0hi
spillset : 
stack :  $x11 $x12 $x13
getalias : $x11$x11$v0hi
spillset : 
stack :  $x12 $x13
getalias : $x12$x12$a0hi
spillset : 
stack :  $x13
getalias : $x13$x13$v0hi
spillset : 
Register Allocation verified.
Spills: 
rename_regs : $x1rename_regs : $x2rename_regs : $x3rename_regs : $x4rename_regs : $x5rename_regs : $x6rename_regs : $x7rename_regs : $x8rename_regs : $x9rename_regs : $x10rename_regs : $x12rename_regs : $x10rename_regs : $x13rename_regs : $x10rename_regs : $x11rename_regs : $x12rename_regs : $x13rename_regs : $x11rename_regs : $x1rename_regs : $x2rename_regs : $x3rename_regs : $x4rename_regs : $x5rename_regs : $x6rename_regs : $x7rename_regs : $x8rename_regs : $x9################## LIVENESS: _main
################## INTERFERENCE GRAPH 
$v0: $v0 $v1 $a0 $a1 $a2 $a3 $t0 $t1 $t2 $t3 $t4 $t5 $t6 $t7 $s0 $s1 $s2 $s3 $s4 $s5 $s6 $s7 $t8 $t9 $ra $x14 $x15 $x16 $x17 $x18 $x19 $x20 $x21 $x22 $x23 $x24 $x25 $x26 $x27 $x28 $x29
$v1: $v0 $v1 $a0 $a1 $a2 $a3 $t0 $t1 $t2 $t3 $t4 $t5 $t6 $t7 $t8 $t9 $ra $x14 $x15 $x16 $x17 $x18 $x19 $x20 $x21 $x22 $x24 $x25 $x26 $x27 $x28 $x29
$a0: $v0 $v1 $a0 $a1 $a2 $a3 $t0 $t1 $t2 $t3 $t4 $t5 $t6 $t7 $t8 $t9 $ra $x14 $x15 $x16 $x17 $x18 $x19 $x20 $x21 $x22 $x24 $x25
$a1: $v0 $v1 $a0 $a1 $a2 $a3 $t0 $t1 $t2 $t3 $t4 $t5 $t6 $t7 $t8 $t9 $ra $x14 $x15 $x16 $x17 $x18 $x19 $x20 $x21 $x22 $x24 $x25 $x26 $x27 $x28 $x29
$a2: $v0 $v1 $a0 $a1 $a2 $a3 $t0 $t1 $t2 $t3 $t4 $t5 $t6 $t7 $t8 $t9 $ra $x14 $x15 $x16 $x17 $x18 $x19 $x20 $x21 $x22 $x24 $x25 $x26 $x27 $x28 $x29
$a3: $v0 $v1 $a0 $a1 $a2 $a3 $t0 $t1 $t2 $t3 $t4 $t5 $t6 $t7 $t8 $t9 $ra $x14 $x15 $x16 $x17 $x18 $x19 $x20 $x21 $x22 $x24 $x25 $x26 $x27 $x28 $x29
$t0: $v0 $v1 $a0 $a1 $a2 $a3 $t0 $t1 $t2 $t3 $t4 $t5 $t6 $t7 $t8 $t9 $ra $x14 $x15 $x16 $x17 $x18 $x19 $x20 $x21 $x22 $x24 $x25 $x26 $x27 $x28 $x29
$t1: $v0 $v1 $a0 $a1 $a2 $a3 $t0 $t1 $t2 $t3 $t4 $t5 $t6 $t7 $t8 $t9 $ra $x14 $x15 $x16 $x17 $x18 $x19 $x20 $x21 $x22 $x24 $x25 $x26 $x27 $x28 $x29
$t2: $v0 $v1 $a0 $a1 $a2 $a3 $t0 $t1 $t2 $t3 $t4 $t5 $t6 $t7 $t8 $t9 $ra $x14 $x15 $x16 $x17 $x18 $x19 $x20 $x21 $x22 $x24 $x25 $x26 $x27 $x28 $x29
$t3: $v0 $v1 $a0 $a1 $a2 $a3 $t0 $t1 $t2 $t3 $t4 $t5 $t6 $t7 $t8 $t9 $ra $x14 $x15 $x16 $x17 $x18 $x19 $x20 $x21 $x22 $x24 $x25 $x26 $x27 $x28 $x29
$t4: $v0 $v1 $a0 $a1 $a2 $a3 $t0 $t1 $t2 $t3 $t4 $t5 $t6 $t7 $t8 $t9 $ra $x14 $x15 $x16 $x17 $x18 $x19 $x20 $x21 $x22 $x24 $x25 $x26 $x27 $x28 $x29
$t5: $v0 $v1 $a0 $a1 $a2 $a3 $t0 $t1 $t2 $t3 $t4 $t5 $t6 $t7 $t8 $t9 $ra $x14 $x15 $x16 $x17 $x18 $x19 $x20 $x21 $x22 $x24 $x25 $x26 $x27 $x28 $x29
$t6: $v0 $v1 $a0 $a1 $a2 $a3 $t0 $t1 $t2 $t3 $t4 $t5 $t6 $t7 $t8 $t9 $ra $x14 $x15 $x16 $x17 $x18 $x19 $x20 $x21 $x22 $x24 $x25 $x26 $x27 $x28 $x29
$t7: $v0 $v1 $a0 $a1 $a2 $a3 $t0 $t1 $t2 $t3 $t4 $t5 $t6 $t7 $t8 $t9 $ra $x14 $x15 $x16 $x17 $x18 $x19 $x20 $x21 $x22 $x24 $x25 $x26 $x27 $x28 $x29
$s0: $v0 $s0 $s1 $s2 $s3 $s4 $s5 $s6 $s7 $ra $x14 $x16 $x17 $x18 $x19 $x20 $x21 $x22
$s1: $v0 $s0 $s1 $s2 $s3 $s4 $s5 $s6 $s7 $ra $x14 $x15 $x17 $x18 $x19 $x20 $x21 $x22
$s2: $v0 $s0 $s1 $s2 $s3 $s4 $s5 $s6 $s7 $ra $x14 $x15 $x16 $x18 $x19 $x20 $x21 $x22
$s3: $v0 $s0 $s1 $s2 $s3 $s4 $s5 $s6 $s7 $ra $x14 $x15 $x16 $x17 $x19 $x20 $x21 $x22
$s4: $v0 $s0 $s1 $s2 $s3 $s4 $s5 $s6 $s7 $ra $x14 $x15 $x16 $x17 $x18 $x20 $x21 $x22
$s5: $v0 $s0 $s1 $s2 $s3 $s4 $s5 $s6 $s7 $ra $x14 $x15 $x16 $x17 $x18 $x19 $x21 $x22
$s6: $v0 $s0 $s1 $s2 $s3 $s4 $s5 $s6 $s7 $ra $x14 $x15 $x16 $x17 $x18 $x19 $x20 $x22
$s7: $v0 $s0 $s1 $s2 $s3 $s4 $s5 $s6 $s7 $ra $x14 $x15 $x16 $x17 $x18 $x19 $x20 $x21
$t8: $v0 $v1 $a0 $a1 $a2 $a3 $t0 $t1 $t2 $t3 $t4 $t5 $t6 $t7 $t8 $t9 $ra $x14 $x15 $x16 $x17 $x18 $x19 $x20 $x21 $x22 $x24 $x25 $x26 $x27 $x28 $x29
$t9: $v0 $v1 $a0 $a1 $a2 $a3 $t0 $t1 $t2 $t3 $t4 $t5 $t6 $t7 $t8 $t9 $ra $x14 $x15 $x16 $x17 $x18 $x19 $x20 $x21 $x22 $x24 $x25 $x26 $x27 $x28 $x29
$ra: $v0 $v1 $a0 $a1 $a2 $a3 $t0 $t1 $t2 $t3 $t4 $t5 $t6 $t7 $s0 $s1 $s2 $s3 $s4 $s5 $s6 $s7 $t8 $t9 $ra $x14 $x15 $x16 $x17 $x18 $x19 $x20 $x21 $x22 $x24 $x25 $x26 $x27 $x28 $x29
$x14: $v0 $v1 $a0 $a1 $a2 $a3 $t0 $t1 $t2 $t3 $t4 $t5 $t6 $t7 $s0 $s1 $s2 $s3 $s4 $s5 $s6 $s7 $t8 $t9 $ra $x14 $x15 $x16 $x17 $x18 $x19 $x20 $x21 $x22 $x23 $x24 $x25 $x26 $x27 $x28 $x29 $x30 $x31
$x15: $v0 $v1 $a0 $a1 $a2 $a3 $t0 $t1 $t2 $t3 $t4 $t5 $t6 $t7 $s1 $s2 $s3 $s4 $s5 $s6 $s7 $t8 $t9 $ra $x14 $x15 $x16 $x17 $x18 $x19 $x20 $x21 $x22 $x23 $x24 $x25 $x26 $x27 $x28 $x29 $x30 $x31
$x16: $v0 $v1 $a0 $a1 $a2 $a3 $t0 $t1 $t2 $t3 $t4 $t5 $t6 $t7 $s0 $s2 $s3 $s4 $s5 $s6 $s7 $t8 $t9 $ra $x14 $x15 $x16 $x17 $x18 $x19 $x20 $x21 $x22 $x23 $x24 $x25 $x26 $x27 $x28 $x29 $x30 $x31
$x17: $v0 $v1 $a0 $a1 $a2 $a3 $t0 $t1 $t2 $t3 $t4 $t5 $t6 $t7 $s0 $s1 $s3 $s4 $s5 $s6 $s7 $t8 $t9 $ra $x14 $x15 $x16 $x17 $x18 $x19 $x20 $x21 $x22 $x23 $x24 $x25 $x26 $x27 $x28 $x29 $x30 $x31
$x18: $v0 $v1 $a0 $a1 $a2 $a3 $t0 $t1 $t2 $t3 $t4 $t5 $t6 $t7 $s0 $s1 $s2 $s4 $s5 $s6 $s7 $t8 $t9 $ra $x14 $x15 $x16 $x17 $x18 $x19 $x20 $x21 $x22 $x23 $x24 $x25 $x26 $x27 $x28 $x29 $x30 $x31
$x19: $v0 $v1 $a0 $a1 $a2 $a3 $t0 $t1 $t2 $t3 $t4 $t5 $t6 $t7 $s0 $s1 $s2 $s3 $s5 $s6 $s7 $t8 $t9 $ra $x14 $x15 $x16 $x17 $x18 $x19 $x20 $x21 $x22 $x23 $x24 $x25 $x26 $x27 $x28 $x29 $x30 $x31
$x20: $v0 $v1 $a0 $a1 $a2 $a3 $t0 $t1 $t2 $t3 $t4 $t5 $t6 $t7 $s0 $s1 $s2 $s3 $s4 $s6 $s7 $t8 $t9 $ra $x14 $x15 $x16 $x17 $x18 $x19 $x20 $x21 $x22 $x23 $x24 $x25 $x26 $x27 $x28 $x29 $x30 $x31
$x21: $v0 $v1 $a0 $a1 $a2 $a3 $t0 $t1 $t2 $t3 $t4 $t5 $t6 $t7 $s0 $s1 $s2 $s3 $s4 $s5 $s7 $t8 $t9 $ra $x14 $x15 $x16 $x17 $x18 $x19 $x20 $x21 $x22 $x23 $x24 $x25 $x26 $x27 $x28 $x29 $x30 $x31
$x22: $v0 $v1 $a0 $a1 $a2 $a3 $t0 $t1 $t2 $t3 $t4 $t5 $t6 $t7 $s0 $s1 $s2 $s3 $s4 $s5 $s6 $t8 $t9 $ra $x14 $x15 $x16 $x17 $x18 $x19 $x20 $x21 $x22 $x23 $x24 $x25 $x26 $x27 $x28 $x29 $x30 $x31
$x23: $v0 $x14 $x15 $x16 $x17 $x18 $x19 $x20 $x21 $x22
$x24: $v0 $v1 $a0 $a1 $a2 $a3 $t0 $t1 $t2 $t3 $t4 $t5 $t6 $t7 $t8 $t9 $ra $x14 $x15 $x16 $x17 $x18 $x19 $x20 $x21 $x22 $x24 $x25 $x26 $x27 $x28 $x29
$x25: $v0 $v1 $a0 $a1 $a2 $a3 $t0 $t1 $t2 $t3 $t4 $t5 $t6 $t7 $t8 $t9 $ra $x14 $x15 $x16 $x17 $x18 $x19 $x20 $x21 $x22 $x24 $x25 $x26 $x27 $x28
$x26: $v0 $v1 $a1 $a2 $a3 $t0 $t1 $t2 $t3 $t4 $t5 $t6 $t7 $t8 $t9 $ra $x14 $x15 $x16 $x17 $x18 $x19 $x20 $x21 $x22 $x24 $x25 $x26 $x27 $x28
$x27: $v0 $v1 $a1 $a2 $a3 $t0 $t1 $t2 $t3 $t4 $t5 $t6 $t7 $t8 $t9 $ra $x14 $x15 $x16 $x17 $x18 $x19 $x20 $x21 $x22 $x24 $x25 $x26 $x27
$x28: $v0 $v1 $a1 $a2 $a3 $t0 $t1 $t2 $t3 $t4 $t5 $t6 $t7 $t8 $t9 $ra $x14 $x15 $x16 $x17 $x18 $x19 $x20 $x21 $x22 $x24 $x25 $x26 $x28
$x29: $v0 $v1 $a1 $a2 $a3 $t0 $t1 $t2 $t3 $t4 $t5 $t6 $t7 $t8 $t9 $ra $x14 $x15 $x16 $x17 $x18 $x19 $x20 $x21 $x22 $x24 $x29
$x30: $x14 $x15 $x16 $x17 $x18 $x19 $x20 $x21 $x22
$x31: $x14 $x15 $x16 $x17 $x18 $x19 $x20 $x21 $x22 $x31
###### Move graph
$v0: $x26 $x29 $x30 $x31
$a0: $x23 $x26 $x29
$s0: $x15
$s1: $x16
$s2: $x17
$s3: $x18
$s4: $x19
$s5: $x20
$s6: $x21
$s7: $x22
$ra: $x14
$x14: $ra
$x15: $s0
$x16: $s1
$x17: $s2
$x18: $s3
$x19: $s4
$x20: $s5
$x21: $s6
$x22: $s7
$x23: $a0
$x26: $v0 $a0
$x29: $v0 $a0
$x30: $v0
$x31: $v0
palette :  $v0 $v1 $a0 $a1 $a2 $a3 $t0 $t1 $t2 $t3 $t4 $t5 $t6 $t7 $s0 $s1 $s2 $s3 $s4 $s5 $s6 $s7 $t8 $t9 $ra
lowdegs :  $x23 $x30 $x31
palette :  $v0 $v1 $a0 $a1 $a2 $a3 $t0 $t1 $t2 $t3 $t4 $t5 $t6 $t7 $s0 $s1 $s2 $s3 $s4 $s5 $s6 $s7 $t8 $t9 $ra
highdegs :  $x14 $x15 $x16 $x17 $x18 $x19 $x20 $x21 $x22 $x24 $x25 $x26 $x27 $x28 $x29
reg : $x14reg adj $v0 $v1 $a0 $a1 $a2 $a3 $t0 $t1 $t2 $t3 $t4 $t5 $t6 $t7 $s0 $s1 $s2 $s3 $s4 $s5 $s6 $s7 $t8 $t9 $ra $x14 $x15 $x16 $x17 $x18 $x19 $x20 $x21 $x22 $x24 $x25 $x26 $x27 $x28 $x29
palette :  $v0 $v1 $a0 $a1 $a2 $a3 $t0 $t1 $t2 $t3 $t4 $t5 $t6 $t7 $s0 $s1 $s2 $s3 $s4 $s5 $s6 $s7 $t8 $t9 $ra
highdegs :  $x15 $x16 $x17 $x18 $x19 $x20 $x21 $x22 $x24 $x25 $x26 $x27 $x28 $x29
reg : $x22reg adj $v0 $v1 $a0 $a1 $a2 $a3 $t0 $t1 $t2 $t3 $t4 $t5 $t6 $t7 $s0 $s1 $s2 $s3 $s4 $s5 $s6 $t8 $t9 $ra $x15 $x16 $x17 $x18 $x19 $x20 $x21 $x22 $x24 $x25 $x26 $x27 $x28 $x29
palette :  $v0 $v1 $a0 $a1 $a2 $a3 $t0 $t1 $t2 $t3 $t4 $t5 $t6 $t7 $s0 $s1 $s2 $s3 $s4 $s5 $s6 $s7 $t8 $t9 $ra
highdegs :  $x15 $x16 $x17 $x18 $x19 $x20 $x21 $x24 $x25 $x26 $x27 $x28 $x29
reg : $x21reg adj $v0 $v1 $a0 $a1 $a2 $a3 $t0 $t1 $t2 $t3 $t4 $t5 $t6 $t7 $s0 $s1 $s2 $s3 $s4 $s5 $s7 $t8 $t9 $ra $x15 $x16 $x17 $x18 $x19 $x20 $x21 $x24 $x25 $x26 $x27 $x28 $x29
palette :  $v0 $v1 $a0 $a1 $a2 $a3 $t0 $t1 $t2 $t3 $t4 $t5 $t6 $t7 $s0 $s1 $s2 $s3 $s4 $s5 $s6 $s7 $t8 $t9 $ra
lowdegs :  $x29
palette :  $v0 $v1 $a0 $a1 $a2 $a3 $t0 $t1 $t2 $t3 $t4 $t5 $t6 $t7 $s0 $s1 $s2 $s3 $s4 $s5 $s6 $s7 $t8 $t9 $ra
highdegs :  $x15 $x16 $x17 $x18 $x19 $x20 $x24 $x25 $x26 $x27 $x28
reg : $x20reg adj $v0 $v1 $a0 $a1 $a2 $a3 $t0 $t1 $t2 $t3 $t4 $t5 $t6 $t7 $s0 $s1 $s2 $s3 $s4 $s6 $s7 $t8 $t9 $ra $x15 $x16 $x17 $x18 $x19 $x20 $x24 $x25 $x26 $x27 $x28
palette :  $v0 $v1 $a0 $a1 $a2 $a3 $t0 $t1 $t2 $t3 $t4 $t5 $t6 $t7 $s0 $s1 $s2 $s3 $s4 $s5 $s6 $s7 $t8 $t9 $ra
highdegs :  $x15 $x16 $x17 $x18 $x19 $x24 $x25 $x26 $x27 $x28
reg : $x19reg adj $v0 $v1 $a0 $a1 $a2 $a3 $t0 $t1 $t2 $t3 $t4 $t5 $t6 $t7 $s0 $s1 $s2 $s3 $s5 $s6 $s7 $t8 $t9 $ra $x15 $x16 $x17 $x18 $x19 $x24 $x25 $x26 $x27 $x28
palette :  $v0 $v1 $a0 $a1 $a2 $a3 $t0 $t1 $t2 $t3 $t4 $t5 $t6 $t7 $s0 $s1 $s2 $s3 $s4 $s5 $s6 $s7 $t8 $t9 $ra
lowdegs :  $x27 $x28
palette :  $v0 $v1 $a0 $a1 $a2 $a3 $t0 $t1 $t2 $t3 $t4 $t5 $t6 $t7 $s0 $s1 $s2 $s3 $s4 $s5 $s6 $s7 $t8 $t9 $ra
lowdegs :  $x24 $x25 $x26
palette :  $v0 $v1 $a0 $a1 $a2 $a3 $t0 $t1 $t2 $t3 $t4 $t5 $t6 $t7 $s0 $s1 $s2 $s3 $s4 $s5 $s6 $s7 $t8 $t9 $ra
highdegs :  $x15 $x16 $x17 $x18
reg : $x18reg adj $v0 $v1 $a0 $a1 $a2 $a3 $t0 $t1 $t2 $t3 $t4 $t5 $t6 $t7 $s0 $s1 $s2 $s4 $s5 $s6 $s7 $t8 $t9 $ra $x15 $x16 $x17 $x18
palette :  $v0 $v1 $a0 $a1 $a2 $a3 $t0 $t1 $t2 $t3 $t4 $t5 $t6 $t7 $s0 $s1 $s2 $s3 $s4 $s5 $s6 $s7 $t8 $t9 $ra
highdegs :  $x15 $x16 $x17
reg : $x17reg adj $v0 $v1 $a0 $a1 $a2 $a3 $t0 $t1 $t2 $t3 $t4 $t5 $t6 $t7 $s0 $s1 $s3 $s4 $s5 $s6 $s7 $t8 $t9 $ra $x15 $x16 $x17
palette :  $v0 $v1 $a0 $a1 $a2 $a3 $t0 $t1 $t2 $t3 $t4 $t5 $t6 $t7 $s0 $s1 $s2 $s3 $s4 $s5 $s6 $s7 $t8 $t9 $ra
highdegs :  $x15 $x16
reg : $x16reg adj $v0 $v1 $a0 $a1 $a2 $a3 $t0 $t1 $t2 $t3 $t4 $t5 $t6 $t7 $s0 $s2 $s3 $s4 $s5 $s6 $s7 $t8 $t9 $ra $x15 $x16
palette :  $v0 $v1 $a0 $a1 $a2 $a3 $t0 $t1 $t2 $t3 $t4 $t5 $t6 $t7 $s0 $s1 $s2 $s3 $s4 $s5 $s6 $s7 $t8 $t9 $ra
highdegs :  $x15
reg : $x15reg adj $v0 $v1 $a0 $a1 $a2 $a3 $t0 $t1 $t2 $t3 $t4 $t5 $t6 $t7 $s1 $s2 $s3 $s4 $s5 $s6 $s7 $t8 $t9 $ra $x15
palette :  $v0 $v1 $a0 $a1 $a2 $a3 $t0 $t1 $t2 $t3 $t4 $t5 $t6 $t7 $s0 $s1 $s2 $s3 $s4 $s5 $s6 $s7 $t8 $t9 $ra
stack :  $x24 $x25 $x26 $x27 $x28 $x29 $x23 $x30 $x31
getalias : $x24$x24$s0hi
spillset :  $x14 $x15 $x16 $x17 $x18 $x19 $x20 $x21 $x22
stack :  $x25 $x26 $x27 $x28 $x29 $x23 $x30 $x31
getalias : $x25$x25$s1hi
spillset :  $x14 $x15 $x16 $x17 $x18 $x19 $x20 $x21 $x22
stack :  $x26 $x27 $x28 $x29 $x23 $x30 $x31
getalias : $x26$x26$a0hi
spillset :  $x14 $x15 $x16 $x17 $x18 $x19 $x20 $x21 $x22
stack :  $x27 $x28 $x29 $x23 $x30 $x31
getalias : $x27$x27$s2hi
spillset :  $x14 $x15 $x16 $x17 $x18 $x19 $x20 $x21 $x22
stack :  $x28 $x29 $x23 $x30 $x31
getalias : $x28$x28$s2hi
spillset :  $x14 $x15 $x16 $x17 $x18 $x19 $x20 $x21 $x22
stack :  $x29 $x23 $x30 $x31
getalias : $x29$x29$a0hi
spillset :  $x14 $x15 $x16 $x17 $x18 $x19 $x20 $x21 $x22
stack :  $x23 $x30 $x31
getalias : $x23$x23$v1hi
spillset :  $x14 $x15 $x16 $x17 $x18 $x19 $x20 $x21 $x22
stack :  $x30 $x31
getalias : $x30$x30$v0hi
spillset :  $x14 $x15 $x16 $x17 $x18 $x19 $x20 $x21 $x22
stack :  $x31
getalias : $x31$x31$v0hi
spillset :  $x14 $x15 $x16 $x17 $x18 $x19 $x20 $x21 $x22
Register Allocation verified.
Spills: $x14 $x15 $x16 $x17 $x18 $x19 $x20 $x21 $x22 
rename_regs : $x23rename_regs : $x24rename_regs : $x25rename_regs : $x26rename_regs : $x27rename_regs : $x27rename_regs : $x26rename_regs : $x28rename_regs : $x28rename_regs : $x26rename_regs : $x26rename_regs : $x25rename_regs : $x29rename_regs : $x29rename_regs : $x24rename_regs : $x30rename_regs : $x31rename_regs : $x31################## LIVENESS: _main
################## INTERFERENCE GRAPH 
$v0: $v0 $v1 $a0 $a1 $a2 $a3 $t0 $t1 $t2 $t3 $t4 $t5 $t6 $t7 $s0 $s1 $s2 $s3 $s4 $s5 $s6 $s7 $t8 $t9 $sp $ra
$v1: $v0 $v1 $a0 $a1 $a2 $a3 $t0 $t1 $t2 $t3 $t4 $t5 $t6 $t7 $s0 $s1 $s2 $t8 $t9 $sp $ra
$a0: $v0 $v1 $a0 $a1 $a2 $a3 $t0 $t1 $t2 $t3 $t4 $t5 $t6 $t7 $s0 $s1 $s2 $t8 $t9 $sp $ra
$a1: $v0 $v1 $a0 $a1 $a2 $a3 $t0 $t1 $t2 $t3 $t4 $t5 $t6 $t7 $s0 $s1 $s2 $t8 $t9 $sp $ra
$a2: $v0 $v1 $a0 $a1 $a2 $a3 $t0 $t1 $t2 $t3 $t4 $t5 $t6 $t7 $s0 $s1 $s2 $t8 $t9 $sp $ra
$a3: $v0 $v1 $a0 $a1 $a2 $a3 $t0 $t1 $t2 $t3 $t4 $t5 $t6 $t7 $s0 $s1 $s2 $t8 $t9 $sp $ra
$t0: $v0 $v1 $a0 $a1 $a2 $a3 $t0 $t1 $t2 $t3 $t4 $t5 $t6 $t7 $s0 $s1 $s2 $t8 $t9 $sp $ra
$t1: $v0 $v1 $a0 $a1 $a2 $a3 $t0 $t1 $t2 $t3 $t4 $t5 $t6 $t7 $s0 $s1 $s2 $t8 $t9 $sp $ra
$t2: $v0 $v1 $a0 $a1 $a2 $a3 $t0 $t1 $t2 $t3 $t4 $t5 $t6 $t7 $s0 $s1 $s2 $t8 $t9 $sp $ra
$t3: $v0 $v1 $a0 $a1 $a2 $a3 $t0 $t1 $t2 $t3 $t4 $t5 $t6 $t7 $s0 $s1 $s2 $t8 $t9 $sp $ra
$t4: $v0 $v1 $a0 $a1 $a2 $a3 $t0 $t1 $t2 $t3 $t4 $t5 $t6 $t7 $s0 $s1 $s2 $t8 $t9 $sp $ra
$t5: $v0 $v1 $a0 $a1 $a2 $a3 $t0 $t1 $t2 $t3 $t4 $t5 $t6 $t7 $s0 $s1 $s2 $t8 $t9 $sp $ra
$t6: $v0 $v1 $a0 $a1 $a2 $a3 $t0 $t1 $t2 $t3 $t4 $t5 $t6 $t7 $s0 $s1 $s2 $t8 $t9 $sp $ra
$t7: $v0 $v1 $a0 $a1 $a2 $a3 $t0 $t1 $t2 $t3 $t4 $t5 $t6 $t7 $s0 $s1 $s2 $t8 $t9 $sp $ra
$s0: $v0 $v1 $a0 $a1 $a2 $a3 $t0 $t1 $t2 $t3 $t4 $t5 $t6 $t7 $s0 $s1 $s2 $s3 $s4 $s5 $s6 $s7 $t8 $t9 $sp $ra
$s1: $v0 $v1 $a0 $a1 $a2 $a3 $t0 $t1 $t2 $t3 $t4 $t5 $t6 $t7 $s0 $s1 $s2 $s3 $s4 $s5 $s6 $s7 $t8 $t9 $sp $ra
$s2: $v0 $v1 $a0 $a1 $a2 $a3 $t0 $t1 $t2 $t3 $t4 $t5 $t6 $t7 $s0 $s1 $s2 $s3 $s4 $s5 $s6 $s7 $t8 $t9 $sp $ra
$s3: $v0 $s0 $s1 $s2 $s3 $s4 $s5 $s6 $s7 $sp $ra
$s4: $v0 $s0 $s1 $s2 $s3 $s4 $s5 $s6 $s7 $sp $ra
$s5: $v0 $s0 $s1 $s2 $s3 $s4 $s5 $s6 $s7 $sp $ra
$s6: $v0 $s0 $s1 $s2 $s3 $s4 $s5 $s6 $s7 $sp $ra
$s7: $v0 $s0 $s1 $s2 $s3 $s4 $s5 $s6 $s7 $ra
$t8: $v0 $v1 $a0 $a1 $a2 $a3 $t0 $t1 $t2 $t3 $t4 $t5 $t6 $t7 $s0 $s1 $s2 $t8 $t9 $sp $ra
$t9: $v0 $v1 $a0 $a1 $a2 $a3 $t0 $t1 $t2 $t3 $t4 $t5 $t6 $t7 $s0 $s1 $s2 $t8 $t9 $sp $ra
$sp: $v0 $v1 $a0 $a1 $a2 $a3 $t0 $t1 $t2 $t3 $t4 $t5 $t6 $t7 $s0 $s1 $s2 $s3 $s4 $s5 $s6 $t8 $t9 $ra
$ra: $v0 $v1 $a0 $a1 $a2 $a3 $t0 $t1 $t2 $t3 $t4 $t5 $t6 $t7 $s0 $s1 $s2 $s3 $s4 $s5 $s6 $s7 $t8 $t9 $sp $ra
###### Move graph
$v0: $v0 $a0
$v1: $a0
$a0: $v0 $v1 $a0
palette :  $v0 $v1 $a0 $a1 $a2 $a3 $t0 $t1 $t2 $t3 $t4 $t5 $t6 $t7 $s0 $s1 $s2 $s3 $s4 $s5 $s6 $s7 $t8 $t9 $ra
Spills: 
hi
val it = () : unit
[autoloading]
[autoloading done]
stdIn:1.47-1.82 Warning: type vars not generalized because of
   value restriction are instantiated to dummy types (X1,X2,...)

