Standard ML of New Jersey v110.76 [built: Wed Oct 23 00:32:24 2013]
[scanning /home/thdusdl1219/Compiler/as9/sources.cm]
[library $/ml-yacc-lib.cm is stable]
[attempting to load plugin $/lex-ext.cm]
[library $/lex-ext.cm is stable]
[library $smlnj/cm/tools.cm is stable]
[library $smlnj/internal/cm-lib.cm is stable]
[library $SMLNJ-BASIS/basis.cm is stable]
[plugin $/lex-ext.cm loaded successfully]
[attempting to load plugin $/mllex-tool.cm]
[library $/mllex-tool.cm is stable]
[plugin $/mllex-tool.cm loaded successfully]
[attempting to load plugin $/grm-ext.cm]
[library $/grm-ext.cm is stable]
[plugin $/grm-ext.cm loaded successfully]
[attempting to load plugin $/mlyacc-tool.cm]
[library $/mlyacc-tool.cm is stable]
[plugin $/mlyacc-tool.cm loaded successfully]
[library $SMLNJ-LIB/Util/smlnj-lib.cm is stable]
[library $SMLNJ-ML-YACC-LIB/ml-yacc-lib.cm is stable]
[loading /home/thdusdl1219/Compiler/as9/(sources.cm):fun.grm.sig]
[loading /home/thdusdl1219/Compiler/as9/(sources.cm):errormsg.sml]
[loading /home/thdusdl1219/Compiler/as9/(sources.cm):fun.lex.sml]
[loading /home/thdusdl1219/Compiler/as9/(sources.cm):table.sig]
[loading /home/thdusdl1219/Compiler/as9/(sources.cm):table.sml]
[loading /home/thdusdl1219/Compiler/as9/(sources.cm):symbol.sml]
[loading /home/thdusdl1219/Compiler/as9/(sources.cm):mips.sig]
[loading /home/thdusdl1219/Compiler/as9/(sources.cm):mips.sml]
[loading /home/thdusdl1219/Compiler/as9/(sources.cm):absyn.sml]
[loading /home/thdusdl1219/Compiler/as9/(sources.cm):fun.grm.sml]
[loading /home/thdusdl1219/Compiler/as9/(sources.cm):parse.sml]
[loading /home/thdusdl1219/Compiler/as9/(sources.cm):graph.sig]
[loading /home/thdusdl1219/Compiler/as9/(sources.cm):graph.sml]
[loading /home/thdusdl1219/Compiler/as9/(sources.cm):liveness.sml]
[loading /home/thdusdl1219/Compiler/as9/(sources.cm):color.sig]
[loading /home/thdusdl1219/Compiler/as9/(sources.cm):color.sml]
[loading /home/thdusdl1219/Compiler/as9/(sources.cm):regalloc.sml]
[loading /home/thdusdl1219/Compiler/as9/(sources.cm):typecheck.sml]
[loading /home/thdusdl1219/Compiler/as9/(sources.cm):codegen.sml]
[loading /home/thdusdl1219/Compiler/as9/(sources.cm):compile.sml]
[loading /home/thdusdl1219/Compiler/as9/(sources.cm):heap.sig]
[loading /home/thdusdl1219/Compiler/as9/(sources.cm):heap.sml]
[loading /home/thdusdl1219/Compiler/as9/(sources.cm):eval.sig]
[loading /home/thdusdl1219/Compiler/as9/(sources.cm):eval.sml]
[loading /home/thdusdl1219/Compiler/as9/(sources.cm):funpp.sig]
[loading /home/thdusdl1219/Compiler/as9/(sources.cm):pp.sig]
[loading /home/thdusdl1219/Compiler/as9/(sources.cm):pp.sml]
[loading /home/thdusdl1219/Compiler/as9/(sources.cm):funpp.sml]
[New bindings added.]
- ################## LIVENESS: main
################## INTERFERENCE GRAPH 
$v0: $v0 $v1 $a0 $a1 $a2 $a3 $t0 $t1 $t2 $t3 $t4 $t5 $t6 $t7 $s0 $s1 $s2 $s3 $s4 $s5 $s6 $s7 $t8 $t9 $gp $ra $x0
$v1: $v0 $s0 $s1 $s2 $s3 $s4 $s5 $s6 $s7 $x0
$a0: $v0 $a0 $s0 $s1 $s2 $s3 $s4 $s5 $s6 $s7 $gp $x0
$a1: $v0 $s0 $s1 $s2 $s3 $s4 $s5 $s6 $s7 $x0
$a2: $v0 $s0 $s1 $s2 $s3 $s4 $s5 $s6 $s7 $x0
$a3: $v0 $s0 $s1 $s2 $s3 $s4 $s5 $s6 $s7 $x0
$t0: $v0 $s0 $s1 $s2 $s3 $s4 $s5 $s6 $s7 $x0
$t1: $v0 $s0 $s1 $s2 $s3 $s4 $s5 $s6 $s7 $x0
$t2: $v0 $s0 $s1 $s2 $s3 $s4 $s5 $s6 $s7 $x0
$t3: $v0 $s0 $s1 $s2 $s3 $s4 $s5 $s6 $s7 $x0
$t4: $v0 $s0 $s1 $s2 $s3 $s4 $s5 $s6 $s7 $x0
$t5: $v0 $s0 $s1 $s2 $s3 $s4 $s5 $s6 $s7 $x0
$t6: $v0 $s0 $s1 $s2 $s3 $s4 $s5 $s6 $s7 $x0
$t7: $v0 $s0 $s1 $s2 $s3 $s4 $s5 $s6 $s7 $x0
$s0: $v0 $v1 $a0 $a1 $a2 $a3 $t0 $t1 $t2 $t3 $t4 $t5 $t6 $t7 $t8 $t9 $ra $x0
$s1: $v0 $v1 $a0 $a1 $a2 $a3 $t0 $t1 $t2 $t3 $t4 $t5 $t6 $t7 $t8 $t9 $ra $x0
$s2: $v0 $v1 $a0 $a1 $a2 $a3 $t0 $t1 $t2 $t3 $t4 $t5 $t6 $t7 $t8 $t9 $ra $x0
$s3: $v0 $v1 $a0 $a1 $a2 $a3 $t0 $t1 $t2 $t3 $t4 $t5 $t6 $t7 $t8 $t9 $ra $x0
$s4: $v0 $v1 $a0 $a1 $a2 $a3 $t0 $t1 $t2 $t3 $t4 $t5 $t6 $t7 $t8 $t9 $ra $x0
$s5: $v0 $v1 $a0 $a1 $a2 $a3 $t0 $t1 $t2 $t3 $t4 $t5 $t6 $t7 $t8 $t9 $ra $x0
$s6: $v0 $v1 $a0 $a1 $a2 $a3 $t0 $t1 $t2 $t3 $t4 $t5 $t6 $t7 $t8 $t9 $ra $x0
$s7: $v0 $v1 $a0 $a1 $a2 $a3 $t0 $t1 $t2 $t3 $t4 $t5 $t6 $t7 $t8 $t9 $ra $x0
$t8: $v0 $s0 $s1 $s2 $s3 $s4 $s5 $s6 $s7 $x0
$t9: $v0 $s0 $s1 $s2 $s3 $s4 $s5 $s6 $s7 $x0
$gp: $v0 $a0 $x0
$ra: $v0 $s0 $s1 $s2 $s3 $s4 $s5 $s6 $s7 $ra $x0
$x0: $v0 $v1 $a0 $a1 $a2 $a3 $t0 $t1 $t2 $t3 $t4 $t5 $t6 $t7 $s0 $s1 $s2 $s3 $s4 $s5 $s6 $s7 $t8 $t9 $gp $ra $x0
###### Move graph
$ra: $x0
$x0: $ra
palette :  $v0 $v1 $a0 $a1 $a2 $a3 $t0 $t1 $t2 $t3 $t4 $t5 $t6 $t7 $s0 $s1 $s2 $s3 $s4 $s5 $s6 $s7 $t8 $t9 $ra
highdegs :  $x0
reg : $x0reg adj $v0 $v1 $a0 $a1 $a2 $a3 $t0 $t1 $t2 $t3 $t4 $t5 $t6 $t7 $s0 $s1 $s2 $s3 $s4 $s5 $s6 $s7 $t8 $t9 $gp $ra $x0
palette :  $v0 $v1 $a0 $a1 $a2 $a3 $t0 $t1 $t2 $t3 $t4 $t5 $t6 $t7 $s0 $s1 $s2 $s3 $s4 $s5 $s6 $s7 $t8 $t9 $ra
Register Allocation verified.
Spills: $x0 
################## LIVENESS: main
################## INTERFERENCE GRAPH 
$v0: $v0 $v1 $a0 $a1 $a2 $a3 $t0 $t1 $t2 $t3 $t4 $t5 $t6 $t7 $s0 $s1 $s2 $s3 $s4 $s5 $s6 $s7 $t8 $t9 $gp $sp $ra
$v1: $v0 $s0 $s1 $s2 $s3 $s4 $s5 $s6 $s7 $sp
$a0: $v0 $a0 $s0 $s1 $s2 $s3 $s4 $s5 $s6 $s7 $gp $sp
$a1: $v0 $s0 $s1 $s2 $s3 $s4 $s5 $s6 $s7 $sp
$a2: $v0 $s0 $s1 $s2 $s3 $s4 $s5 $s6 $s7 $sp
$a3: $v0 $s0 $s1 $s2 $s3 $s4 $s5 $s6 $s7 $sp
$t0: $v0 $s0 $s1 $s2 $s3 $s4 $s5 $s6 $s7 $sp
$t1: $v0 $s0 $s1 $s2 $s3 $s4 $s5 $s6 $s7 $sp
$t2: $v0 $s0 $s1 $s2 $s3 $s4 $s5 $s6 $s7 $sp
$t3: $v0 $s0 $s1 $s2 $s3 $s4 $s5 $s6 $s7 $sp
$t4: $v0 $s0 $s1 $s2 $s3 $s4 $s5 $s6 $s7 $sp
$t5: $v0 $s0 $s1 $s2 $s3 $s4 $s5 $s6 $s7 $sp
$t6: $v0 $s0 $s1 $s2 $s3 $s4 $s5 $s6 $s7 $sp
$t7: $v0 $s0 $s1 $s2 $s3 $s4 $s5 $s6 $s7 $sp
$s0: $v0 $v1 $a0 $a1 $a2 $a3 $t0 $t1 $t2 $t3 $t4 $t5 $t6 $t7 $t8 $t9 $ra
$s1: $v0 $v1 $a0 $a1 $a2 $a3 $t0 $t1 $t2 $t3 $t4 $t5 $t6 $t7 $t8 $t9 $ra
$s2: $v0 $v1 $a0 $a1 $a2 $a3 $t0 $t1 $t2 $t3 $t4 $t5 $t6 $t7 $t8 $t9 $ra
$s3: $v0 $v1 $a0 $a1 $a2 $a3 $t0 $t1 $t2 $t3 $t4 $t5 $t6 $t7 $t8 $t9 $ra
$s4: $v0 $v1 $a0 $a1 $a2 $a3 $t0 $t1 $t2 $t3 $t4 $t5 $t6 $t7 $t8 $t9 $ra
$s5: $v0 $v1 $a0 $a1 $a2 $a3 $t0 $t1 $t2 $t3 $t4 $t5 $t6 $t7 $t8 $t9 $ra
$s6: $v0 $v1 $a0 $a1 $a2 $a3 $t0 $t1 $t2 $t3 $t4 $t5 $t6 $t7 $t8 $t9 $ra
$s7: $v0 $v1 $a0 $a1 $a2 $a3 $t0 $t1 $t2 $t3 $t4 $t5 $t6 $t7 $t8 $t9 $ra
$t8: $v0 $s0 $s1 $s2 $s3 $s4 $s5 $s6 $s7 $sp
$t9: $v0 $s0 $s1 $s2 $s3 $s4 $s5 $s6 $s7 $sp
$gp: $v0 $a0
$sp: $v0 $v1 $a0 $a1 $a2 $a3 $t0 $t1 $t2 $t3 $t4 $t5 $t6 $t7 $t8 $t9 $ra
$ra: $v0 $s0 $s1 $s2 $s3 $s4 $s5 $s6 $s7 $sp $ra
###### Move graph
palette :  $v0 $v1 $a0 $a1 $a2 $a3 $t0 $t1 $t2 $t3 $t4 $t5 $t6 $t7 $s0 $s1 $s2 $s3 $s4 $s5 $s6 $s7 $t8 $t9 $ra
Spills: 
hi
################## LIVENESS: alloc
################## INTERFERENCE GRAPH 
$v0: $v0 $a0 $t0 $s0 $s1 $s2 $s3 $s4 $s5 $s6 $s7 $gp $ra
$a0: $v0
$t0: $v0 $t0 $s0 $s1 $s2 $s3 $s4 $s5 $s6 $s7 $gp $ra
$s0: $v0 $t0
$s1: $v0 $t0
$s2: $v0 $t0
$s3: $v0 $t0
$s4: $v0 $t0
$s5: $v0 $t0
$s6: $v0 $t0
$s7: $v0 $t0
$gp: $v0 $t0
$ra: $v0 $t0
###### Move graph
palette :  $v0 $v1 $a0 $a1 $a2 $a3 $t0 $t1 $t2 $t3 $t4 $t5 $t6 $t7 $s0 $s1 $s2 $s3 $s4 $s5 $s6 $s7 $t8 $t9 $ra
Register Allocation verified.
Spills: 
################## LIVENESS: _printint
################## INTERFERENCE GRAPH 
$v0: $v0 $a0 $s0 $s1 $s2 $s3 $s4 $s5 $s6 $s7 $ra
$a0: $v0 $a0 $s0 $s1 $s2 $s3 $s4 $s5 $s6 $s7 $ra
$s0: $v0 $a0
$s1: $v0 $a0
$s2: $v0 $a0
$s3: $v0 $a0
$s4: $v0 $a0
$s5: $v0 $a0
$s6: $v0 $a0
$s7: $v0 $a0
$ra: $v0 $a0
###### Move graph
palette :  $v0 $v1 $a0 $a1 $a2 $a3 $t0 $t1 $t2 $t3 $t4 $t5 $t6 $t7 $s0 $s1 $s2 $s3 $s4 $s5 $s6 $s7 $t8 $t9 $ra
Register Allocation verified.
Spills: 
################## LIVENESS: _sqrt_ceil_iter
################## INTERFERENCE GRAPH 
$v0: $v0 $v1 $a0 $a1 $a2 $a3 $t0 $t1 $t2 $t3 $t4 $t5 $t6 $t7 $s0 $s1 $s2 $s3 $s4 $s5 $s6 $s7 $t8 $t9 $ra $x1 $x2 $x3 $x4 $x5 $x6 $x7 $x8 $x9 $x10 $x12
$v1: $v0 $x1 $x2 $x3 $x4 $x5 $x6 $x7 $x8 $x9 $x10 $x12
$a0: $v0 $x1 $x2 $x3 $x4 $x5 $x6 $x7 $x8 $x9 $x10 $x12
$a1: $v0 $x1 $x2 $x3 $x4 $x5 $x6 $x7 $x8 $x9 $x10 $x12
$a2: $v0 $x1 $x2 $x3 $x4 $x5 $x6 $x7 $x8 $x9 $x10 $x12
$a3: $v0 $x1 $x2 $x3 $x4 $x5 $x6 $x7 $x8 $x9 $x10 $x12
$t0: $v0 $x1 $x2 $x3 $x4 $x5 $x6 $x7 $x8 $x9 $x10 $x12
$t1: $v0 $x1 $x2 $x3 $x4 $x5 $x6 $x7 $x8 $x9 $x10 $x12
$t2: $v0 $x1 $x2 $x3 $x4 $x5 $x6 $x7 $x8 $x9 $x10 $x12
$t3: $v0 $x1 $x2 $x3 $x4 $x5 $x6 $x7 $x8 $x9 $x10 $x12
$t4: $v0 $x1 $x2 $x3 $x4 $x5 $x6 $x7 $x8 $x9 $x10 $x12
$t5: $v0 $x1 $x2 $x3 $x4 $x5 $x6 $x7 $x8 $x9 $x10 $x12
$t6: $v0 $x1 $x2 $x3 $x4 $x5 $x6 $x7 $x8 $x9 $x10 $x12
$t7: $v0 $x1 $x2 $x3 $x4 $x5 $x6 $x7 $x8 $x9 $x10 $x12
$s0: $v0 $s0 $s1 $s2 $s3 $s4 $s5 $s6 $s7 $ra $x1 $x3 $x4 $x5 $x6 $x7 $x8 $x9
$s1: $v0 $s0 $s1 $s2 $s3 $s4 $s5 $s6 $s7 $ra $x1 $x2 $x4 $x5 $x6 $x7 $x8 $x9
$s2: $v0 $s0 $s1 $s2 $s3 $s4 $s5 $s6 $s7 $ra $x1 $x2 $x3 $x5 $x6 $x7 $x8 $x9
$s3: $v0 $s0 $s1 $s2 $s3 $s4 $s5 $s6 $s7 $ra $x1 $x2 $x3 $x4 $x6 $x7 $x8 $x9
$s4: $v0 $s0 $s1 $s2 $s3 $s4 $s5 $s6 $s7 $ra $x1 $x2 $x3 $x4 $x5 $x7 $x8 $x9
$s5: $v0 $s0 $s1 $s2 $s3 $s4 $s5 $s6 $s7 $ra $x1 $x2 $x3 $x4 $x5 $x6 $x8 $x9
$s6: $v0 $s0 $s1 $s2 $s3 $s4 $s5 $s6 $s7 $ra $x1 $x2 $x3 $x4 $x5 $x6 $x7 $x9
$s7: $v0 $s0 $s1 $s2 $s3 $s4 $s5 $s6 $s7 $ra $x1 $x2 $x3 $x4 $x5 $x6 $x7 $x8
$t8: $v0 $x1 $x2 $x3 $x4 $x5 $x6 $x7 $x8 $x9 $x10 $x12
$t9: $v0 $x1 $x2 $x3 $x4 $x5 $x6 $x7 $x8 $x9 $x10 $x12
$ra: $v0 $s0 $s1 $s2 $s3 $s4 $s5 $s6 $s7 $ra $x1 $x2 $x3 $x4 $x5 $x6 $x7 $x8 $x9 $x10 $x12
$x1: $v0 $v1 $a0 $a1 $a2 $a3 $t0 $t1 $t2 $t3 $t4 $t5 $t6 $t7 $s0 $s1 $s2 $s3 $s4 $s5 $s6 $s7 $t8 $t9 $ra $x1 $x2 $x3 $x4 $x5 $x6 $x7 $x8 $x9 $x10 $x11 $x12 $x13 $x14 $x15 $x16 $x17 $x18 $x19 $x20
$x2: $v0 $v1 $a0 $a1 $a2 $a3 $t0 $t1 $t2 $t3 $t4 $t5 $t6 $t7 $s1 $s2 $s3 $s4 $s5 $s6 $s7 $t8 $t9 $ra $x1 $x2 $x3 $x4 $x5 $x6 $x7 $x8 $x9 $x10 $x11 $x12 $x13 $x14 $x15 $x16 $x17 $x18 $x19 $x20
$x3: $v0 $v1 $a0 $a1 $a2 $a3 $t0 $t1 $t2 $t3 $t4 $t5 $t6 $t7 $s0 $s2 $s3 $s4 $s5 $s6 $s7 $t8 $t9 $ra $x1 $x2 $x3 $x4 $x5 $x6 $x7 $x8 $x9 $x10 $x11 $x12 $x13 $x14 $x15 $x16 $x17 $x18 $x19 $x20
$x4: $v0 $v1 $a0 $a1 $a2 $a3 $t0 $t1 $t2 $t3 $t4 $t5 $t6 $t7 $s0 $s1 $s3 $s4 $s5 $s6 $s7 $t8 $t9 $ra $x1 $x2 $x3 $x4 $x5 $x6 $x7 $x8 $x9 $x10 $x11 $x12 $x13 $x14 $x15 $x16 $x17 $x18 $x19 $x20
$x5: $v0 $v1 $a0 $a1 $a2 $a3 $t0 $t1 $t2 $t3 $t4 $t5 $t6 $t7 $s0 $s1 $s2 $s4 $s5 $s6 $s7 $t8 $t9 $ra $x1 $x2 $x3 $x4 $x5 $x6 $x7 $x8 $x9 $x10 $x11 $x12 $x13 $x14 $x15 $x16 $x17 $x18 $x19 $x20
$x6: $v0 $v1 $a0 $a1 $a2 $a3 $t0 $t1 $t2 $t3 $t4 $t5 $t6 $t7 $s0 $s1 $s2 $s3 $s5 $s6 $s7 $t8 $t9 $ra $x1 $x2 $x3 $x4 $x5 $x6 $x7 $x8 $x9 $x10 $x11 $x12 $x13 $x14 $x15 $x16 $x17 $x18 $x19 $x20
$x7: $v0 $v1 $a0 $a1 $a2 $a3 $t0 $t1 $t2 $t3 $t4 $t5 $t6 $t7 $s0 $s1 $s2 $s3 $s4 $s6 $s7 $t8 $t9 $ra $x1 $x2 $x3 $x4 $x5 $x6 $x7 $x8 $x9 $x10 $x11 $x12 $x13 $x14 $x15 $x16 $x17 $x18 $x19 $x20
$x8: $v0 $v1 $a0 $a1 $a2 $a3 $t0 $t1 $t2 $t3 $t4 $t5 $t6 $t7 $s0 $s1 $s2 $s3 $s4 $s5 $s7 $t8 $t9 $ra $x1 $x2 $x3 $x4 $x5 $x6 $x7 $x8 $x9 $x10 $x11 $x12 $x13 $x14 $x15 $x16 $x17 $x18 $x19 $x20
$x9: $v0 $v1 $a0 $a1 $a2 $a3 $t0 $t1 $t2 $t3 $t4 $t5 $t6 $t7 $s0 $s1 $s2 $s3 $s4 $s5 $s6 $t8 $t9 $ra $x1 $x2 $x3 $x4 $x5 $x6 $x7 $x8 $x9 $x10 $x11 $x12 $x13 $x14 $x15 $x16 $x17 $x18 $x19 $x20
$x10: $v0 $v1 $a0 $a1 $a2 $a3 $t0 $t1 $t2 $t3 $t4 $t5 $t6 $t7 $t8 $t9 $ra $x1 $x2 $x3 $x4 $x5 $x6 $x7 $x8 $x9 $x10 $x11 $x12 $x13 $x14 $x15 $x16 $x17 $x18 $x19
$x11: $x1 $x2 $x3 $x4 $x5 $x6 $x7 $x8 $x9 $x10 $x11 $x12 $x13 $x14 $x15 $x16 $x17 $x18 $x19
$x12: $v0 $v1 $a0 $a1 $a2 $a3 $t0 $t1 $t2 $t3 $t4 $t5 $t6 $t7 $t8 $t9 $ra $x1 $x2 $x3 $x4 $x5 $x6 $x7 $x8 $x9 $x10 $x11 $x12
$x13: $x1 $x2 $x3 $x4 $x5 $x6 $x7 $x8 $x9 $x10 $x11
$x14: $x1 $x2 $x3 $x4 $x5 $x6 $x7 $x8 $x9 $x10 $x11 $x14
$x15: $x1 $x2 $x3 $x4 $x5 $x6 $x7 $x8 $x9 $x10 $x11 $x15
$x16: $x1 $x2 $x3 $x4 $x5 $x6 $x7 $x8 $x9 $x10 $x11 $x16 $x17
$x17: $x1 $x2 $x3 $x4 $x5 $x6 $x7 $x8 $x9 $x10 $x11 $x16 $x17
$x18: $x1 $x2 $x3 $x4 $x5 $x6 $x7 $x8 $x9 $x10 $x11 $x18
$x19: $x1 $x2 $x3 $x4 $x5 $x6 $x7 $x8 $x9 $x10 $x11 $x19
$x20: $x1 $x2 $x3 $x4 $x5 $x6 $x7 $x8 $x9 $x20
###### Move graph
$v0: $x11 $x20
$a0: $x10
$s0: $x2
$s1: $x3
$s2: $x4
$s3: $x5
$s4: $x6
$s5: $x7
$s6: $x8
$s7: $x9
$ra: $x1
$x1: $ra
$x2: $s0
$x3: $s1
$x4: $s2
$x5: $s3
$x6: $s4
$x7: $s5
$x8: $s6
$x9: $s7
$x10: $a0
$x11: $v0 $x13
$x13: $x11
$x20: $v0
palette :  $v0 $v1 $a0 $a1 $a2 $a3 $t0 $t1 $t2 $t3 $t4 $t5 $t6 $t7 $s0 $s1 $s2 $s3 $s4 $s5 $s6 $s7 $t8 $t9 $ra
lowdegs :  $x11 $x13 $x14 $x15 $x16 $x17 $x18 $x19 $x20
palette :  $v0 $v1 $a0 $a1 $a2 $a3 $t0 $t1 $t2 $t3 $t4 $t5 $t6 $t7 $s0 $s1 $s2 $s3 $s4 $s5 $s6 $s7 $t8 $t9 $ra
highdegs :  $x1 $x2 $x3 $x4 $x5 $x6 $x7 $x8 $x9 $x10 $x12
reg : $x1reg adj $v0 $v1 $a0 $a1 $a2 $a3 $t0 $t1 $t2 $t3 $t4 $t5 $t6 $t7 $s0 $s1 $s2 $s3 $s4 $s5 $s6 $s7 $t8 $t9 $ra $x1 $x2 $x3 $x4 $x5 $x6 $x7 $x8 $x9 $x10 $x12
palette :  $v0 $v1 $a0 $a1 $a2 $a3 $t0 $t1 $t2 $t3 $t4 $t5 $t6 $t7 $s0 $s1 $s2 $s3 $s4 $s5 $s6 $s7 $t8 $t9 $ra
highdegs :  $x2 $x3 $x4 $x5 $x6 $x7 $x8 $x9 $x10 $x12
reg : $x9reg adj $v0 $v1 $a0 $a1 $a2 $a3 $t0 $t1 $t2 $t3 $t4 $t5 $t6 $t7 $s0 $s1 $s2 $s3 $s4 $s5 $s6 $t8 $t9 $ra $x2 $x3 $x4 $x5 $x6 $x7 $x8 $x9 $x10 $x12
palette :  $v0 $v1 $a0 $a1 $a2 $a3 $t0 $t1 $t2 $t3 $t4 $t5 $t6 $t7 $s0 $s1 $s2 $s3 $s4 $s5 $s6 $s7 $t8 $t9 $ra
highdegs :  $x2 $x3 $x4 $x5 $x6 $x7 $x8 $x10 $x12
reg : $x8reg adj $v0 $v1 $a0 $a1 $a2 $a3 $t0 $t1 $t2 $t3 $t4 $t5 $t6 $t7 $s0 $s1 $s2 $s3 $s4 $s5 $s7 $t8 $t9 $ra $x2 $x3 $x4 $x5 $x6 $x7 $x8 $x10 $x12
palette :  $v0 $v1 $a0 $a1 $a2 $a3 $t0 $t1 $t2 $t3 $t4 $t5 $t6 $t7 $s0 $s1 $s2 $s3 $s4 $s5 $s6 $s7 $t8 $t9 $ra
highdegs :  $x2 $x3 $x4 $x5 $x6 $x7 $x10 $x12
reg : $x7reg adj $v0 $v1 $a0 $a1 $a2 $a3 $t0 $t1 $t2 $t3 $t4 $t5 $t6 $t7 $s0 $s1 $s2 $s3 $s4 $s6 $s7 $t8 $t9 $ra $x2 $x3 $x4 $x5 $x6 $x7 $x10 $x12
palette :  $v0 $v1 $a0 $a1 $a2 $a3 $t0 $t1 $t2 $t3 $t4 $t5 $t6 $t7 $s0 $s1 $s2 $s3 $s4 $s5 $s6 $s7 $t8 $t9 $ra
lowdegs :  $x10 $x12
palette :  $v0 $v1 $a0 $a1 $a2 $a3 $t0 $t1 $t2 $t3 $t4 $t5 $t6 $t7 $s0 $s1 $s2 $s3 $s4 $s5 $s6 $s7 $t8 $t9 $ra
highdegs :  $x2 $x3 $x4 $x5 $x6
reg : $x6reg adj $v0 $v1 $a0 $a1 $a2 $a3 $t0 $t1 $t2 $t3 $t4 $t5 $t6 $t7 $s0 $s1 $s2 $s3 $s5 $s6 $s7 $t8 $t9 $ra $x2 $x3 $x4 $x5 $x6
palette :  $v0 $v1 $a0 $a1 $a2 $a3 $t0 $t1 $t2 $t3 $t4 $t5 $t6 $t7 $s0 $s1 $s2 $s3 $s4 $s5 $s6 $s7 $t8 $t9 $ra
highdegs :  $x2 $x3 $x4 $x5
reg : $x5reg adj $v0 $v1 $a0 $a1 $a2 $a3 $t0 $t1 $t2 $t3 $t4 $t5 $t6 $t7 $s0 $s1 $s2 $s4 $s5 $s6 $s7 $t8 $t9 $ra $x2 $x3 $x4 $x5
palette :  $v0 $v1 $a0 $a1 $a2 $a3 $t0 $t1 $t2 $t3 $t4 $t5 $t6 $t7 $s0 $s1 $s2 $s3 $s4 $s5 $s6 $s7 $t8 $t9 $ra
highdegs :  $x2 $x3 $x4
reg : $x4reg adj $v0 $v1 $a0 $a1 $a2 $a3 $t0 $t1 $t2 $t3 $t4 $t5 $t6 $t7 $s0 $s1 $s3 $s4 $s5 $s6 $s7 $t8 $t9 $ra $x2 $x3 $x4
palette :  $v0 $v1 $a0 $a1 $a2 $a3 $t0 $t1 $t2 $t3 $t4 $t5 $t6 $t7 $s0 $s1 $s2 $s3 $s4 $s5 $s6 $s7 $t8 $t9 $ra
highdegs :  $x2 $x3
reg : $x3reg adj $v0 $v1 $a0 $a1 $a2 $a3 $t0 $t1 $t2 $t3 $t4 $t5 $t6 $t7 $s0 $s2 $s3 $s4 $s5 $s6 $s7 $t8 $t9 $ra $x2 $x3
palette :  $v0 $v1 $a0 $a1 $a2 $a3 $t0 $t1 $t2 $t3 $t4 $t5 $t6 $t7 $s0 $s1 $s2 $s3 $s4 $s5 $s6 $s7 $t8 $t9 $ra
highdegs :  $x2
reg : $x2reg adj $v0 $v1 $a0 $a1 $a2 $a3 $t0 $t1 $t2 $t3 $t4 $t5 $t6 $t7 $s1 $s2 $s3 $s4 $s5 $s6 $s7 $t8 $t9 $ra $x2
palette :  $v0 $v1 $a0 $a1 $a2 $a3 $t0 $t1 $t2 $t3 $t4 $t5 $t6 $t7 $s0 $s1 $s2 $s3 $s4 $s5 $s6 $s7 $t8 $t9 $ra
stack :  $x10 $x12 $x11 $x13 $x14 $x15 $x16 $x17 $x18 $x19 $x20
getalias : $x10$x10$s0hi
spillset :  $x1 $x2 $x3 $x4 $x5 $x6 $x7 $x8 $x9
stack :  $x12 $x11 $x13 $x14 $x15 $x16 $x17 $x18 $x19 $x20
getalias : $x12$x12$s1hi
spillset :  $x1 $x2 $x3 $x4 $x5 $x6 $x7 $x8 $x9
stack :  $x11 $x13 $x14 $x15 $x16 $x17 $x18 $x19 $x20
getalias : $x11$x11$v0hi
spillset :  $x1 $x2 $x3 $x4 $x5 $x6 $x7 $x8 $x9
stack :  $x13 $x14 $x15 $x16 $x17 $x18 $x19 $x20
getalias : $x13$x13$v1hi
spillset :  $x1 $x2 $x3 $x4 $x5 $x6 $x7 $x8 $x9
stack :  $x14 $x15 $x16 $x17 $x18 $x19 $x20
getalias : $x14$x14$v1hi
spillset :  $x1 $x2 $x3 $x4 $x5 $x6 $x7 $x8 $x9
stack :  $x15 $x16 $x17 $x18 $x19 $x20
getalias : $x15$x15$v1hi
spillset :  $x1 $x2 $x3 $x4 $x5 $x6 $x7 $x8 $x9
stack :  $x16 $x17 $x18 $x19 $x20
getalias : $x16$x16$v1hi
spillset :  $x1 $x2 $x3 $x4 $x5 $x6 $x7 $x8 $x9
stack :  $x17 $x18 $x19 $x20
getalias : $x17$x17$a0hi
spillset :  $x1 $x2 $x3 $x4 $x5 $x6 $x7 $x8 $x9
stack :  $x18 $x19 $x20
getalias : $x18$x18$v1hi
spillset :  $x1 $x2 $x3 $x4 $x5 $x6 $x7 $x8 $x9
stack :  $x19 $x20
getalias : $x19$x19$v1hi
spillset :  $x1 $x2 $x3 $x4 $x5 $x6 $x7 $x8 $x9
stack :  $x20
getalias : $x20$x20$v0hi
spillset :  $x1 $x2 $x3 $x4 $x5 $x6 $x7 $x8 $x9
Register Allocation verified.
Spills: $x1 $x2 $x3 $x4 $x5 $x6 $x7 $x8 $x9 
rename_regs : $x10rename_regs : $x12rename_regs : $x11rename_regs : $x12rename_regs : $x11rename_regs : $x16rename_regs : $x11rename_regs : $x17rename_regs : $x11rename_regs : $x15rename_regs : $x16rename_regs : $x17rename_regs : $x14rename_regs : $x15rename_regs : $x10rename_regs : $x14rename_regs : $x19rename_regs : $x11rename_regs : $x18rename_regs : $x19rename_regs : $x18rename_regs : $x11rename_regs : $x13rename_regs : $x11rename_regs : $x20rename_regs : $x11rename_regs : $x20################## LIVENESS: _sqrt_ceil_iter
################## INTERFERENCE GRAPH 
$v0: $v0 $v1 $a0 $a1 $a2 $a3 $t0 $t1 $t2 $t3 $t4 $t5 $t6 $t7 $s0 $s1 $s2 $s3 $s4 $s5 $s6 $s7 $t8 $t9 $sp $ra
$v1: $v0 $v1 $a0 $s0 $s1 $sp
$a0: $v0 $v1 $a0 $s0 $s1 $sp
$a1: $v0 $s0 $s1 $sp
$a2: $v0 $s0 $s1 $sp
$a3: $v0 $s0 $s1 $sp
$t0: $v0 $s0 $s1 $sp
$t1: $v0 $s0 $s1 $sp
$t2: $v0 $s0 $s1 $sp
$t3: $v0 $s0 $s1 $sp
$t4: $v0 $s0 $s1 $sp
$t5: $v0 $s0 $s1 $sp
$t6: $v0 $s0 $s1 $sp
$t7: $v0 $s0 $s1 $sp
$s0: $v0 $v1 $a0 $a1 $a2 $a3 $t0 $t1 $t2 $t3 $t4 $t5 $t6 $t7 $s0 $s1 $s2 $s3 $s4 $s5 $s6 $s7 $t8 $t9 $sp $ra
$s1: $v0 $v1 $a0 $a1 $a2 $a3 $t0 $t1 $t2 $t3 $t4 $t5 $t6 $t7 $s0 $s1 $s2 $s3 $s4 $s5 $s6 $s7 $t8 $t9 $sp $ra
$s2: $v0 $s0 $s1 $s2 $s3 $s4 $s5 $s6 $s7 $sp $ra
$s3: $v0 $s0 $s1 $s2 $s3 $s4 $s5 $s6 $s7 $sp $ra
$s4: $v0 $s0 $s1 $s2 $s3 $s4 $s5 $s6 $s7 $sp $ra
$s5: $v0 $s0 $s1 $s2 $s3 $s4 $s5 $s6 $s7 $sp $ra
$s6: $v0 $s0 $s1 $s2 $s3 $s4 $s5 $s6 $s7 $sp $ra
$s7: $v0 $s0 $s1 $s2 $s3 $s4 $s5 $s6 $s7 $ra
$t8: $v0 $s0 $s1 $sp
$t9: $v0 $s0 $s1 $sp
$sp: $v0 $v1 $a0 $a1 $a2 $a3 $t0 $t1 $t2 $t3 $t4 $t5 $t6 $t7 $s0 $s1 $s2 $s3 $s4 $s5 $s6 $t8 $t9 $ra
$ra: $v0 $s0 $s1 $s2 $s3 $s4 $s5 $s6 $s7 $sp $ra
###### Move graph
$v0: $v0 $v1
$v1: $v0
$a0: $s0
$s0: $a0
palette :  $v0 $v1 $a0 $a1 $a2 $a3 $t0 $t1 $t2 $t3 $t4 $t5 $t6 $t7 $s0 $s1 $s2 $s3 $s4 $s5 $s6 $s7 $t8 $t9 $ra
Spills: 
hi
################## LIVENESS: _distance
################## INTERFERENCE GRAPH 
$v0: $v0 $a0 $s0 $s1 $s2 $s3 $s4 $s5 $s6 $s7 $ra $x21 $x22 $x23 $x24 $x25 $x26 $x27 $x28 $x29 $x30 $x31 $x32 $x33 $x34 $x35 $x36 $x37 $x38 $x39 $x40 $x41 $x42 $x43 $x44 $x45 $x46 $x47 $x48
$v1: $a0 $x21 $x22 $x23 $x24 $x25 $x26 $x27 $x28 $x29 $x30 $x31 $x32 $x33 $x34 $x35 $x36 $x37 $x38 $x39 $x40 $x41 $x42 $x43 $x44 $x45 $x46 $x47 $x48
$a0: $v0 $v1 $a0 $a1 $a2 $a3 $t0 $t1 $t2 $t3 $t4 $t5 $t6 $t7 $t8 $t9 $ra $x21 $x22 $x23 $x24 $x25 $x26 $x27 $x28 $x29 $x33
$a1: $a0 $x21 $x22 $x23 $x24 $x25 $x26 $x27 $x28 $x29 $x30 $x31 $x32 $x33 $x34 $x35 $x36 $x37 $x38 $x39 $x40 $x41 $x42 $x43 $x44 $x45 $x46 $x47 $x48
$a2: $a0 $x21 $x22 $x23 $x24 $x25 $x26 $x27 $x28 $x29 $x30 $x31 $x32 $x33 $x34 $x35 $x36 $x37 $x38 $x39 $x40 $x41 $x42 $x43 $x44 $x45 $x46 $x47 $x48
$a3: $a0 $x21 $x22 $x23 $x24 $x25 $x26 $x27 $x28 $x29 $x30 $x31 $x32 $x33 $x34 $x35 $x36 $x37 $x38 $x39 $x40 $x41 $x42 $x43 $x44 $x45 $x46 $x47 $x48
$t0: $a0 $x21 $x22 $x23 $x24 $x25 $x26 $x27 $x28 $x29 $x30 $x31 $x32 $x33 $x34 $x35 $x36 $x37 $x38 $x39 $x40 $x41 $x42 $x43 $x44 $x45 $x46 $x47 $x48
$t1: $a0 $x21 $x22 $x23 $x24 $x25 $x26 $x27 $x28 $x29 $x30 $x31 $x32 $x33 $x34 $x35 $x36 $x37 $x38 $x39 $x40 $x41 $x42 $x43 $x44 $x45 $x46 $x47 $x48
$t2: $a0 $x21 $x22 $x23 $x24 $x25 $x26 $x27 $x28 $x29 $x30 $x31 $x32 $x33 $x34 $x35 $x36 $x37 $x38 $x39 $x40 $x41 $x42 $x43 $x44 $x45 $x46 $x47 $x48
$t3: $a0 $x21 $x22 $x23 $x24 $x25 $x26 $x27 $x28 $x29 $x30 $x31 $x32 $x33 $x34 $x35 $x36 $x37 $x38 $x39 $x40 $x41 $x42 $x43 $x44 $x45 $x46 $x47 $x48
$t4: $a0 $x21 $x22 $x23 $x24 $x25 $x26 $x27 $x28 $x29 $x30 $x31 $x32 $x33 $x34 $x35 $x36 $x37 $x38 $x39 $x40 $x41 $x42 $x43 $x44 $x45 $x46 $x47 $x48
$t5: $a0 $x21 $x22 $x23 $x24 $x25 $x26 $x27 $x28 $x29 $x30 $x31 $x32 $x33 $x34 $x35 $x36 $x37 $x38 $x39 $x40 $x41 $x42 $x43 $x44 $x45 $x46 $x47 $x48
$t6: $a0 $x21 $x22 $x23 $x24 $x25 $x26 $x27 $x28 $x29 $x30 $x31 $x32 $x33 $x34 $x35 $x36 $x37 $x38 $x39 $x40 $x41 $x42 $x43 $x44 $x45 $x46 $x47 $x48
$t7: $a0 $x21 $x22 $x23 $x24 $x25 $x26 $x27 $x28 $x29 $x30 $x31 $x32 $x33 $x34 $x35 $x36 $x37 $x38 $x39 $x40 $x41 $x42 $x43 $x44 $x45 $x46 $x47 $x48
$s0: $v0 $s0 $s1 $s2 $s3 $s4 $s5 $s6 $s7 $ra $x21 $x23 $x24 $x25 $x26 $x27 $x28 $x29
$s1: $v0 $s0 $s1 $s2 $s3 $s4 $s5 $s6 $s7 $ra $x21 $x22 $x24 $x25 $x26 $x27 $x28 $x29
$s2: $v0 $s0 $s1 $s2 $s3 $s4 $s5 $s6 $s7 $ra $x21 $x22 $x23 $x25 $x26 $x27 $x28 $x29
$s3: $v0 $s0 $s1 $s2 $s3 $s4 $s5 $s6 $s7 $ra $x21 $x22 $x23 $x24 $x26 $x27 $x28 $x29
$s4: $v0 $s0 $s1 $s2 $s3 $s4 $s5 $s6 $s7 $ra $x21 $x22 $x23 $x24 $x25 $x27 $x28 $x29
$s5: $v0 $s0 $s1 $s2 $s3 $s4 $s5 $s6 $s7 $ra $x21 $x22 $x23 $x24 $x25 $x26 $x28 $x29
$s6: $v0 $s0 $s1 $s2 $s3 $s4 $s5 $s6 $s7 $ra $x21 $x22 $x23 $x24 $x25 $x26 $x27 $x29
$s7: $v0 $s0 $s1 $s2 $s3 $s4 $s5 $s6 $s7 $ra $x21 $x22 $x23 $x24 $x25 $x26 $x27 $x28
$t8: $a0 $x21 $x22 $x23 $x24 $x25 $x26 $x27 $x28 $x29 $x30 $x31 $x32 $x33 $x34 $x35 $x36 $x37 $x38 $x39 $x40 $x41 $x42 $x43 $x44 $x45 $x46 $x47 $x48
$t9: $a0 $x21 $x22 $x23 $x24 $x25 $x26 $x27 $x28 $x29 $x30 $x31 $x32 $x33 $x34 $x35 $x36 $x37 $x38 $x39 $x40 $x41 $x42 $x43 $x44 $x45 $x46 $x47 $x48
$ra: $v0 $a0 $s0 $s1 $s2 $s3 $s4 $s5 $s6 $s7 $ra $x21 $x22 $x23 $x24 $x25 $x26 $x27 $x28 $x29 $x30 $x31 $x32 $x33 $x34 $x35 $x36 $x37 $x38 $x39 $x40 $x41 $x42 $x43 $x44 $x45 $x46 $x47 $x48
$x21: $v0 $v1 $a0 $a1 $a2 $a3 $t0 $t1 $t2 $t3 $t4 $t5 $t6 $t7 $s0 $s1 $s2 $s3 $s4 $s5 $s6 $s7 $t8 $t9 $ra $x21 $x22 $x23 $x24 $x25 $x26 $x27 $x28 $x29 $x30 $x31 $x32 $x33 $x34 $x35 $x36 $x37 $x38 $x39 $x40 $x41 $x42 $x43 $x44 $x45 $x46 $x47 $x48 $x49
$x22: $v0 $v1 $a0 $a1 $a2 $a3 $t0 $t1 $t2 $t3 $t4 $t5 $t6 $t7 $s1 $s2 $s3 $s4 $s5 $s6 $s7 $t8 $t9 $ra $x21 $x22 $x23 $x24 $x25 $x26 $x27 $x28 $x29 $x30 $x31 $x32 $x33 $x34 $x35 $x36 $x37 $x38 $x39 $x40 $x41 $x42 $x43 $x44 $x45 $x46 $x47 $x48 $x49
$x23: $v0 $v1 $a0 $a1 $a2 $a3 $t0 $t1 $t2 $t3 $t4 $t5 $t6 $t7 $s0 $s2 $s3 $s4 $s5 $s6 $s7 $t8 $t9 $ra $x21 $x22 $x23 $x24 $x25 $x26 $x27 $x28 $x29 $x30 $x31 $x32 $x33 $x34 $x35 $x36 $x37 $x38 $x39 $x40 $x41 $x42 $x43 $x44 $x45 $x46 $x47 $x48 $x49
$x24: $v0 $v1 $a0 $a1 $a2 $a3 $t0 $t1 $t2 $t3 $t4 $t5 $t6 $t7 $s0 $s1 $s3 $s4 $s5 $s6 $s7 $t8 $t9 $ra $x21 $x22 $x23 $x24 $x25 $x26 $x27 $x28 $x29 $x30 $x31 $x32 $x33 $x34 $x35 $x36 $x37 $x38 $x39 $x40 $x41 $x42 $x43 $x44 $x45 $x46 $x47 $x48 $x49
$x25: $v0 $v1 $a0 $a1 $a2 $a3 $t0 $t1 $t2 $t3 $t4 $t5 $t6 $t7 $s0 $s1 $s2 $s4 $s5 $s6 $s7 $t8 $t9 $ra $x21 $x22 $x23 $x24 $x25 $x26 $x27 $x28 $x29 $x30 $x31 $x32 $x33 $x34 $x35 $x36 $x37 $x38 $x39 $x40 $x41 $x42 $x43 $x44 $x45 $x46 $x47 $x48 $x49
$x26: $v0 $v1 $a0 $a1 $a2 $a3 $t0 $t1 $t2 $t3 $t4 $t5 $t6 $t7 $s0 $s1 $s2 $s3 $s5 $s6 $s7 $t8 $t9 $ra $x21 $x22 $x23 $x24 $x25 $x26 $x27 $x28 $x29 $x30 $x31 $x32 $x33 $x34 $x35 $x36 $x37 $x38 $x39 $x40 $x41 $x42 $x43 $x44 $x45 $x46 $x47 $x48 $x49
$x27: $v0 $v1 $a0 $a1 $a2 $a3 $t0 $t1 $t2 $t3 $t4 $t5 $t6 $t7 $s0 $s1 $s2 $s3 $s4 $s6 $s7 $t8 $t9 $ra $x21 $x22 $x23 $x24 $x25 $x26 $x27 $x28 $x29 $x30 $x31 $x32 $x33 $x34 $x35 $x36 $x37 $x38 $x39 $x40 $x41 $x42 $x43 $x44 $x45 $x46 $x47 $x48 $x49
$x28: $v0 $v1 $a0 $a1 $a2 $a3 $t0 $t1 $t2 $t3 $t4 $t5 $t6 $t7 $s0 $s1 $s2 $s3 $s4 $s5 $s7 $t8 $t9 $ra $x21 $x22 $x23 $x24 $x25 $x26 $x27 $x28 $x29 $x30 $x31 $x32 $x33 $x34 $x35 $x36 $x37 $x38 $x39 $x40 $x41 $x42 $x43 $x44 $x45 $x46 $x47 $x48 $x49
$x29: $v0 $v1 $a0 $a1 $a2 $a3 $t0 $t1 $t2 $t3 $t4 $t5 $t6 $t7 $s0 $s1 $s2 $s3 $s4 $s5 $s6 $t8 $t9 $ra $x21 $x22 $x23 $x24 $x25 $x26 $x27 $x28 $x29 $x30 $x31 $x32 $x33 $x34 $x35 $x36 $x37 $x38 $x39 $x40 $x41 $x42 $x43 $x44 $x45 $x46 $x47 $x48 $x49
$x30: $v0 $v1 $a1 $a2 $a3 $t0 $t1 $t2 $t3 $t4 $t5 $t6 $t7 $t8 $t9 $ra $x21 $x22 $x23 $x24 $x25 $x26 $x27 $x28 $x29 $x30 $x31
$x31: $v0 $v1 $a1 $a2 $a3 $t0 $t1 $t2 $t3 $t4 $t5 $t6 $t7 $t8 $t9 $ra $x21 $x22 $x23 $x24 $x25 $x26 $x27 $x28 $x29 $x30 $x31 $x32 $x33 $x35 $x36 $x37 $x38 $x39 $x40 $x41 $x43 $x44 $x45 $x47
$x32: $v0 $v1 $a1 $a2 $a3 $t0 $t1 $t2 $t3 $t4 $t5 $t6 $t7 $t8 $t9 $ra $x21 $x22 $x23 $x24 $x25 $x26 $x27 $x28 $x29 $x31 $x32 $x33 $x35 $x36 $x37 $x38 $x39 $x40 $x41 $x43 $x44 $x45
$x33: $v0 $v1 $a0 $a1 $a2 $a3 $t0 $t1 $t2 $t3 $t4 $t5 $t6 $t7 $t8 $t9 $ra $x21 $x22 $x23 $x24 $x25 $x26 $x27 $x28 $x29 $x31 $x32 $x33 $x34 $x35 $x36 $x37 $x38 $x39 $x40 $x41 $x42 $x43 $x44 $x45 $x46 $x47 $x48
$x34: $v0 $v1 $a1 $a2 $a3 $t0 $t1 $t2 $t3 $t4 $t5 $t6 $t7 $t8 $t9 $ra $x21 $x22 $x23 $x24 $x25 $x26 $x27 $x28 $x29 $x33 $x34
$x35: $v0 $v1 $a1 $a2 $a3 $t0 $t1 $t2 $t3 $t4 $t5 $t6 $t7 $t8 $t9 $ra $x21 $x22 $x23 $x24 $x25 $x26 $x27 $x28 $x29 $x31 $x32 $x33 $x35 $x42 $x43 $x44 $x45 $x46 $x47 $x48
$x36: $v0 $v1 $a1 $a2 $a3 $t0 $t1 $t2 $t3 $t4 $t5 $t6 $t7 $t8 $t9 $ra $x21 $x22 $x23 $x24 $x25 $x26 $x27 $x28 $x29 $x31 $x32 $x33 $x36 $x39 $x40 $x41
$x37: $v0 $v1 $a1 $a2 $a3 $t0 $t1 $t2 $t3 $t4 $t5 $t6 $t7 $t8 $t9 $ra $x21 $x22 $x23 $x24 $x25 $x26 $x27 $x28 $x29 $x31 $x32 $x33 $x37 $x38
$x38: $v0 $v1 $a1 $a2 $a3 $t0 $t1 $t2 $t3 $t4 $t5 $t6 $t7 $t8 $t9 $ra $x21 $x22 $x23 $x24 $x25 $x26 $x27 $x28 $x29 $x31 $x32 $x33 $x37 $x38
$x39: $v0 $v1 $a1 $a2 $a3 $t0 $t1 $t2 $t3 $t4 $t5 $t6 $t7 $t8 $t9 $ra $x21 $x22 $x23 $x24 $x25 $x26 $x27 $x28 $x29 $x31 $x32 $x33 $x36 $x39
$x40: $v0 $v1 $a1 $a2 $a3 $t0 $t1 $t2 $t3 $t4 $t5 $t6 $t7 $t8 $t9 $ra $x21 $x22 $x23 $x24 $x25 $x26 $x27 $x28 $x29 $x31 $x32 $x33 $x36 $x40 $x41
$x41: $v0 $v1 $a1 $a2 $a3 $t0 $t1 $t2 $t3 $t4 $t5 $t6 $t7 $t8 $t9 $ra $x21 $x22 $x23 $x24 $x25 $x26 $x27 $x28 $x29 $x31 $x32 $x33 $x36 $x40 $x41
$x42: $v0 $v1 $a1 $a2 $a3 $t0 $t1 $t2 $t3 $t4 $t5 $t6 $t7 $t8 $t9 $ra $x21 $x22 $x23 $x24 $x25 $x26 $x27 $x28 $x29 $x33 $x35 $x42
$x43: $v0 $v1 $a1 $a2 $a3 $t0 $t1 $t2 $t3 $t4 $t5 $t6 $t7 $t8 $t9 $ra $x21 $x22 $x23 $x24 $x25 $x26 $x27 $x28 $x29 $x31 $x32 $x33 $x35 $x43 $x46 $x47 $x48
$x44: $v0 $v1 $a1 $a2 $a3 $t0 $t1 $t2 $t3 $t4 $t5 $t6 $t7 $t8 $t9 $ra $x21 $x22 $x23 $x24 $x25 $x26 $x27 $x28 $x29 $x31 $x32 $x33 $x35 $x44 $x45
$x45: $v0 $v1 $a1 $a2 $a3 $t0 $t1 $t2 $t3 $t4 $t5 $t6 $t7 $t8 $t9 $ra $x21 $x22 $x23 $x24 $x25 $x26 $x27 $x28 $x29 $x31 $x32 $x33 $x35 $x44 $x45
$x46: $v0 $v1 $a1 $a2 $a3 $t0 $t1 $t2 $t3 $t4 $t5 $t6 $t7 $t8 $t9 $ra $x21 $x22 $x23 $x24 $x25 $x26 $x27 $x28 $x29 $x33 $x35 $x43 $x46
$x47: $v0 $v1 $a1 $a2 $a3 $t0 $t1 $t2 $t3 $t4 $t5 $t6 $t7 $t8 $t9 $ra $x21 $x22 $x23 $x24 $x25 $x26 $x27 $x28 $x29 $x31 $x33 $x35 $x43 $x47 $x48
$x48: $v0 $v1 $a1 $a2 $a3 $t0 $t1 $t2 $t3 $t4 $t5 $t6 $t7 $t8 $t9 $ra $x21 $x22 $x23 $x24 $x25 $x26 $x27 $x28 $x29 $x33 $x35 $x43 $x47 $x48
$x49: $x21 $x22 $x23 $x24 $x25 $x26 $x27 $x28 $x29 $x49
###### Move graph
$v0: $x49
$a0: $x30 $x34
$s0: $x22
$s1: $x23
$s2: $x24
$s3: $x25
$s4: $x26
$s5: $x27
$s6: $x28
$s7: $x29
$ra: $x21
$x21: $ra
$x22: $s0
$x23: $s1
$x24: $s2
$x25: $s3
$x26: $s4
$x27: $s5
$x28: $s6
$x29: $s7
$x30: $a0
$x34: $a0
$x49: $v0
palette :  $v0 $v1 $a0 $a1 $a2 $a3 $t0 $t1 $t2 $t3 $t4 $t5 $t6 $t7 $s0 $s1 $s2 $s3 $s4 $s5 $s6 $s7 $t8 $t9 $ra
lowdegs :  $x49
palette :  $v0 $v1 $a0 $a1 $a2 $a3 $t0 $t1 $t2 $t3 $t4 $t5 $t6 $t7 $s0 $s1 $s2 $s3 $s4 $s5 $s6 $s7 $t8 $t9 $ra
highdegs :  $x21 $x22 $x23 $x24 $x25 $x26 $x27 $x28 $x29 $x30 $x31 $x32 $x33 $x34 $x35 $x36 $x37 $x38 $x39 $x40 $x41 $x42 $x43 $x44 $x45 $x46 $x47 $x48
reg : $x21reg adj $v0 $v1 $a0 $a1 $a2 $a3 $t0 $t1 $t2 $t3 $t4 $t5 $t6 $t7 $s0 $s1 $s2 $s3 $s4 $s5 $s6 $s7 $t8 $t9 $ra $x21 $x22 $x23 $x24 $x25 $x26 $x27 $x28 $x29 $x30 $x31 $x32 $x33 $x34 $x35 $x36 $x37 $x38 $x39 $x40 $x41 $x42 $x43 $x44 $x45 $x46 $x47 $x48
palette :  $v0 $v1 $a0 $a1 $a2 $a3 $t0 $t1 $t2 $t3 $t4 $t5 $t6 $t7 $s0 $s1 $s2 $s3 $s4 $s5 $s6 $s7 $t8 $t9 $ra
highdegs :  $x22 $x23 $x24 $x25 $x26 $x27 $x28 $x29 $x30 $x31 $x32 $x33 $x34 $x35 $x36 $x37 $x38 $x39 $x40 $x41 $x42 $x43 $x44 $x45 $x46 $x47 $x48
reg : $x29reg adj $v0 $v1 $a0 $a1 $a2 $a3 $t0 $t1 $t2 $t3 $t4 $t5 $t6 $t7 $s0 $s1 $s2 $s3 $s4 $s5 $s6 $t8 $t9 $ra $x22 $x23 $x24 $x25 $x26 $x27 $x28 $x29 $x30 $x31 $x32 $x33 $x34 $x35 $x36 $x37 $x38 $x39 $x40 $x41 $x42 $x43 $x44 $x45 $x46 $x47 $x48
palette :  $v0 $v1 $a0 $a1 $a2 $a3 $t0 $t1 $t2 $t3 $t4 $t5 $t6 $t7 $s0 $s1 $s2 $s3 $s4 $s5 $s6 $s7 $t8 $t9 $ra
highdegs :  $x22 $x23 $x24 $x25 $x26 $x27 $x28 $x30 $x31 $x32 $x33 $x34 $x35 $x36 $x37 $x38 $x39 $x40 $x41 $x42 $x43 $x44 $x45 $x46 $x47 $x48
reg : $x28reg adj $v0 $v1 $a0 $a1 $a2 $a3 $t0 $t1 $t2 $t3 $t4 $t5 $t6 $t7 $s0 $s1 $s2 $s3 $s4 $s5 $s7 $t8 $t9 $ra $x22 $x23 $x24 $x25 $x26 $x27 $x28 $x30 $x31 $x32 $x33 $x34 $x35 $x36 $x37 $x38 $x39 $x40 $x41 $x42 $x43 $x44 $x45 $x46 $x47 $x48
palette :  $v0 $v1 $a0 $a1 $a2 $a3 $t0 $t1 $t2 $t3 $t4 $t5 $t6 $t7 $s0 $s1 $s2 $s3 $s4 $s5 $s6 $s7 $t8 $t9 $ra
lowdegs :  $x30 $x34
palette :  $v0 $v1 $a0 $a1 $a2 $a3 $t0 $t1 $t2 $t3 $t4 $t5 $t6 $t7 $s0 $s1 $s2 $s3 $s4 $s5 $s6 $s7 $t8 $t9 $ra
highdegs :  $x22 $x23 $x24 $x25 $x26 $x27 $x31 $x32 $x33 $x35 $x36 $x37 $x38 $x39 $x40 $x41 $x42 $x43 $x44 $x45 $x46 $x47 $x48
reg : $x27reg adj $v0 $v1 $a0 $a1 $a2 $a3 $t0 $t1 $t2 $t3 $t4 $t5 $t6 $t7 $s0 $s1 $s2 $s3 $s4 $s6 $s7 $t8 $t9 $ra $x22 $x23 $x24 $x25 $x26 $x27 $x31 $x32 $x33 $x35 $x36 $x37 $x38 $x39 $x40 $x41 $x42 $x43 $x44 $x45 $x46 $x47 $x48
palette :  $v0 $v1 $a0 $a1 $a2 $a3 $t0 $t1 $t2 $t3 $t4 $t5 $t6 $t7 $s0 $s1 $s2 $s3 $s4 $s5 $s6 $s7 $t8 $t9 $ra
lowdegs :  $x42
palette :  $v0 $v1 $a0 $a1 $a2 $a3 $t0 $t1 $t2 $t3 $t4 $t5 $t6 $t7 $s0 $s1 $s2 $s3 $s4 $s5 $s6 $s7 $t8 $t9 $ra
highdegs :  $x22 $x23 $x24 $x25 $x26 $x31 $x32 $x33 $x35 $x36 $x37 $x38 $x39 $x40 $x41 $x43 $x44 $x45 $x46 $x47 $x48
reg : $x26reg adj $v0 $v1 $a0 $a1 $a2 $a3 $t0 $t1 $t2 $t3 $t4 $t5 $t6 $t7 $s0 $s1 $s2 $s3 $s5 $s6 $s7 $t8 $t9 $ra $x22 $x23 $x24 $x25 $x26 $x31 $x32 $x33 $x35 $x36 $x37 $x38 $x39 $x40 $x41 $x43 $x44 $x45 $x46 $x47 $x48
palette :  $v0 $v1 $a0 $a1 $a2 $a3 $t0 $t1 $t2 $t3 $t4 $t5 $t6 $t7 $s0 $s1 $s2 $s3 $s4 $s5 $s6 $s7 $t8 $t9 $ra
lowdegs :  $x46
palette :  $v0 $v1 $a0 $a1 $a2 $a3 $t0 $t1 $t2 $t3 $t4 $t5 $t6 $t7 $s0 $s1 $s2 $s3 $s4 $s5 $s6 $s7 $t8 $t9 $ra
highdegs :  $x22 $x23 $x24 $x25 $x31 $x32 $x33 $x35 $x36 $x37 $x38 $x39 $x40 $x41 $x43 $x44 $x45 $x47 $x48
reg : $x25reg adj $v0 $v1 $a0 $a1 $a2 $a3 $t0 $t1 $t2 $t3 $t4 $t5 $t6 $t7 $s0 $s1 $s2 $s4 $s5 $s6 $s7 $t8 $t9 $ra $x22 $x23 $x24 $x25 $x31 $x32 $x33 $x35 $x36 $x37 $x38 $x39 $x40 $x41 $x43 $x44 $x45 $x47 $x48
palette :  $v0 $v1 $a0 $a1 $a2 $a3 $t0 $t1 $t2 $t3 $t4 $t5 $t6 $t7 $s0 $s1 $s2 $s3 $s4 $s5 $s6 $s7 $t8 $t9 $ra
lowdegs :  $x37 $x38 $x39 $x48
palette :  $v0 $v1 $a0 $a1 $a2 $a3 $t0 $t1 $t2 $t3 $t4 $t5 $t6 $t7 $s0 $s1 $s2 $s3 $s4 $s5 $s6 $s7 $t8 $t9 $ra
lowdegs :  $x47
palette :  $v0 $v1 $a0 $a1 $a2 $a3 $t0 $t1 $t2 $t3 $t4 $t5 $t6 $t7 $s0 $s1 $s2 $s3 $s4 $s5 $s6 $s7 $t8 $t9 $ra
lowdegs :  $x43
palette :  $v0 $v1 $a0 $a1 $a2 $a3 $t0 $t1 $t2 $t3 $t4 $t5 $t6 $t7 $s0 $s1 $s2 $s3 $s4 $s5 $s6 $s7 $t8 $t9 $ra
highdegs :  $x22 $x23 $x24 $x31 $x32 $x33 $x35 $x36 $x40 $x41 $x44 $x45
reg : $x24reg adj $v0 $v1 $a0 $a1 $a2 $a3 $t0 $t1 $t2 $t3 $t4 $t5 $t6 $t7 $s0 $s1 $s3 $s4 $s5 $s6 $s7 $t8 $t9 $ra $x22 $x23 $x24 $x31 $x32 $x33 $x35 $x36 $x40 $x41 $x44 $x45
palette :  $v0 $v1 $a0 $a1 $a2 $a3 $t0 $t1 $t2 $t3 $t4 $t5 $t6 $t7 $s0 $s1 $s2 $s3 $s4 $s5 $s6 $s7 $t8 $t9 $ra
lowdegs :  $x35 $x36 $x40 $x41 $x44 $x45
palette :  $v0 $v1 $a0 $a1 $a2 $a3 $t0 $t1 $t2 $t3 $t4 $t5 $t6 $t7 $s0 $s1 $s2 $s3 $s4 $s5 $s6 $s7 $t8 $t9 $ra
lowdegs :  $x31 $x32 $x33
palette :  $v0 $v1 $a0 $a1 $a2 $a3 $t0 $t1 $t2 $t3 $t4 $t5 $t6 $t7 $s0 $s1 $s2 $s3 $s4 $s5 $s6 $s7 $t8 $t9 $ra
highdegs :  $x22 $x23
reg : $x23reg adj $v0 $v1 $a0 $a1 $a2 $a3 $t0 $t1 $t2 $t3 $t4 $t5 $t6 $t7 $s0 $s2 $s3 $s4 $s5 $s6 $s7 $t8 $t9 $ra $x22 $x23
palette :  $v0 $v1 $a0 $a1 $a2 $a3 $t0 $t1 $t2 $t3 $t4 $t5 $t6 $t7 $s0 $s1 $s2 $s3 $s4 $s5 $s6 $s7 $t8 $t9 $ra
highdegs :  $x22
reg : $x22reg adj $v0 $v1 $a0 $a1 $a2 $a3 $t0 $t1 $t2 $t3 $t4 $t5 $t6 $t7 $s1 $s2 $s3 $s4 $s5 $s6 $s7 $t8 $t9 $ra $x22
palette :  $v0 $v1 $a0 $a1 $a2 $a3 $t0 $t1 $t2 $t3 $t4 $t5 $t6 $t7 $s0 $s1 $s2 $s3 $s4 $s5 $s6 $s7 $t8 $t9 $ra
stack :  $x31 $x32 $x33 $x35 $x36 $x40 $x41 $x44 $x45 $x43 $x47 $x37 $x38 $x39 $x48 $x46 $x42 $x30 $x34 $x49
getalias : $x31$x31$a0hi
spillset :  $x21 $x22 $x23 $x24 $x25 $x26 $x27 $x28 $x29
stack :  $x32 $x33 $x35 $x36 $x40 $x41 $x44 $x45 $x43 $x47 $x37 $x38 $x39 $x48 $x46 $x42 $x30 $x34 $x49
getalias : $x32$x32$s0hi
spillset :  $x21 $x22 $x23 $x24 $x25 $x26 $x27 $x28 $x29
stack :  $x33 $x35 $x36 $x40 $x41 $x44 $x45 $x43 $x47 $x37 $x38 $x39 $x48 $x46 $x42 $x30 $x34 $x49
getalias : $x33$x33$s1hi
spillset :  $x21 $x22 $x23 $x24 $x25 $x26 $x27 $x28 $x29
stack :  $x35 $x36 $x40 $x41 $x44 $x45 $x43 $x47 $x37 $x38 $x39 $x48 $x46 $x42 $x30 $x34 $x49
getalias : $x35$x35$s2hi
spillset :  $x21 $x22 $x23 $x24 $x25 $x26 $x27 $x28 $x29
stack :  $x36 $x40 $x41 $x44 $x45 $x43 $x47 $x37 $x38 $x39 $x48 $x46 $x42 $x30 $x34 $x49
getalias : $x36$x36$s2hi
spillset :  $x21 $x22 $x23 $x24 $x25 $x26 $x27 $x28 $x29
stack :  $x40 $x41 $x44 $x45 $x43 $x47 $x37 $x38 $x39 $x48 $x46 $x42 $x30 $x34 $x49
getalias : $x40$x40$s3hi
spillset :  $x21 $x22 $x23 $x24 $x25 $x26 $x27 $x28 $x29
stack :  $x41 $x44 $x45 $x43 $x47 $x37 $x38 $x39 $x48 $x46 $x42 $x30 $x34 $x49
getalias : $x41$x41$s4hi
spillset :  $x21 $x22 $x23 $x24 $x25 $x26 $x27 $x28 $x29
stack :  $x44 $x45 $x43 $x47 $x37 $x38 $x39 $x48 $x46 $x42 $x30 $x34 $x49
getalias : $x44$x44$s3hi
spillset :  $x21 $x22 $x23 $x24 $x25 $x26 $x27 $x28 $x29
stack :  $x45 $x43 $x47 $x37 $x38 $x39 $x48 $x46 $x42 $x30 $x34 $x49
getalias : $x45$x45$s4hi
spillset :  $x21 $x22 $x23 $x24 $x25 $x26 $x27 $x28 $x29
stack :  $x43 $x47 $x37 $x38 $x39 $x48 $x46 $x42 $x30 $x34 $x49
getalias : $x43$x43$s3hi
spillset :  $x21 $x22 $x23 $x24 $x25 $x26 $x27 $x28 $x29
stack :  $x47 $x37 $x38 $x39 $x48 $x46 $x42 $x30 $x34 $x49
getalias : $x47$x47$s0hi
spillset :  $x21 $x22 $x23 $x24 $x25 $x26 $x27 $x28 $x29
stack :  $x37 $x38 $x39 $x48 $x46 $x42 $x30 $x34 $x49
getalias : $x37$x37$s2hi
spillset :  $x21 $x22 $x23 $x24 $x25 $x26 $x27 $x28 $x29
stack :  $x38 $x39 $x48 $x46 $x42 $x30 $x34 $x49
getalias : $x38$x38$s3hi
spillset :  $x21 $x22 $x23 $x24 $x25 $x26 $x27 $x28 $x29
stack :  $x39 $x48 $x46 $x42 $x30 $x34 $x49
getalias : $x39$x39$s3hi
spillset :  $x21 $x22 $x23 $x24 $x25 $x26 $x27 $x28 $x29
stack :  $x48 $x46 $x42 $x30 $x34 $x49
getalias : $x48$x48$a0hi
spillset :  $x21 $x22 $x23 $x24 $x25 $x26 $x27 $x28 $x29
stack :  $x46 $x42 $x30 $x34 $x49
getalias : $x46$x46$a0hi
spillset :  $x21 $x22 $x23 $x24 $x25 $x26 $x27 $x28 $x29
stack :  $x42 $x30 $x34 $x49
getalias : $x42$x42$a0hi
spillset :  $x21 $x22 $x23 $x24 $x25 $x26 $x27 $x28 $x29
stack :  $x30 $x34 $x49
getalias : $x30$x30$s0hi
spillset :  $x21 $x22 $x23 $x24 $x25 $x26 $x27 $x28 $x29
stack :  $x34 $x49
getalias : $x34$x34$a0hi
spillset :  $x21 $x22 $x23 $x24 $x25 $x26 $x27 $x28 $x29
stack :  $x49
getalias : $x49$x49$v0hi
spillset :  $x21 $x22 $x23 $x24 $x25 $x26 $x27 $x28 $x29
Register Allocation verified.
Spills: $x21 $x22 $x23 $x24 $x25 $x26 $x27 $x28 $x29 
rename_regs : $x30rename_regs : $x31rename_regs : $x30rename_regs : $x32rename_regs : $x30rename_regs : $x33rename_regs : $x37rename_regs : $x32rename_regs : $x38rename_regs : $x31rename_regs : $x36rename_regs : $x38rename_regs : $x37rename_regs : $x40rename_regs : $x32rename_regs : $x41rename_regs : $x31rename_regs : $x39rename_regs : $x41rename_regs : $x40rename_regs : $x35rename_regs : $x36rename_regs : $x39rename_regs : $x44rename_regs : $x32rename_regs : $x45rename_regs : $x31rename_regs : $x43rename_regs : $x45rename_regs : $x44rename_regs : $x47rename_regs : $x32rename_regs : $x48rename_regs : $x31rename_regs : $x46rename_regs : $x48rename_regs : $x47rename_regs : $x42rename_regs : $x43rename_regs : $x46rename_regs : $x34rename_regs : $x35rename_regs : $x42rename_regs : $x34rename_regs : $x33rename_regs : $x49rename_regs : $x49################## LIVENESS: _distance
################## INTERFERENCE GRAPH 
$v0: $v0 $a0 $s0 $s1 $s2 $s3 $s4 $s5 $s6 $s7 $sp $ra
$v1: $a0 $s0 $s1 $s2 $s3 $s4
$a0: $v0 $v1 $a0 $a1 $a2 $a3 $t0 $t1 $t2 $t3 $t4 $t5 $t6 $t7 $s0 $s1 $s2 $s3 $s4 $t8 $t9 $sp $ra
$a1: $a0 $s0 $s1 $s2 $s3 $s4
$a2: $a0 $s0 $s1 $s2 $s3 $s4
$a3: $a0 $s0 $s1 $s2 $s3 $s4
$t0: $a0 $s0 $s1 $s2 $s3 $s4
$t1: $a0 $s0 $s1 $s2 $s3 $s4
$t2: $a0 $s0 $s1 $s2 $s3 $s4
$t3: $a0 $s0 $s1 $s2 $s3 $s4
$t4: $a0 $s0 $s1 $s2 $s3 $s4
$t5: $a0 $s0 $s1 $s2 $s3 $s4
$t6: $a0 $s0 $s1 $s2 $s3 $s4
$t7: $a0 $s0 $s1 $s2 $s3 $s4
$s0: $v0 $v1 $a0 $a1 $a2 $a3 $t0 $t1 $t2 $t3 $t4 $t5 $t6 $t7 $s0 $s1 $s2 $s3 $s4 $s5 $s6 $s7 $t8 $t9 $sp $ra
$s1: $v0 $v1 $a0 $a1 $a2 $a3 $t0 $t1 $t2 $t3 $t4 $t5 $t6 $t7 $s0 $s1 $s2 $s3 $s4 $s5 $s6 $s7 $t8 $t9 $sp $ra
$s2: $v0 $v1 $a0 $a1 $a2 $a3 $t0 $t1 $t2 $t3 $t4 $t5 $t6 $t7 $s0 $s1 $s2 $s3 $s4 $s5 $s6 $s7 $t8 $t9 $sp $ra
$s3: $v0 $v1 $a0 $a1 $a2 $a3 $t0 $t1 $t2 $t3 $t4 $t5 $t6 $t7 $s0 $s1 $s2 $s3 $s4 $s5 $s6 $s7 $t8 $t9 $sp $ra
$s4: $v0 $v1 $a0 $a1 $a2 $a3 $t0 $t1 $t2 $t3 $t4 $t5 $t6 $t7 $s0 $s1 $s2 $s3 $s4 $s5 $s6 $s7 $t8 $t9 $sp $ra
$s5: $v0 $s0 $s1 $s2 $s3 $s4 $s5 $s6 $s7 $sp $ra
$s6: $v0 $s0 $s1 $s2 $s3 $s4 $s5 $s6 $s7 $sp $ra
$s7: $v0 $s0 $s1 $s2 $s3 $s4 $s5 $s6 $s7 $ra
$t8: $a0 $s0 $s1 $s2 $s3 $s4
$t9: $a0 $s0 $s1 $s2 $s3 $s4
$sp: $v0 $a0 $s0 $s1 $s2 $s3 $s4 $s5 $s6 $ra
$ra: $v0 $a0 $s0 $s1 $s2 $s3 $s4 $s5 $s6 $s7 $sp $ra
###### Move graph
$v0: $v0
$a0: $a0 $s0
$s0: $a0
palette :  $v0 $v1 $a0 $a1 $a2 $a3 $t0 $t1 $t2 $t3 $t4 $t5 $t6 $t7 $s0 $s1 $s2 $s3 $s4 $s5 $s6 $s7 $t8 $t9 $ra
Spills: 
hi
################## LIVENESS: _main
################## INTERFERENCE GRAPH 
$v0: $v0 $v1 $a0 $a1 $a2 $a3 $t0 $t1 $t2 $t3 $t4 $t5 $t6 $t7 $s0 $s1 $s2 $s3 $s4 $s5 $s6 $s7 $t8 $t9 $ra $x50 $x51 $x52 $x53 $x54 $x55 $x56 $x57 $x58 $x59 $x60 $x61 $x62 $x63 $x64 $x65 $x66 $x67 $x68 $x69
$v1: $v0 $v1 $a0 $a1 $a2 $a3 $t0 $t1 $t2 $t3 $t4 $t5 $t6 $t7 $t8 $t9 $ra $x50 $x51 $x52 $x53 $x54 $x55 $x56 $x57 $x58 $x60 $x61 $x62 $x66 $x67 $x68 $x69
$a0: $v0 $v1 $a0 $a1 $a2 $a3 $t0 $t1 $t2 $t3 $t4 $t5 $t6 $t7 $t8 $t9 $ra $x50 $x51 $x52 $x53 $x54 $x55 $x56 $x57 $x58 $x60 $x61 $x62
$a1: $v0 $v1 $a0 $a1 $a2 $a3 $t0 $t1 $t2 $t3 $t4 $t5 $t6 $t7 $t8 $t9 $ra $x50 $x51 $x52 $x53 $x54 $x55 $x56 $x57 $x58 $x60 $x61 $x62 $x66 $x67 $x68 $x69
$a2: $v0 $v1 $a0 $a1 $a2 $a3 $t0 $t1 $t2 $t3 $t4 $t5 $t6 $t7 $t8 $t9 $ra $x50 $x51 $x52 $x53 $x54 $x55 $x56 $x57 $x58 $x60 $x61 $x62 $x66 $x67 $x68 $x69
$a3: $v0 $v1 $a0 $a1 $a2 $a3 $t0 $t1 $t2 $t3 $t4 $t5 $t6 $t7 $t8 $t9 $ra $x50 $x51 $x52 $x53 $x54 $x55 $x56 $x57 $x58 $x60 $x61 $x62 $x66 $x67 $x68 $x69
$t0: $v0 $v1 $a0 $a1 $a2 $a3 $t0 $t1 $t2 $t3 $t4 $t5 $t6 $t7 $t8 $t9 $ra $x50 $x51 $x52 $x53 $x54 $x55 $x56 $x57 $x58 $x60 $x61 $x62 $x66 $x67 $x68 $x69
$t1: $v0 $v1 $a0 $a1 $a2 $a3 $t0 $t1 $t2 $t3 $t4 $t5 $t6 $t7 $t8 $t9 $ra $x50 $x51 $x52 $x53 $x54 $x55 $x56 $x57 $x58 $x60 $x61 $x62 $x66 $x67 $x68 $x69
$t2: $v0 $v1 $a0 $a1 $a2 $a3 $t0 $t1 $t2 $t3 $t4 $t5 $t6 $t7 $t8 $t9 $ra $x50 $x51 $x52 $x53 $x54 $x55 $x56 $x57 $x58 $x60 $x61 $x62 $x66 $x67 $x68 $x69
$t3: $v0 $v1 $a0 $a1 $a2 $a3 $t0 $t1 $t2 $t3 $t4 $t5 $t6 $t7 $t8 $t9 $ra $x50 $x51 $x52 $x53 $x54 $x55 $x56 $x57 $x58 $x60 $x61 $x62 $x66 $x67 $x68 $x69
$t4: $v0 $v1 $a0 $a1 $a2 $a3 $t0 $t1 $t2 $t3 $t4 $t5 $t6 $t7 $t8 $t9 $ra $x50 $x51 $x52 $x53 $x54 $x55 $x56 $x57 $x58 $x60 $x61 $x62 $x66 $x67 $x68 $x69
$t5: $v0 $v1 $a0 $a1 $a2 $a3 $t0 $t1 $t2 $t3 $t4 $t5 $t6 $t7 $t8 $t9 $ra $x50 $x51 $x52 $x53 $x54 $x55 $x56 $x57 $x58 $x60 $x61 $x62 $x66 $x67 $x68 $x69
$t6: $v0 $v1 $a0 $a1 $a2 $a3 $t0 $t1 $t2 $t3 $t4 $t5 $t6 $t7 $t8 $t9 $ra $x50 $x51 $x52 $x53 $x54 $x55 $x56 $x57 $x58 $x60 $x61 $x62 $x66 $x67 $x68 $x69
$t7: $v0 $v1 $a0 $a1 $a2 $a3 $t0 $t1 $t2 $t3 $t4 $t5 $t6 $t7 $t8 $t9 $ra $x50 $x51 $x52 $x53 $x54 $x55 $x56 $x57 $x58 $x60 $x61 $x62 $x66 $x67 $x68 $x69
$s0: $v0 $s0 $s1 $s2 $s3 $s4 $s5 $s6 $s7 $ra $x50 $x52 $x53 $x54 $x55 $x56 $x57 $x58
$s1: $v0 $s0 $s1 $s2 $s3 $s4 $s5 $s6 $s7 $ra $x50 $x51 $x53 $x54 $x55 $x56 $x57 $x58
$s2: $v0 $s0 $s1 $s2 $s3 $s4 $s5 $s6 $s7 $ra $x50 $x51 $x52 $x54 $x55 $x56 $x57 $x58
$s3: $v0 $s0 $s1 $s2 $s3 $s4 $s5 $s6 $s7 $ra $x50 $x51 $x52 $x53 $x55 $x56 $x57 $x58
$s4: $v0 $s0 $s1 $s2 $s3 $s4 $s5 $s6 $s7 $ra $x50 $x51 $x52 $x53 $x54 $x56 $x57 $x58
$s5: $v0 $s0 $s1 $s2 $s3 $s4 $s5 $s6 $s7 $ra $x50 $x51 $x52 $x53 $x54 $x55 $x57 $x58
$s6: $v0 $s0 $s1 $s2 $s3 $s4 $s5 $s6 $s7 $ra $x50 $x51 $x52 $x53 $x54 $x55 $x56 $x58
$s7: $v0 $s0 $s1 $s2 $s3 $s4 $s5 $s6 $s7 $ra $x50 $x51 $x52 $x53 $x54 $x55 $x56 $x57
$t8: $v0 $v1 $a0 $a1 $a2 $a3 $t0 $t1 $t2 $t3 $t4 $t5 $t6 $t7 $t8 $t9 $ra $x50 $x51 $x52 $x53 $x54 $x55 $x56 $x57 $x58 $x60 $x61 $x62 $x66 $x67 $x68 $x69
$t9: $v0 $v1 $a0 $a1 $a2 $a3 $t0 $t1 $t2 $t3 $t4 $t5 $t6 $t7 $t8 $t9 $ra $x50 $x51 $x52 $x53 $x54 $x55 $x56 $x57 $x58 $x60 $x61 $x62 $x66 $x67 $x68 $x69
$ra: $v0 $v1 $a0 $a1 $a2 $a3 $t0 $t1 $t2 $t3 $t4 $t5 $t6 $t7 $s0 $s1 $s2 $s3 $s4 $s5 $s6 $s7 $t8 $t9 $ra $x50 $x51 $x52 $x53 $x54 $x55 $x56 $x57 $x58 $x60 $x61 $x62 $x66 $x67 $x68 $x69
$x50: $v0 $v1 $a0 $a1 $a2 $a3 $t0 $t1 $t2 $t3 $t4 $t5 $t6 $t7 $s0 $s1 $s2 $s3 $s4 $s5 $s6 $s7 $t8 $t9 $ra $x50 $x51 $x52 $x53 $x54 $x55 $x56 $x57 $x58 $x59 $x60 $x61 $x62 $x63 $x64 $x65 $x66 $x67 $x68 $x69 $x70 $x71
$x51: $v0 $v1 $a0 $a1 $a2 $a3 $t0 $t1 $t2 $t3 $t4 $t5 $t6 $t7 $s1 $s2 $s3 $s4 $s5 $s6 $s7 $t8 $t9 $ra $x50 $x51 $x52 $x53 $x54 $x55 $x56 $x57 $x58 $x59 $x60 $x61 $x62 $x63 $x64 $x65 $x66 $x67 $x68 $x69 $x70 $x71
$x52: $v0 $v1 $a0 $a1 $a2 $a3 $t0 $t1 $t2 $t3 $t4 $t5 $t6 $t7 $s0 $s2 $s3 $s4 $s5 $s6 $s7 $t8 $t9 $ra $x50 $x51 $x52 $x53 $x54 $x55 $x56 $x57 $x58 $x59 $x60 $x61 $x62 $x63 $x64 $x65 $x66 $x67 $x68 $x69 $x70 $x71
$x53: $v0 $v1 $a0 $a1 $a2 $a3 $t0 $t1 $t2 $t3 $t4 $t5 $t6 $t7 $s0 $s1 $s3 $s4 $s5 $s6 $s7 $t8 $t9 $ra $x50 $x51 $x52 $x53 $x54 $x55 $x56 $x57 $x58 $x59 $x60 $x61 $x62 $x63 $x64 $x65 $x66 $x67 $x68 $x69 $x70 $x71
$x54: $v0 $v1 $a0 $a1 $a2 $a3 $t0 $t1 $t2 $t3 $t4 $t5 $t6 $t7 $s0 $s1 $s2 $s4 $s5 $s6 $s7 $t8 $t9 $ra $x50 $x51 $x52 $x53 $x54 $x55 $x56 $x57 $x58 $x59 $x60 $x61 $x62 $x63 $x64 $x65 $x66 $x67 $x68 $x69 $x70 $x71
$x55: $v0 $v1 $a0 $a1 $a2 $a3 $t0 $t1 $t2 $t3 $t4 $t5 $t6 $t7 $s0 $s1 $s2 $s3 $s5 $s6 $s7 $t8 $t9 $ra $x50 $x51 $x52 $x53 $x54 $x55 $x56 $x57 $x58 $x59 $x60 $x61 $x62 $x63 $x64 $x65 $x66 $x67 $x68 $x69 $x70 $x71
$x56: $v0 $v1 $a0 $a1 $a2 $a3 $t0 $t1 $t2 $t3 $t4 $t5 $t6 $t7 $s0 $s1 $s2 $s3 $s4 $s6 $s7 $t8 $t9 $ra $x50 $x51 $x52 $x53 $x54 $x55 $x56 $x57 $x58 $x59 $x60 $x61 $x62 $x63 $x64 $x65 $x66 $x67 $x68 $x69 $x70 $x71
$x57: $v0 $v1 $a0 $a1 $a2 $a3 $t0 $t1 $t2 $t3 $t4 $t5 $t6 $t7 $s0 $s1 $s2 $s3 $s4 $s5 $s7 $t8 $t9 $ra $x50 $x51 $x52 $x53 $x54 $x55 $x56 $x57 $x58 $x59 $x60 $x61 $x62 $x63 $x64 $x65 $x66 $x67 $x68 $x69 $x70 $x71
$x58: $v0 $v1 $a0 $a1 $a2 $a3 $t0 $t1 $t2 $t3 $t4 $t5 $t6 $t7 $s0 $s1 $s2 $s3 $s4 $s5 $s6 $t8 $t9 $ra $x50 $x51 $x52 $x53 $x54 $x55 $x56 $x57 $x58 $x59 $x60 $x61 $x62 $x63 $x64 $x65 $x66 $x67 $x68 $x69 $x70 $x71
$x59: $v0 $x50 $x51 $x52 $x53 $x54 $x55 $x56 $x57 $x58
$x60: $v0 $v1 $a0 $a1 $a2 $a3 $t0 $t1 $t2 $t3 $t4 $t5 $t6 $t7 $t8 $t9 $ra $x50 $x51 $x52 $x53 $x54 $x55 $x56 $x57 $x58 $x60 $x61 $x62 $x63 $x64 $x65 $x66 $x67 $x68 $x69
$x61: $v0 $v1 $a0 $a1 $a2 $a3 $t0 $t1 $t2 $t3 $t4 $t5 $t6 $t7 $t8 $t9 $ra $x50 $x51 $x52 $x53 $x54 $x55 $x56 $x57 $x58 $x60 $x61 $x62 $x63 $x64 $x65 $x66 $x67 $x68
$x62: $v0 $v1 $a0 $a1 $a2 $a3 $t0 $t1 $t2 $t3 $t4 $t5 $t6 $t7 $t8 $t9 $ra $x50 $x51 $x52 $x53 $x54 $x55 $x56 $x57 $x58 $x60 $x61 $x62 $x63 $x64 $x65 $x66 $x67 $x68
$x63: $v0 $x50 $x51 $x52 $x53 $x54 $x55 $x56 $x57 $x58 $x60 $x61 $x62 $x63 $x64 $x65
$x64: $v0 $x50 $x51 $x52 $x53 $x54 $x55 $x56 $x57 $x58 $x60 $x61 $x62 $x63 $x64
$x65: $v0 $x50 $x51 $x52 $x53 $x54 $x55 $x56 $x57 $x58 $x60 $x61 $x62 $x63 $x65
$x66: $v0 $v1 $a1 $a2 $a3 $t0 $t1 $t2 $t3 $t4 $t5 $t6 $t7 $t8 $t9 $ra $x50 $x51 $x52 $x53 $x54 $x55 $x56 $x57 $x58 $x60 $x61 $x62 $x66 $x67 $x68
$x67: $v0 $v1 $a1 $a2 $a3 $t0 $t1 $t2 $t3 $t4 $t5 $t6 $t7 $t8 $t9 $ra $x50 $x51 $x52 $x53 $x54 $x55 $x56 $x57 $x58 $x60 $x61 $x62 $x66 $x67
$x68: $v0 $v1 $a1 $a2 $a3 $t0 $t1 $t2 $t3 $t4 $t5 $t6 $t7 $t8 $t9 $ra $x50 $x51 $x52 $x53 $x54 $x55 $x56 $x57 $x58 $x60 $x61 $x62 $x66 $x68
$x69: $v0 $v1 $a1 $a2 $a3 $t0 $t1 $t2 $t3 $t4 $t5 $t6 $t7 $t8 $t9 $ra $x50 $x51 $x52 $x53 $x54 $x55 $x56 $x57 $x58 $x60 $x69
$x70: $x50 $x51 $x52 $x53 $x54 $x55 $x56 $x57 $x58
$x71: $x50 $x51 $x52 $x53 $x54 $x55 $x56 $x57 $x58 $x71
###### Move graph
$v0: $x62 $x63 $x66 $x69 $x70 $x71
$a0: $x59 $x62 $x69
$s0: $x51
$s1: $x52
$s2: $x53
$s3: $x54
$s4: $x55
$s5: $x56
$s6: $x57
$s7: $x58
$ra: $x50
$x50: $ra
$x51: $s0
$x52: $s1
$x53: $s2
$x54: $s3
$x55: $s4
$x56: $s5
$x57: $s6
$x58: $s7
$x59: $a0
$x62: $v0 $a0
$x63: $v0
$x66: $v0
$x69: $v0 $a0
$x70: $v0
$x71: $v0
palette :  $v0 $v1 $a0 $a1 $a2 $a3 $t0 $t1 $t2 $t3 $t4 $t5 $t6 $t7 $s0 $s1 $s2 $s3 $s4 $s5 $s6 $s7 $t8 $t9 $ra
lowdegs :  $x59 $x63 $x64 $x65 $x70 $x71
palette :  $v0 $v1 $a0 $a1 $a2 $a3 $t0 $t1 $t2 $t3 $t4 $t5 $t6 $t7 $s0 $s1 $s2 $s3 $s4 $s5 $s6 $s7 $t8 $t9 $ra
highdegs :  $x50 $x51 $x52 $x53 $x54 $x55 $x56 $x57 $x58 $x60 $x61 $x62 $x66 $x67 $x68 $x69
reg : $x50reg adj $v0 $v1 $a0 $a1 $a2 $a3 $t0 $t1 $t2 $t3 $t4 $t5 $t6 $t7 $s0 $s1 $s2 $s3 $s4 $s5 $s6 $s7 $t8 $t9 $ra $x50 $x51 $x52 $x53 $x54 $x55 $x56 $x57 $x58 $x60 $x61 $x62 $x66 $x67 $x68 $x69
palette :  $v0 $v1 $a0 $a1 $a2 $a3 $t0 $t1 $t2 $t3 $t4 $t5 $t6 $t7 $s0 $s1 $s2 $s3 $s4 $s5 $s6 $s7 $t8 $t9 $ra
highdegs :  $x51 $x52 $x53 $x54 $x55 $x56 $x57 $x58 $x60 $x61 $x62 $x66 $x67 $x68 $x69
reg : $x58reg adj $v0 $v1 $a0 $a1 $a2 $a3 $t0 $t1 $t2 $t3 $t4 $t5 $t6 $t7 $s0 $s1 $s2 $s3 $s4 $s5 $s6 $t8 $t9 $ra $x51 $x52 $x53 $x54 $x55 $x56 $x57 $x58 $x60 $x61 $x62 $x66 $x67 $x68 $x69
palette :  $v0 $v1 $a0 $a1 $a2 $a3 $t0 $t1 $t2 $t3 $t4 $t5 $t6 $t7 $s0 $s1 $s2 $s3 $s4 $s5 $s6 $s7 $t8 $t9 $ra
highdegs :  $x51 $x52 $x53 $x54 $x55 $x56 $x57 $x60 $x61 $x62 $x66 $x67 $x68 $x69
reg : $x57reg adj $v0 $v1 $a0 $a1 $a2 $a3 $t0 $t1 $t2 $t3 $t4 $t5 $t6 $t7 $s0 $s1 $s2 $s3 $s4 $s5 $s7 $t8 $t9 $ra $x51 $x52 $x53 $x54 $x55 $x56 $x57 $x60 $x61 $x62 $x66 $x67 $x68 $x69
palette :  $v0 $v1 $a0 $a1 $a2 $a3 $t0 $t1 $t2 $t3 $t4 $t5 $t6 $t7 $s0 $s1 $s2 $s3 $s4 $s5 $s6 $s7 $t8 $t9 $ra
lowdegs :  $x69
palette :  $v0 $v1 $a0 $a1 $a2 $a3 $t0 $t1 $t2 $t3 $t4 $t5 $t6 $t7 $s0 $s1 $s2 $s3 $s4 $s5 $s6 $s7 $t8 $t9 $ra
highdegs :  $x51 $x52 $x53 $x54 $x55 $x56 $x60 $x61 $x62 $x66 $x67 $x68
reg : $x56reg adj $v0 $v1 $a0 $a1 $a2 $a3 $t0 $t1 $t2 $t3 $t4 $t5 $t6 $t7 $s0 $s1 $s2 $s3 $s4 $s6 $s7 $t8 $t9 $ra $x51 $x52 $x53 $x54 $x55 $x56 $x60 $x61 $x62 $x66 $x67 $x68
palette :  $v0 $v1 $a0 $a1 $a2 $a3 $t0 $t1 $t2 $t3 $t4 $t5 $t6 $t7 $s0 $s1 $s2 $s3 $s4 $s5 $s6 $s7 $t8 $t9 $ra
highdegs :  $x51 $x52 $x53 $x54 $x55 $x60 $x61 $x62 $x66 $x67 $x68
reg : $x55reg adj $v0 $v1 $a0 $a1 $a2 $a3 $t0 $t1 $t2 $t3 $t4 $t5 $t6 $t7 $s0 $s1 $s2 $s3 $s5 $s6 $s7 $t8 $t9 $ra $x51 $x52 $x53 $x54 $x55 $x60 $x61 $x62 $x66 $x67 $x68
palette :  $v0 $v1 $a0 $a1 $a2 $a3 $t0 $t1 $t2 $t3 $t4 $t5 $t6 $t7 $s0 $s1 $s2 $s3 $s4 $s5 $s6 $s7 $t8 $t9 $ra
highdegs :  $x51 $x52 $x53 $x54 $x60 $x61 $x62 $x66 $x67 $x68
reg : $x54reg adj $v0 $v1 $a0 $a1 $a2 $a3 $t0 $t1 $t2 $t3 $t4 $t5 $t6 $t7 $s0 $s1 $s2 $s4 $s5 $s6 $s7 $t8 $t9 $ra $x51 $x52 $x53 $x54 $x60 $x61 $x62 $x66 $x67 $x68
palette :  $v0 $v1 $a0 $a1 $a2 $a3 $t0 $t1 $t2 $t3 $t4 $t5 $t6 $t7 $s0 $s1 $s2 $s3 $s4 $s5 $s6 $s7 $t8 $t9 $ra
lowdegs :  $x67 $x68
palette :  $v0 $v1 $a0 $a1 $a2 $a3 $t0 $t1 $t2 $t3 $t4 $t5 $t6 $t7 $s0 $s1 $s2 $s3 $s4 $s5 $s6 $s7 $t8 $t9 $ra
lowdegs :  $x60 $x61 $x62 $x66
palette :  $v0 $v1 $a0 $a1 $a2 $a3 $t0 $t1 $t2 $t3 $t4 $t5 $t6 $t7 $s0 $s1 $s2 $s3 $s4 $s5 $s6 $s7 $t8 $t9 $ra
highdegs :  $x51 $x52 $x53
reg : $x53reg adj $v0 $v1 $a0 $a1 $a2 $a3 $t0 $t1 $t2 $t3 $t4 $t5 $t6 $t7 $s0 $s1 $s3 $s4 $s5 $s6 $s7 $t8 $t9 $ra $x51 $x52 $x53
palette :  $v0 $v1 $a0 $a1 $a2 $a3 $t0 $t1 $t2 $t3 $t4 $t5 $t6 $t7 $s0 $s1 $s2 $s3 $s4 $s5 $s6 $s7 $t8 $t9 $ra
highdegs :  $x51 $x52
reg : $x52reg adj $v0 $v1 $a0 $a1 $a2 $a3 $t0 $t1 $t2 $t3 $t4 $t5 $t6 $t7 $s0 $s2 $s3 $s4 $s5 $s6 $s7 $t8 $t9 $ra $x51 $x52
palette :  $v0 $v1 $a0 $a1 $a2 $a3 $t0 $t1 $t2 $t3 $t4 $t5 $t6 $t7 $s0 $s1 $s2 $s3 $s4 $s5 $s6 $s7 $t8 $t9 $ra
highdegs :  $x51
reg : $x51reg adj $v0 $v1 $a0 $a1 $a2 $a3 $t0 $t1 $t2 $t3 $t4 $t5 $t6 $t7 $s1 $s2 $s3 $s4 $s5 $s6 $s7 $t8 $t9 $ra $x51
palette :  $v0 $v1 $a0 $a1 $a2 $a3 $t0 $t1 $t2 $t3 $t4 $t5 $t6 $t7 $s0 $s1 $s2 $s3 $s4 $s5 $s6 $s7 $t8 $t9 $ra
stack :  $x60 $x61 $x62 $x66 $x67 $x68 $x69 $x59 $x63 $x64 $x65 $x70 $x71
getalias : $x60$x60$s0hi
spillset :  $x50 $x51 $x52 $x53 $x54 $x55 $x56 $x57 $x58
stack :  $x61 $x62 $x66 $x67 $x68 $x69 $x59 $x63 $x64 $x65 $x70 $x71
getalias : $x61$x61$s1hi
spillset :  $x50 $x51 $x52 $x53 $x54 $x55 $x56 $x57 $x58
stack :  $x62 $x66 $x67 $x68 $x69 $x59 $x63 $x64 $x65 $x70 $x71
getalias : $x62$x62$s2hi
spillset :  $x50 $x51 $x52 $x53 $x54 $x55 $x56 $x57 $x58
stack :  $x66 $x67 $x68 $x69 $x59 $x63 $x64 $x65 $x70 $x71
getalias : $x66$x66$a0hi
spillset :  $x50 $x51 $x52 $x53 $x54 $x55 $x56 $x57 $x58
stack :  $x67 $x68 $x69 $x59 $x63 $x64 $x65 $x70 $x71
getalias : $x67$x67$s3hi
spillset :  $x50 $x51 $x52 $x53 $x54 $x55 $x56 $x57 $x58
stack :  $x68 $x69 $x59 $x63 $x64 $x65 $x70 $x71
getalias : $x68$x68$s3hi
spillset :  $x50 $x51 $x52 $x53 $x54 $x55 $x56 $x57 $x58
stack :  $x69 $x59 $x63 $x64 $x65 $x70 $x71
getalias : $x69$x69$a0hi
spillset :  $x50 $x51 $x52 $x53 $x54 $x55 $x56 $x57 $x58
stack :  $x59 $x63 $x64 $x65 $x70 $x71
getalias : $x59$x59$v1hi
spillset :  $x50 $x51 $x52 $x53 $x54 $x55 $x56 $x57 $x58
stack :  $x63 $x64 $x65 $x70 $x71
getalias : $x63$x63$v1hi
spillset :  $x50 $x51 $x52 $x53 $x54 $x55 $x56 $x57 $x58
stack :  $x64 $x65 $x70 $x71
getalias : $x64$x64$a0hi
spillset :  $x50 $x51 $x52 $x53 $x54 $x55 $x56 $x57 $x58
stack :  $x65 $x70 $x71
getalias : $x65$x65$a0hi
spillset :  $x50 $x51 $x52 $x53 $x54 $x55 $x56 $x57 $x58
stack :  $x70 $x71
getalias : $x70$x70$v0hi
spillset :  $x50 $x51 $x52 $x53 $x54 $x55 $x56 $x57 $x58
stack :  $x71
getalias : $x71$x71$v0hi
spillset :  $x50 $x51 $x52 $x53 $x54 $x55 $x56 $x57 $x58
Register Allocation verified.
Spills: $x50 $x51 $x52 $x53 $x54 $x55 $x56 $x57 $x58 
rename_regs : $x59rename_regs : $x60rename_regs : $x61rename_regs : $x62rename_regs : $x63rename_regs : $x64rename_regs : $x64rename_regs : $x63rename_regs : $x65rename_regs : $x65rename_regs : $x63rename_regs : $x63rename_regs : $x62rename_regs : $x66rename_regs : $x67rename_regs : $x67rename_regs : $x66rename_regs : $x68rename_regs : $x68rename_regs : $x66rename_regs : $x66rename_regs : $x62rename_regs : $x62rename_regs : $x61rename_regs : $x69rename_regs : $x69rename_regs : $x60rename_regs : $x70rename_regs : $x71rename_regs : $x71################## LIVENESS: _main
################## INTERFERENCE GRAPH 
$v0: $v0 $v1 $a0 $a1 $a2 $a3 $t0 $t1 $t2 $t3 $t4 $t5 $t6 $t7 $s0 $s1 $s2 $s3 $s4 $s5 $s6 $s7 $t8 $t9 $sp $ra
$v1: $v0 $v1 $a0 $a1 $a2 $a3 $t0 $t1 $t2 $t3 $t4 $t5 $t6 $t7 $s0 $s1 $s2 $s3 $t8 $t9 $sp $ra
$a0: $v0 $v1 $a0 $a1 $a2 $a3 $t0 $t1 $t2 $t3 $t4 $t5 $t6 $t7 $s0 $s1 $s2 $s3 $t8 $t9 $sp $ra
$a1: $v0 $v1 $a0 $a1 $a2 $a3 $t0 $t1 $t2 $t3 $t4 $t5 $t6 $t7 $s0 $s1 $s2 $s3 $t8 $t9 $sp $ra
$a2: $v0 $v1 $a0 $a1 $a2 $a3 $t0 $t1 $t2 $t3 $t4 $t5 $t6 $t7 $s0 $s1 $s2 $s3 $t8 $t9 $sp $ra
$a3: $v0 $v1 $a0 $a1 $a2 $a3 $t0 $t1 $t2 $t3 $t4 $t5 $t6 $t7 $s0 $s1 $s2 $s3 $t8 $t9 $sp $ra
$t0: $v0 $v1 $a0 $a1 $a2 $a3 $t0 $t1 $t2 $t3 $t4 $t5 $t6 $t7 $s0 $s1 $s2 $s3 $t8 $t9 $sp $ra
$t1: $v0 $v1 $a0 $a1 $a2 $a3 $t0 $t1 $t2 $t3 $t4 $t5 $t6 $t7 $s0 $s1 $s2 $s3 $t8 $t9 $sp $ra
$t2: $v0 $v1 $a0 $a1 $a2 $a3 $t0 $t1 $t2 $t3 $t4 $t5 $t6 $t7 $s0 $s1 $s2 $s3 $t8 $t9 $sp $ra
$t3: $v0 $v1 $a0 $a1 $a2 $a3 $t0 $t1 $t2 $t3 $t4 $t5 $t6 $t7 $s0 $s1 $s2 $s3 $t8 $t9 $sp $ra
$t4: $v0 $v1 $a0 $a1 $a2 $a3 $t0 $t1 $t2 $t3 $t4 $t5 $t6 $t7 $s0 $s1 $s2 $s3 $t8 $t9 $sp $ra
$t5: $v0 $v1 $a0 $a1 $a2 $a3 $t0 $t1 $t2 $t3 $t4 $t5 $t6 $t7 $s0 $s1 $s2 $s3 $t8 $t9 $sp $ra
$t6: $v0 $v1 $a0 $a1 $a2 $a3 $t0 $t1 $t2 $t3 $t4 $t5 $t6 $t7 $s0 $s1 $s2 $s3 $t8 $t9 $sp $ra
$t7: $v0 $v1 $a0 $a1 $a2 $a3 $t0 $t1 $t2 $t3 $t4 $t5 $t6 $t7 $s0 $s1 $s2 $s3 $t8 $t9 $sp $ra
$s0: $v0 $v1 $a0 $a1 $a2 $a3 $t0 $t1 $t2 $t3 $t4 $t5 $t6 $t7 $s0 $s1 $s2 $s3 $s4 $s5 $s6 $s7 $t8 $t9 $sp $ra
$s1: $v0 $v1 $a0 $a1 $a2 $a3 $t0 $t1 $t2 $t3 $t4 $t5 $t6 $t7 $s0 $s1 $s2 $s3 $s4 $s5 $s6 $s7 $t8 $t9 $sp $ra
$s2: $v0 $v1 $a0 $a1 $a2 $a3 $t0 $t1 $t2 $t3 $t4 $t5 $t6 $t7 $s0 $s1 $s2 $s3 $s4 $s5 $s6 $s7 $t8 $t9 $sp $ra
$s3: $v0 $v1 $a0 $a1 $a2 $a3 $t0 $t1 $t2 $t3 $t4 $t5 $t6 $t7 $s0 $s1 $s2 $s3 $s4 $s5 $s6 $s7 $t8 $t9 $sp $ra
$s4: $v0 $s0 $s1 $s2 $s3 $s4 $s5 $s6 $s7 $sp $ra
$s5: $v0 $s0 $s1 $s2 $s3 $s4 $s5 $s6 $s7 $sp $ra
$s6: $v0 $s0 $s1 $s2 $s3 $s4 $s5 $s6 $s7 $sp $ra
$s7: $v0 $s0 $s1 $s2 $s3 $s4 $s5 $s6 $s7 $ra
$t8: $v0 $v1 $a0 $a1 $a2 $a3 $t0 $t1 $t2 $t3 $t4 $t5 $t6 $t7 $s0 $s1 $s2 $s3 $t8 $t9 $sp $ra
$t9: $v0 $v1 $a0 $a1 $a2 $a3 $t0 $t1 $t2 $t3 $t4 $t5 $t6 $t7 $s0 $s1 $s2 $s3 $t8 $t9 $sp $ra
$sp: $v0 $v1 $a0 $a1 $a2 $a3 $t0 $t1 $t2 $t3 $t4 $t5 $t6 $t7 $s0 $s1 $s2 $s3 $s4 $s5 $s6 $t8 $t9 $ra
$ra: $v0 $v1 $a0 $a1 $a2 $a3 $t0 $t1 $t2 $t3 $t4 $t5 $t6 $t7 $s0 $s1 $s2 $s3 $s4 $s5 $s6 $s7 $t8 $t9 $sp $ra
###### Move graph
$v0: $v0 $v1 $a0 $s2
$v1: $v0 $a0
$a0: $v0 $v1 $a0 $s2
$s2: $v0 $a0
palette :  $v0 $v1 $a0 $a1 $a2 $a3 $t0 $t1 $t2 $t3 $t4 $t5 $t6 $t7 $s0 $s1 $s2 $s3 $s4 $s5 $s6 $s7 $t8 $t9 $ra
Spills: 
hi
val it = () : unit
[autoloading]
[autoloading done]
stdIn:1.46-1.81 Warning: type vars not generalized because of
   value restriction are instantiated to dummy types (X1,X2,...)

