Standard ML of New Jersey v110.76 [built: Wed Oct 23 00:32:24 2013]
[scanning /home/thdusdl1219/Compiler/as9/sources.cm]
[library $/ml-yacc-lib.cm is stable]
[attempting to load plugin $/lex-ext.cm]
[library $/lex-ext.cm is stable]
[library $smlnj/cm/tools.cm is stable]
[library $smlnj/internal/cm-lib.cm is stable]
[library $SMLNJ-BASIS/basis.cm is stable]
[plugin $/lex-ext.cm loaded successfully]
[attempting to load plugin $/mllex-tool.cm]
[library $/mllex-tool.cm is stable]
[plugin $/mllex-tool.cm loaded successfully]
[attempting to load plugin $/grm-ext.cm]
[library $/grm-ext.cm is stable]
[plugin $/grm-ext.cm loaded successfully]
[attempting to load plugin $/mlyacc-tool.cm]
[library $/mlyacc-tool.cm is stable]
[plugin $/mlyacc-tool.cm loaded successfully]
[library $SMLNJ-LIB/Util/smlnj-lib.cm is stable]
[library $SMLNJ-ML-YACC-LIB/ml-yacc-lib.cm is stable]
[loading /home/thdusdl1219/Compiler/as9/(sources.cm):fun.grm.sig]
[loading /home/thdusdl1219/Compiler/as9/(sources.cm):errormsg.sml]
[loading /home/thdusdl1219/Compiler/as9/(sources.cm):fun.lex.sml]
[loading /home/thdusdl1219/Compiler/as9/(sources.cm):table.sig]
[loading /home/thdusdl1219/Compiler/as9/(sources.cm):table.sml]
[loading /home/thdusdl1219/Compiler/as9/(sources.cm):symbol.sml]
[loading /home/thdusdl1219/Compiler/as9/(sources.cm):mips.sig]
[loading /home/thdusdl1219/Compiler/as9/(sources.cm):mips.sml]
[loading /home/thdusdl1219/Compiler/as9/(sources.cm):absyn.sml]
[loading /home/thdusdl1219/Compiler/as9/(sources.cm):fun.grm.sml]
[loading /home/thdusdl1219/Compiler/as9/(sources.cm):parse.sml]
[loading /home/thdusdl1219/Compiler/as9/(sources.cm):graph.sig]
[loading /home/thdusdl1219/Compiler/as9/(sources.cm):graph.sml]
[loading /home/thdusdl1219/Compiler/as9/(sources.cm):liveness.sml]
[loading /home/thdusdl1219/Compiler/as9/(sources.cm):color.sig]
[loading /home/thdusdl1219/Compiler/as9/(sources.cm):color.sml]
[loading /home/thdusdl1219/Compiler/as9/(sources.cm):regalloc.sml]
[loading /home/thdusdl1219/Compiler/as9/(sources.cm):typecheck.sml]
[loading /home/thdusdl1219/Compiler/as9/(sources.cm):codegen.sml]
[loading /home/thdusdl1219/Compiler/as9/(sources.cm):compile.sml]
[loading /home/thdusdl1219/Compiler/as9/(sources.cm):heap.sig]
[loading /home/thdusdl1219/Compiler/as9/(sources.cm):heap.sml]
[loading /home/thdusdl1219/Compiler/as9/(sources.cm):eval.sig]
[loading /home/thdusdl1219/Compiler/as9/(sources.cm):eval.sml]
[loading /home/thdusdl1219/Compiler/as9/(sources.cm):funpp.sig]
[loading /home/thdusdl1219/Compiler/as9/(sources.cm):pp.sig]
[loading /home/thdusdl1219/Compiler/as9/(sources.cm):pp.sml]
[loading /home/thdusdl1219/Compiler/as9/(sources.cm):funpp.sml]
[New bindings added.]
- ################## LIVENESS: main
################## INTERFERENCE GRAPH 
$v0: $v0 $v1 $a0 $a1 $a2 $a3 $t0 $t1 $t2 $t3 $t4 $t5 $t6 $t7 $s0 $s1 $s2 $s3 $s4 $s5 $s6 $s7 $t8 $t9 $gp $ra $x0
$v1: $v0 $s0 $s1 $s2 $s3 $s4 $s5 $s6 $s7 $x0
$a0: $v0 $a0 $s0 $s1 $s2 $s3 $s4 $s5 $s6 $s7 $gp $x0
$a1: $v0 $s0 $s1 $s2 $s3 $s4 $s5 $s6 $s7 $x0
$a2: $v0 $s0 $s1 $s2 $s3 $s4 $s5 $s6 $s7 $x0
$a3: $v0 $s0 $s1 $s2 $s3 $s4 $s5 $s6 $s7 $x0
$t0: $v0 $s0 $s1 $s2 $s3 $s4 $s5 $s6 $s7 $x0
$t1: $v0 $s0 $s1 $s2 $s3 $s4 $s5 $s6 $s7 $x0
$t2: $v0 $s0 $s1 $s2 $s3 $s4 $s5 $s6 $s7 $x0
$t3: $v0 $s0 $s1 $s2 $s3 $s4 $s5 $s6 $s7 $x0
$t4: $v0 $s0 $s1 $s2 $s3 $s4 $s5 $s6 $s7 $x0
$t5: $v0 $s0 $s1 $s2 $s3 $s4 $s5 $s6 $s7 $x0
$t6: $v0 $s0 $s1 $s2 $s3 $s4 $s5 $s6 $s7 $x0
$t7: $v0 $s0 $s1 $s2 $s3 $s4 $s5 $s6 $s7 $x0
$s0: $v0 $v1 $a0 $a1 $a2 $a3 $t0 $t1 $t2 $t3 $t4 $t5 $t6 $t7 $t8 $t9 $ra $x0
$s1: $v0 $v1 $a0 $a1 $a2 $a3 $t0 $t1 $t2 $t3 $t4 $t5 $t6 $t7 $t8 $t9 $ra $x0
$s2: $v0 $v1 $a0 $a1 $a2 $a3 $t0 $t1 $t2 $t3 $t4 $t5 $t6 $t7 $t8 $t9 $ra $x0
$s3: $v0 $v1 $a0 $a1 $a2 $a3 $t0 $t1 $t2 $t3 $t4 $t5 $t6 $t7 $t8 $t9 $ra $x0
$s4: $v0 $v1 $a0 $a1 $a2 $a3 $t0 $t1 $t2 $t3 $t4 $t5 $t6 $t7 $t8 $t9 $ra $x0
$s5: $v0 $v1 $a0 $a1 $a2 $a3 $t0 $t1 $t2 $t3 $t4 $t5 $t6 $t7 $t8 $t9 $ra $x0
$s6: $v0 $v1 $a0 $a1 $a2 $a3 $t0 $t1 $t2 $t3 $t4 $t5 $t6 $t7 $t8 $t9 $ra $x0
$s7: $v0 $v1 $a0 $a1 $a2 $a3 $t0 $t1 $t2 $t3 $t4 $t5 $t6 $t7 $t8 $t9 $ra $x0
$t8: $v0 $s0 $s1 $s2 $s3 $s4 $s5 $s6 $s7 $x0
$t9: $v0 $s0 $s1 $s2 $s3 $s4 $s5 $s6 $s7 $x0
$gp: $v0 $a0 $x0
$ra: $v0 $s0 $s1 $s2 $s3 $s4 $s5 $s6 $s7 $ra $x0
$x0: $v0 $v1 $a0 $a1 $a2 $a3 $t0 $t1 $t2 $t3 $t4 $t5 $t6 $t7 $s0 $s1 $s2 $s3 $s4 $s5 $s6 $s7 $t8 $t9 $gp $ra $x0
###### Move graph
$ra: $x0
$x0: $ra
palette :  $v0 $v1 $a0 $a1 $a2 $a3 $t0 $t1 $t2 $t3 $t4 $t5 $t6 $t7 $s0 $s1 $s2 $s3 $s4 $s5 $s6 $s7 $t8 $t9 $ra
highdegs :  $x0
reg : $x0reg adj $v0 $v1 $a0 $a1 $a2 $a3 $t0 $t1 $t2 $t3 $t4 $t5 $t6 $t7 $s0 $s1 $s2 $s3 $s4 $s5 $s6 $s7 $t8 $t9 $gp $ra $x0
palette :  $v0 $v1 $a0 $a1 $a2 $a3 $t0 $t1 $t2 $t3 $t4 $t5 $t6 $t7 $s0 $s1 $s2 $s3 $s4 $s5 $s6 $s7 $t8 $t9 $ra
Register Allocation verified.
Spills: $x0 
################## LIVENESS: main
################## INTERFERENCE GRAPH 
$v0: $v0 $v1 $a0 $a1 $a2 $a3 $t0 $t1 $t2 $t3 $t4 $t5 $t6 $t7 $s0 $s1 $s2 $s3 $s4 $s5 $s6 $s7 $t8 $t9 $gp $sp $ra
$v1: $v0 $s0 $s1 $s2 $s3 $s4 $s5 $s6 $s7 $sp
$a0: $v0 $a0 $s0 $s1 $s2 $s3 $s4 $s5 $s6 $s7 $gp $sp
$a1: $v0 $s0 $s1 $s2 $s3 $s4 $s5 $s6 $s7 $sp
$a2: $v0 $s0 $s1 $s2 $s3 $s4 $s5 $s6 $s7 $sp
$a3: $v0 $s0 $s1 $s2 $s3 $s4 $s5 $s6 $s7 $sp
$t0: $v0 $s0 $s1 $s2 $s3 $s4 $s5 $s6 $s7 $sp
$t1: $v0 $s0 $s1 $s2 $s3 $s4 $s5 $s6 $s7 $sp
$t2: $v0 $s0 $s1 $s2 $s3 $s4 $s5 $s6 $s7 $sp
$t3: $v0 $s0 $s1 $s2 $s3 $s4 $s5 $s6 $s7 $sp
$t4: $v0 $s0 $s1 $s2 $s3 $s4 $s5 $s6 $s7 $sp
$t5: $v0 $s0 $s1 $s2 $s3 $s4 $s5 $s6 $s7 $sp
$t6: $v0 $s0 $s1 $s2 $s3 $s4 $s5 $s6 $s7 $sp
$t7: $v0 $s0 $s1 $s2 $s3 $s4 $s5 $s6 $s7 $sp
$s0: $v0 $v1 $a0 $a1 $a2 $a3 $t0 $t1 $t2 $t3 $t4 $t5 $t6 $t7 $t8 $t9 $ra
$s1: $v0 $v1 $a0 $a1 $a2 $a3 $t0 $t1 $t2 $t3 $t4 $t5 $t6 $t7 $t8 $t9 $ra
$s2: $v0 $v1 $a0 $a1 $a2 $a3 $t0 $t1 $t2 $t3 $t4 $t5 $t6 $t7 $t8 $t9 $ra
$s3: $v0 $v1 $a0 $a1 $a2 $a3 $t0 $t1 $t2 $t3 $t4 $t5 $t6 $t7 $t8 $t9 $ra
$s4: $v0 $v1 $a0 $a1 $a2 $a3 $t0 $t1 $t2 $t3 $t4 $t5 $t6 $t7 $t8 $t9 $ra
$s5: $v0 $v1 $a0 $a1 $a2 $a3 $t0 $t1 $t2 $t3 $t4 $t5 $t6 $t7 $t8 $t9 $ra
$s6: $v0 $v1 $a0 $a1 $a2 $a3 $t0 $t1 $t2 $t3 $t4 $t5 $t6 $t7 $t8 $t9 $ra
$s7: $v0 $v1 $a0 $a1 $a2 $a3 $t0 $t1 $t2 $t3 $t4 $t5 $t6 $t7 $t8 $t9 $ra
$t8: $v0 $s0 $s1 $s2 $s3 $s4 $s5 $s6 $s7 $sp
$t9: $v0 $s0 $s1 $s2 $s3 $s4 $s5 $s6 $s7 $sp
$gp: $v0 $a0
$sp: $v0 $v1 $a0 $a1 $a2 $a3 $t0 $t1 $t2 $t3 $t4 $t5 $t6 $t7 $t8 $t9 $ra
$ra: $v0 $s0 $s1 $s2 $s3 $s4 $s5 $s6 $s7 $sp $ra
###### Move graph
palette :  $v0 $v1 $a0 $a1 $a2 $a3 $t0 $t1 $t2 $t3 $t4 $t5 $t6 $t7 $s0 $s1 $s2 $s3 $s4 $s5 $s6 $s7 $t8 $t9 $ra
Spills: 
hi
################## LIVENESS: alloc
################## INTERFERENCE GRAPH 
$v0: $v0 $a0 $t0 $s0 $s1 $s2 $s3 $s4 $s5 $s6 $s7 $gp $ra
$a0: $v0
$t0: $v0 $t0 $s0 $s1 $s2 $s3 $s4 $s5 $s6 $s7 $gp $ra
$s0: $v0 $t0
$s1: $v0 $t0
$s2: $v0 $t0
$s3: $v0 $t0
$s4: $v0 $t0
$s5: $v0 $t0
$s6: $v0 $t0
$s7: $v0 $t0
$gp: $v0 $t0
$ra: $v0 $t0
###### Move graph
palette :  $v0 $v1 $a0 $a1 $a2 $a3 $t0 $t1 $t2 $t3 $t4 $t5 $t6 $t7 $s0 $s1 $s2 $s3 $s4 $s5 $s6 $s7 $t8 $t9 $ra
Register Allocation verified.
Spills: 
################## LIVENESS: _printint
################## INTERFERENCE GRAPH 
$v0: $v0 $a0 $s0 $s1 $s2 $s3 $s4 $s5 $s6 $s7 $ra
$a0: $v0 $a0 $s0 $s1 $s2 $s3 $s4 $s5 $s6 $s7 $ra
$s0: $v0 $a0
$s1: $v0 $a0
$s2: $v0 $a0
$s3: $v0 $a0
$s4: $v0 $a0
$s5: $v0 $a0
$s6: $v0 $a0
$s7: $v0 $a0
$ra: $v0 $a0
###### Move graph
palette :  $v0 $v1 $a0 $a1 $a2 $a3 $t0 $t1 $t2 $t3 $t4 $t5 $t6 $t7 $s0 $s1 $s2 $s3 $s4 $s5 $s6 $s7 $t8 $t9 $ra
Register Allocation verified.
Spills: 
################## LIVENESS: _divide_rec
################## INTERFERENCE GRAPH 
$v0: $v0 $v1 $a0 $a1 $a2 $a3 $t0 $t1 $t2 $t3 $t4 $t5 $t6 $t7 $s0 $s1 $s2 $s3 $s4 $s5 $s6 $s7 $t8 $t9 $ra $x1 $x2 $x3 $x4 $x5 $x6 $x7 $x8 $x9 $x10 $x11 $x12 $x14 $x17 $x18 $x19 $x20
$v1: $v0 $v1 $a0 $a1 $a2 $a3 $t0 $t1 $t2 $t3 $t4 $t5 $t6 $t7 $t8 $t9 $ra $x1 $x2 $x3 $x4 $x5 $x6 $x7 $x8 $x9 $x11 $x12 $x17 $x18 $x19 $x20
$a0: $v0 $v1 $a0 $a1 $a2 $a3 $t0 $t1 $t2 $t3 $t4 $t5 $t6 $t7 $t8 $t9 $ra $x1 $x2 $x3 $x4 $x5 $x6 $x7 $x8 $x9 $x11 $x12 $x17 $x20
$a1: $v0 $v1 $a0 $a1 $a2 $a3 $t0 $t1 $t2 $t3 $t4 $t5 $t6 $t7 $t8 $t9 $ra $x1 $x2 $x3 $x4 $x5 $x6 $x7 $x8 $x9 $x11 $x12 $x17 $x18 $x19 $x20
$a2: $v0 $v1 $a0 $a1 $a2 $a3 $t0 $t1 $t2 $t3 $t4 $t5 $t6 $t7 $t8 $t9 $ra $x1 $x2 $x3 $x4 $x5 $x6 $x7 $x8 $x9 $x11 $x12 $x17 $x18 $x19 $x20
$a3: $v0 $v1 $a0 $a1 $a2 $a3 $t0 $t1 $t2 $t3 $t4 $t5 $t6 $t7 $t8 $t9 $ra $x1 $x2 $x3 $x4 $x5 $x6 $x7 $x8 $x9 $x11 $x12 $x17 $x18 $x19 $x20
$t0: $v0 $v1 $a0 $a1 $a2 $a3 $t0 $t1 $t2 $t3 $t4 $t5 $t6 $t7 $t8 $t9 $ra $x1 $x2 $x3 $x4 $x5 $x6 $x7 $x8 $x9 $x11 $x12 $x17 $x18 $x19 $x20
$t1: $v0 $v1 $a0 $a1 $a2 $a3 $t0 $t1 $t2 $t3 $t4 $t5 $t6 $t7 $t8 $t9 $ra $x1 $x2 $x3 $x4 $x5 $x6 $x7 $x8 $x9 $x11 $x12 $x17 $x18 $x19 $x20
$t2: $v0 $v1 $a0 $a1 $a2 $a3 $t0 $t1 $t2 $t3 $t4 $t5 $t6 $t7 $t8 $t9 $ra $x1 $x2 $x3 $x4 $x5 $x6 $x7 $x8 $x9 $x11 $x12 $x17 $x18 $x19 $x20
$t3: $v0 $v1 $a0 $a1 $a2 $a3 $t0 $t1 $t2 $t3 $t4 $t5 $t6 $t7 $t8 $t9 $ra $x1 $x2 $x3 $x4 $x5 $x6 $x7 $x8 $x9 $x11 $x12 $x17 $x18 $x19 $x20
$t4: $v0 $v1 $a0 $a1 $a2 $a3 $t0 $t1 $t2 $t3 $t4 $t5 $t6 $t7 $t8 $t9 $ra $x1 $x2 $x3 $x4 $x5 $x6 $x7 $x8 $x9 $x11 $x12 $x17 $x18 $x19 $x20
$t5: $v0 $v1 $a0 $a1 $a2 $a3 $t0 $t1 $t2 $t3 $t4 $t5 $t6 $t7 $t8 $t9 $ra $x1 $x2 $x3 $x4 $x5 $x6 $x7 $x8 $x9 $x11 $x12 $x17 $x18 $x19 $x20
$t6: $v0 $v1 $a0 $a1 $a2 $a3 $t0 $t1 $t2 $t3 $t4 $t5 $t6 $t7 $t8 $t9 $ra $x1 $x2 $x3 $x4 $x5 $x6 $x7 $x8 $x9 $x11 $x12 $x17 $x18 $x19 $x20
$t7: $v0 $v1 $a0 $a1 $a2 $a3 $t0 $t1 $t2 $t3 $t4 $t5 $t6 $t7 $t8 $t9 $ra $x1 $x2 $x3 $x4 $x5 $x6 $x7 $x8 $x9 $x11 $x12 $x17 $x18 $x19 $x20
$s0: $v0 $s0 $s1 $s2 $s3 $s4 $s5 $s6 $s7 $ra $x1 $x3 $x4 $x5 $x6 $x7 $x8 $x9
$s1: $v0 $s0 $s1 $s2 $s3 $s4 $s5 $s6 $s7 $ra $x1 $x2 $x4 $x5 $x6 $x7 $x8 $x9
$s2: $v0 $s0 $s1 $s2 $s3 $s4 $s5 $s6 $s7 $ra $x1 $x2 $x3 $x5 $x6 $x7 $x8 $x9
$s3: $v0 $s0 $s1 $s2 $s3 $s4 $s5 $s6 $s7 $ra $x1 $x2 $x3 $x4 $x6 $x7 $x8 $x9
$s4: $v0 $s0 $s1 $s2 $s3 $s4 $s5 $s6 $s7 $ra $x1 $x2 $x3 $x4 $x5 $x7 $x8 $x9
$s5: $v0 $s0 $s1 $s2 $s3 $s4 $s5 $s6 $s7 $ra $x1 $x2 $x3 $x4 $x5 $x6 $x8 $x9
$s6: $v0 $s0 $s1 $s2 $s3 $s4 $s5 $s6 $s7 $ra $x1 $x2 $x3 $x4 $x5 $x6 $x7 $x9
$s7: $v0 $s0 $s1 $s2 $s3 $s4 $s5 $s6 $s7 $ra $x1 $x2 $x3 $x4 $x5 $x6 $x7 $x8
$t8: $v0 $v1 $a0 $a1 $a2 $a3 $t0 $t1 $t2 $t3 $t4 $t5 $t6 $t7 $t8 $t9 $ra $x1 $x2 $x3 $x4 $x5 $x6 $x7 $x8 $x9 $x11 $x12 $x17 $x18 $x19 $x20
$t9: $v0 $v1 $a0 $a1 $a2 $a3 $t0 $t1 $t2 $t3 $t4 $t5 $t6 $t7 $t8 $t9 $ra $x1 $x2 $x3 $x4 $x5 $x6 $x7 $x8 $x9 $x11 $x12 $x17 $x18 $x19 $x20
$ra: $v0 $v1 $a0 $a1 $a2 $a3 $t0 $t1 $t2 $t3 $t4 $t5 $t6 $t7 $s0 $s1 $s2 $s3 $s4 $s5 $s6 $s7 $t8 $t9 $ra $x1 $x2 $x3 $x4 $x5 $x6 $x7 $x8 $x9 $x11 $x12 $x17 $x18 $x19 $x20
$x1: $v0 $v1 $a0 $a1 $a2 $a3 $t0 $t1 $t2 $t3 $t4 $t5 $t6 $t7 $s0 $s1 $s2 $s3 $s4 $s5 $s6 $s7 $t8 $t9 $ra $x1 $x2 $x3 $x4 $x5 $x6 $x7 $x8 $x9 $x10 $x11 $x12 $x13 $x14 $x15 $x16 $x17 $x18 $x19 $x20 $x21 $x22 $x23 $x24
$x2: $v0 $v1 $a0 $a1 $a2 $a3 $t0 $t1 $t2 $t3 $t4 $t5 $t6 $t7 $s1 $s2 $s3 $s4 $s5 $s6 $s7 $t8 $t9 $ra $x1 $x2 $x3 $x4 $x5 $x6 $x7 $x8 $x9 $x10 $x11 $x12 $x13 $x14 $x15 $x16 $x17 $x18 $x19 $x20 $x21 $x22 $x23 $x24
$x3: $v0 $v1 $a0 $a1 $a2 $a3 $t0 $t1 $t2 $t3 $t4 $t5 $t6 $t7 $s0 $s2 $s3 $s4 $s5 $s6 $s7 $t8 $t9 $ra $x1 $x2 $x3 $x4 $x5 $x6 $x7 $x8 $x9 $x10 $x11 $x12 $x13 $x14 $x15 $x16 $x17 $x18 $x19 $x20 $x21 $x22 $x23 $x24
$x4: $v0 $v1 $a0 $a1 $a2 $a3 $t0 $t1 $t2 $t3 $t4 $t5 $t6 $t7 $s0 $s1 $s3 $s4 $s5 $s6 $s7 $t8 $t9 $ra $x1 $x2 $x3 $x4 $x5 $x6 $x7 $x8 $x9 $x10 $x11 $x12 $x13 $x14 $x15 $x16 $x17 $x18 $x19 $x20 $x21 $x22 $x23 $x24
$x5: $v0 $v1 $a0 $a1 $a2 $a3 $t0 $t1 $t2 $t3 $t4 $t5 $t6 $t7 $s0 $s1 $s2 $s4 $s5 $s6 $s7 $t8 $t9 $ra $x1 $x2 $x3 $x4 $x5 $x6 $x7 $x8 $x9 $x10 $x11 $x12 $x13 $x14 $x15 $x16 $x17 $x18 $x19 $x20 $x21 $x22 $x23 $x24
$x6: $v0 $v1 $a0 $a1 $a2 $a3 $t0 $t1 $t2 $t3 $t4 $t5 $t6 $t7 $s0 $s1 $s2 $s3 $s5 $s6 $s7 $t8 $t9 $ra $x1 $x2 $x3 $x4 $x5 $x6 $x7 $x8 $x9 $x10 $x11 $x12 $x13 $x14 $x15 $x16 $x17 $x18 $x19 $x20 $x21 $x22 $x23 $x24
$x7: $v0 $v1 $a0 $a1 $a2 $a3 $t0 $t1 $t2 $t3 $t4 $t5 $t6 $t7 $s0 $s1 $s2 $s3 $s4 $s6 $s7 $t8 $t9 $ra $x1 $x2 $x3 $x4 $x5 $x6 $x7 $x8 $x9 $x10 $x11 $x12 $x13 $x14 $x15 $x16 $x17 $x18 $x19 $x20 $x21 $x22 $x23 $x24
$x8: $v0 $v1 $a0 $a1 $a2 $a3 $t0 $t1 $t2 $t3 $t4 $t5 $t6 $t7 $s0 $s1 $s2 $s3 $s4 $s5 $s7 $t8 $t9 $ra $x1 $x2 $x3 $x4 $x5 $x6 $x7 $x8 $x9 $x10 $x11 $x12 $x13 $x14 $x15 $x16 $x17 $x18 $x19 $x20 $x21 $x22 $x23 $x24
$x9: $v0 $v1 $a0 $a1 $a2 $a3 $t0 $t1 $t2 $t3 $t4 $t5 $t6 $t7 $s0 $s1 $s2 $s3 $s4 $s5 $s6 $t8 $t9 $ra $x1 $x2 $x3 $x4 $x5 $x6 $x7 $x8 $x9 $x10 $x11 $x12 $x13 $x14 $x15 $x16 $x17 $x18 $x19 $x20 $x21 $x22 $x23 $x24
$x10: $v0 $x1 $x2 $x3 $x4 $x5 $x6 $x7 $x8 $x9 $x10 $x11
$x11: $v0 $v1 $a0 $a1 $a2 $a3 $t0 $t1 $t2 $t3 $t4 $t5 $t6 $t7 $t8 $t9 $ra $x1 $x2 $x3 $x4 $x5 $x6 $x7 $x8 $x9 $x10 $x11 $x12 $x14 $x15 $x16 $x17 $x18
$x12: $v0 $v1 $a0 $a1 $a2 $a3 $t0 $t1 $t2 $t3 $t4 $t5 $t6 $t7 $t8 $t9 $ra $x1 $x2 $x3 $x4 $x5 $x6 $x7 $x8 $x9 $x11 $x12 $x14 $x17 $x18 $x19
$x13: $x1 $x2 $x3 $x4 $x5 $x6 $x7 $x8 $x9 $x13
$x14: $v0 $x1 $x2 $x3 $x4 $x5 $x6 $x7 $x8 $x9 $x11 $x12 $x14
$x15: $x1 $x2 $x3 $x4 $x5 $x6 $x7 $x8 $x9 $x11 $x15 $x16
$x16: $x1 $x2 $x3 $x4 $x5 $x6 $x7 $x8 $x9 $x11 $x15 $x16
$x17: $v0 $v1 $a0 $a1 $a2 $a3 $t0 $t1 $t2 $t3 $t4 $t5 $t6 $t7 $t8 $t9 $ra $x1 $x2 $x3 $x4 $x5 $x6 $x7 $x8 $x9 $x11 $x12 $x17 $x18 $x19
$x18: $v0 $v1 $a1 $a2 $a3 $t0 $t1 $t2 $t3 $t4 $t5 $t6 $t7 $t8 $t9 $ra $x1 $x2 $x3 $x4 $x5 $x6 $x7 $x8 $x9 $x11 $x12 $x17 $x18 $x19
$x19: $v0 $v1 $a1 $a2 $a3 $t0 $t1 $t2 $t3 $t4 $t5 $t6 $t7 $t8 $t9 $ra $x1 $x2 $x3 $x4 $x5 $x6 $x7 $x8 $x9 $x12 $x17 $x18 $x19
$x20: $v0 $v1 $a0 $a1 $a2 $a3 $t0 $t1 $t2 $t3 $t4 $t5 $t6 $t7 $t8 $t9 $ra $x1 $x2 $x3 $x4 $x5 $x6 $x7 $x8 $x9 $x20 $x21 $x22 $x23
$x21: $x1 $x2 $x3 $x4 $x5 $x6 $x7 $x8 $x9 $x20 $x21 $x22 $x23 $x24
$x22: $x1 $x2 $x3 $x4 $x5 $x6 $x7 $x8 $x9 $x20 $x21 $x22
$x23: $x1 $x2 $x3 $x4 $x5 $x6 $x7 $x8 $x9 $x20 $x21 $x23
$x24: $x1 $x2 $x3 $x4 $x5 $x6 $x7 $x8 $x9 $x21 $x24
###### Move graph
$v0: $x13 $x15 $x18 $x20 $x21
$a0: $x10 $x18
$s0: $x2
$s1: $x3
$s2: $x4
$s3: $x5
$s4: $x6
$s5: $x7
$s6: $x8
$s7: $x9
$ra: $x1
$x1: $ra
$x2: $s0
$x3: $s1
$x4: $s2
$x5: $s3
$x6: $s4
$x7: $s5
$x8: $s6
$x9: $s7
$x10: $a0
$x13: $v0 $x15 $x21
$x15: $v0 $x13
$x18: $v0 $a0
$x20: $v0
$x21: $v0 $x13
palette :  $v0 $v1 $a0 $a1 $a2 $a3 $t0 $t1 $t2 $t3 $t4 $t5 $t6 $t7 $s0 $s1 $s2 $s3 $s4 $s5 $s6 $s7 $t8 $t9 $ra
lowdegs :  $x10 $x13 $x14 $x15 $x16 $x21 $x22 $x23 $x24
palette :  $v0 $v1 $a0 $a1 $a2 $a3 $t0 $t1 $t2 $t3 $t4 $t5 $t6 $t7 $s0 $s1 $s2 $s3 $s4 $s5 $s6 $s7 $t8 $t9 $ra
highdegs :  $x1 $x2 $x3 $x4 $x5 $x6 $x7 $x8 $x9 $x11 $x12 $x17 $x18 $x19 $x20
reg : $x1reg adj $v0 $v1 $a0 $a1 $a2 $a3 $t0 $t1 $t2 $t3 $t4 $t5 $t6 $t7 $s0 $s1 $s2 $s3 $s4 $s5 $s6 $s7 $t8 $t9 $ra $x1 $x2 $x3 $x4 $x5 $x6 $x7 $x8 $x9 $x11 $x12 $x17 $x18 $x19 $x20
palette :  $v0 $v1 $a0 $a1 $a2 $a3 $t0 $t1 $t2 $t3 $t4 $t5 $t6 $t7 $s0 $s1 $s2 $s3 $s4 $s5 $s6 $s7 $t8 $t9 $ra
highdegs :  $x2 $x3 $x4 $x5 $x6 $x7 $x8 $x9 $x11 $x12 $x17 $x18 $x19 $x20
reg : $x9reg adj $v0 $v1 $a0 $a1 $a2 $a3 $t0 $t1 $t2 $t3 $t4 $t5 $t6 $t7 $s0 $s1 $s2 $s3 $s4 $s5 $s6 $t8 $t9 $ra $x2 $x3 $x4 $x5 $x6 $x7 $x8 $x9 $x11 $x12 $x17 $x18 $x19 $x20
palette :  $v0 $v1 $a0 $a1 $a2 $a3 $t0 $t1 $t2 $t3 $t4 $t5 $t6 $t7 $s0 $s1 $s2 $s3 $s4 $s5 $s6 $s7 $t8 $t9 $ra
highdegs :  $x2 $x3 $x4 $x5 $x6 $x7 $x8 $x11 $x12 $x17 $x18 $x19 $x20
reg : $x8reg adj $v0 $v1 $a0 $a1 $a2 $a3 $t0 $t1 $t2 $t3 $t4 $t5 $t6 $t7 $s0 $s1 $s2 $s3 $s4 $s5 $s7 $t8 $t9 $ra $x2 $x3 $x4 $x5 $x6 $x7 $x8 $x11 $x12 $x17 $x18 $x19 $x20
palette :  $v0 $v1 $a0 $a1 $a2 $a3 $t0 $t1 $t2 $t3 $t4 $t5 $t6 $t7 $s0 $s1 $s2 $s3 $s4 $s5 $s6 $s7 $t8 $t9 $ra
lowdegs :  $x20
palette :  $v0 $v1 $a0 $a1 $a2 $a3 $t0 $t1 $t2 $t3 $t4 $t5 $t6 $t7 $s0 $s1 $s2 $s3 $s4 $s5 $s6 $s7 $t8 $t9 $ra
highdegs :  $x2 $x3 $x4 $x5 $x6 $x7 $x11 $x12 $x17 $x18 $x19
reg : $x7reg adj $v0 $v1 $a0 $a1 $a2 $a3 $t0 $t1 $t2 $t3 $t4 $t5 $t6 $t7 $s0 $s1 $s2 $s3 $s4 $s6 $s7 $t8 $t9 $ra $x2 $x3 $x4 $x5 $x6 $x7 $x11 $x12 $x17 $x18 $x19
palette :  $v0 $v1 $a0 $a1 $a2 $a3 $t0 $t1 $t2 $t3 $t4 $t5 $t6 $t7 $s0 $s1 $s2 $s3 $s4 $s5 $s6 $s7 $t8 $t9 $ra
highdegs :  $x2 $x3 $x4 $x5 $x6 $x11 $x12 $x17 $x18 $x19
reg : $x6reg adj $v0 $v1 $a0 $a1 $a2 $a3 $t0 $t1 $t2 $t3 $t4 $t5 $t6 $t7 $s0 $s1 $s2 $s3 $s5 $s6 $s7 $t8 $t9 $ra $x2 $x3 $x4 $x5 $x6 $x11 $x12 $x17 $x18 $x19
palette :  $v0 $v1 $a0 $a1 $a2 $a3 $t0 $t1 $t2 $t3 $t4 $t5 $t6 $t7 $s0 $s1 $s2 $s3 $s4 $s5 $s6 $s7 $t8 $t9 $ra
lowdegs :  $x19
palette :  $v0 $v1 $a0 $a1 $a2 $a3 $t0 $t1 $t2 $t3 $t4 $t5 $t6 $t7 $s0 $s1 $s2 $s3 $s4 $s5 $s6 $s7 $t8 $t9 $ra
lowdegs :  $x18
palette :  $v0 $v1 $a0 $a1 $a2 $a3 $t0 $t1 $t2 $t3 $t4 $t5 $t6 $t7 $s0 $s1 $s2 $s3 $s4 $s5 $s6 $s7 $t8 $t9 $ra
lowdegs :  $x11 $x12 $x17
palette :  $v0 $v1 $a0 $a1 $a2 $a3 $t0 $t1 $t2 $t3 $t4 $t5 $t6 $t7 $s0 $s1 $s2 $s3 $s4 $s5 $s6 $s7 $t8 $t9 $ra
highdegs :  $x2 $x3 $x4 $x5
reg : $x5reg adj $v0 $v1 $a0 $a1 $a2 $a3 $t0 $t1 $t2 $t3 $t4 $t5 $t6 $t7 $s0 $s1 $s2 $s4 $s5 $s6 $s7 $t8 $t9 $ra $x2 $x3 $x4 $x5
palette :  $v0 $v1 $a0 $a1 $a2 $a3 $t0 $t1 $t2 $t3 $t4 $t5 $t6 $t7 $s0 $s1 $s2 $s3 $s4 $s5 $s6 $s7 $t8 $t9 $ra
highdegs :  $x2 $x3 $x4
reg : $x4reg adj $v0 $v1 $a0 $a1 $a2 $a3 $t0 $t1 $t2 $t3 $t4 $t5 $t6 $t7 $s0 $s1 $s3 $s4 $s5 $s6 $s7 $t8 $t9 $ra $x2 $x3 $x4
palette :  $v0 $v1 $a0 $a1 $a2 $a3 $t0 $t1 $t2 $t3 $t4 $t5 $t6 $t7 $s0 $s1 $s2 $s3 $s4 $s5 $s6 $s7 $t8 $t9 $ra
highdegs :  $x2 $x3
reg : $x3reg adj $v0 $v1 $a0 $a1 $a2 $a3 $t0 $t1 $t2 $t3 $t4 $t5 $t6 $t7 $s0 $s2 $s3 $s4 $s5 $s6 $s7 $t8 $t9 $ra $x2 $x3
palette :  $v0 $v1 $a0 $a1 $a2 $a3 $t0 $t1 $t2 $t3 $t4 $t5 $t6 $t7 $s0 $s1 $s2 $s3 $s4 $s5 $s6 $s7 $t8 $t9 $ra
highdegs :  $x2
reg : $x2reg adj $v0 $v1 $a0 $a1 $a2 $a3 $t0 $t1 $t2 $t3 $t4 $t5 $t6 $t7 $s1 $s2 $s3 $s4 $s5 $s6 $s7 $t8 $t9 $ra $x2
palette :  $v0 $v1 $a0 $a1 $a2 $a3 $t0 $t1 $t2 $t3 $t4 $t5 $t6 $t7 $s0 $s1 $s2 $s3 $s4 $s5 $s6 $s7 $t8 $t9 $ra
stack :  $x11 $x12 $x17 $x18 $x19 $x20 $x10 $x13 $x14 $x15 $x16 $x21 $x22 $x23 $x24
getalias : $x11$x11$s0hi
spillset :  $x1 $x2 $x3 $x4 $x5 $x6 $x7 $x8 $x9
stack :  $x12 $x17 $x18 $x19 $x20 $x10 $x13 $x14 $x15 $x16 $x21 $x22 $x23 $x24
getalias : $x12$x12$s1hi
spillset :  $x1 $x2 $x3 $x4 $x5 $x6 $x7 $x8 $x9
stack :  $x17 $x18 $x19 $x20 $x10 $x13 $x14 $x15 $x16 $x21 $x22 $x23 $x24
getalias : $x17$x17$s2hi
spillset :  $x1 $x2 $x3 $x4 $x5 $x6 $x7 $x8 $x9
stack :  $x18 $x19 $x20 $x10 $x13 $x14 $x15 $x16 $x21 $x22 $x23 $x24
getalias : $x18$x18$a0hi
spillset :  $x1 $x2 $x3 $x4 $x5 $x6 $x7 $x8 $x9
stack :  $x19 $x20 $x10 $x13 $x14 $x15 $x16 $x21 $x22 $x23 $x24
getalias : $x19$x19$s0hi
spillset :  $x1 $x2 $x3 $x4 $x5 $x6 $x7 $x8 $x9
stack :  $x20 $x10 $x13 $x14 $x15 $x16 $x21 $x22 $x23 $x24
getalias : $x20$x20$s0hi
spillset :  $x1 $x2 $x3 $x4 $x5 $x6 $x7 $x8 $x9
stack :  $x10 $x13 $x14 $x15 $x16 $x21 $x22 $x23 $x24
getalias : $x10$x10$v1hi
spillset :  $x1 $x2 $x3 $x4 $x5 $x6 $x7 $x8 $x9
stack :  $x13 $x14 $x15 $x16 $x21 $x22 $x23 $x24
getalias : $x13$x21$v0hi
spillset :  $x1 $x2 $x3 $x4 $x5 $x6 $x7 $x8 $x9
stack :  $x14 $x15 $x16 $x21 $x22 $x23 $x24
getalias : $x14$x14$v1hi
spillset :  $x1 $x2 $x3 $x4 $x5 $x6 $x7 $x8 $x9
stack :  $x15 $x16 $x21 $x22 $x23 $x24
getalias : $x15$x15$v0hi
spillset :  $x1 $x2 $x3 $x4 $x5 $x6 $x7 $x8 $x9
stack :  $x16 $x21 $x22 $x23 $x24
getalias : $x16$x16$v1hi
spillset :  $x1 $x2 $x3 $x4 $x5 $x6 $x7 $x8 $x9
stack :  $x21 $x22 $x23 $x24
getalias : $x21$x21$v0hi
spillset :  $x1 $x2 $x3 $x4 $x5 $x6 $x7 $x8 $x9
stack :  $x22 $x23 $x24
getalias : $x22$x22$v1hi
spillset :  $x1 $x2 $x3 $x4 $x5 $x6 $x7 $x8 $x9
stack :  $x23 $x24
getalias : $x23$x23$v1hi
spillset :  $x1 $x2 $x3 $x4 $x5 $x6 $x7 $x8 $x9
stack :  $x24
getalias : $x24$x24$v1hi
spillset :  $x1 $x2 $x3 $x4 $x5 $x6 $x7 $x8 $x9
Register Allocation verified.
Spills: $x1 $x2 $x3 $x4 $x5 $x6 $x7 $x8 $x9 
rename_regs : $x10rename_regs : $x11rename_regs : $x10rename_regs : $x12rename_regs : $x10rename_regs : $x14rename_regs : $x11rename_regs : $x12rename_regs : $x14rename_regs : $x15rename_regs : $x16rename_regs : $x16rename_regs : $x15rename_regs : $x11rename_regs : $x15rename_regs : $x13rename_regs : $x15rename_regs : $x17rename_regs : $x18rename_regs : $x19rename_regs : $x11rename_regs : $x12rename_regs : $x19rename_regs : $x18rename_regs : $x12rename_regs : $x18rename_regs : $x18rename_regs : $x17rename_regs : $x20rename_regs : $x21rename_regs : $x23rename_regs : $x20rename_regs : $x22rename_regs : $x23rename_regs : $x22rename_regs : $x21rename_regs : $x24rename_regs : $x20rename_regs : $x24rename_regs : $x21rename_regs : $x13rename_regs : $x21rename_regs : $x13################## LIVENESS: _divide_rec
################## INTERFERENCE GRAPH 
$v0: $v0 $v1 $a0 $a1 $a2 $a3 $t0 $t1 $t2 $t3 $t4 $t5 $t6 $t7 $s0 $s1 $s2 $s3 $s4 $s5 $s6 $s7 $t8 $t9 $sp $ra
$v1: $v0 $v1 $a0 $a1 $a2 $a3 $t0 $t1 $t2 $t3 $t4 $t5 $t6 $t7 $s0 $s1 $s2 $t8 $t9 $sp $ra
$a0: $v0 $v1 $a0 $a1 $a2 $a3 $t0 $t1 $t2 $t3 $t4 $t5 $t6 $t7 $s0 $s1 $s2 $t8 $t9 $sp $ra
$a1: $v0 $v1 $a0 $a1 $a2 $a3 $t0 $t1 $t2 $t3 $t4 $t5 $t6 $t7 $s0 $s1 $s2 $t8 $t9 $sp $ra
$a2: $v0 $v1 $a0 $a1 $a2 $a3 $t0 $t1 $t2 $t3 $t4 $t5 $t6 $t7 $s0 $s1 $s2 $t8 $t9 $sp $ra
$a3: $v0 $v1 $a0 $a1 $a2 $a3 $t0 $t1 $t2 $t3 $t4 $t5 $t6 $t7 $s0 $s1 $s2 $t8 $t9 $sp $ra
$t0: $v0 $v1 $a0 $a1 $a2 $a3 $t0 $t1 $t2 $t3 $t4 $t5 $t6 $t7 $s0 $s1 $s2 $t8 $t9 $sp $ra
$t1: $v0 $v1 $a0 $a1 $a2 $a3 $t0 $t1 $t2 $t3 $t4 $t5 $t6 $t7 $s0 $s1 $s2 $t8 $t9 $sp $ra
$t2: $v0 $v1 $a0 $a1 $a2 $a3 $t0 $t1 $t2 $t3 $t4 $t5 $t6 $t7 $s0 $s1 $s2 $t8 $t9 $sp $ra
$t3: $v0 $v1 $a0 $a1 $a2 $a3 $t0 $t1 $t2 $t3 $t4 $t5 $t6 $t7 $s0 $s1 $s2 $t8 $t9 $sp $ra
$t4: $v0 $v1 $a0 $a1 $a2 $a3 $t0 $t1 $t2 $t3 $t4 $t5 $t6 $t7 $s0 $s1 $s2 $t8 $t9 $sp $ra
$t5: $v0 $v1 $a0 $a1 $a2 $a3 $t0 $t1 $t2 $t3 $t4 $t5 $t6 $t7 $s0 $s1 $s2 $t8 $t9 $sp $ra
$t6: $v0 $v1 $a0 $a1 $a2 $a3 $t0 $t1 $t2 $t3 $t4 $t5 $t6 $t7 $s0 $s1 $s2 $t8 $t9 $sp $ra
$t7: $v0 $v1 $a0 $a1 $a2 $a3 $t0 $t1 $t2 $t3 $t4 $t5 $t6 $t7 $s0 $s1 $s2 $t8 $t9 $sp $ra
$s0: $v0 $v1 $a0 $a1 $a2 $a3 $t0 $t1 $t2 $t3 $t4 $t5 $t6 $t7 $s0 $s1 $s2 $s3 $s4 $s5 $s6 $s7 $t8 $t9 $sp $ra
$s1: $v0 $v1 $a0 $a1 $a2 $a3 $t0 $t1 $t2 $t3 $t4 $t5 $t6 $t7 $s0 $s1 $s2 $s3 $s4 $s5 $s6 $s7 $t8 $t9 $sp $ra
$s2: $v0 $v1 $a0 $a1 $a2 $a3 $t0 $t1 $t2 $t3 $t4 $t5 $t6 $t7 $s0 $s1 $s2 $s3 $s4 $s5 $s6 $s7 $t8 $t9 $sp $ra
$s3: $v0 $s0 $s1 $s2 $s3 $s4 $s5 $s6 $s7 $sp $ra
$s4: $v0 $s0 $s1 $s2 $s3 $s4 $s5 $s6 $s7 $sp $ra
$s5: $v0 $s0 $s1 $s2 $s3 $s4 $s5 $s6 $s7 $sp $ra
$s6: $v0 $s0 $s1 $s2 $s3 $s4 $s5 $s6 $s7 $sp $ra
$s7: $v0 $s0 $s1 $s2 $s3 $s4 $s5 $s6 $s7 $ra
$t8: $v0 $v1 $a0 $a1 $a2 $a3 $t0 $t1 $t2 $t3 $t4 $t5 $t6 $t7 $s0 $s1 $s2 $t8 $t9 $sp $ra
$t9: $v0 $v1 $a0 $a1 $a2 $a3 $t0 $t1 $t2 $t3 $t4 $t5 $t6 $t7 $s0 $s1 $s2 $t8 $t9 $sp $ra
$sp: $v0 $v1 $a0 $a1 $a2 $a3 $t0 $t1 $t2 $t3 $t4 $t5 $t6 $t7 $s0 $s1 $s2 $s3 $s4 $s5 $s6 $t8 $t9 $ra
$ra: $v0 $v1 $a0 $a1 $a2 $a3 $t0 $t1 $t2 $t3 $t4 $t5 $t6 $t7 $s0 $s1 $s2 $s3 $s4 $s5 $s6 $s7 $t8 $t9 $sp $ra
###### Move graph
$v0: $v0 $a0 $s0
$v1: $a0
$a0: $v0 $v1 $a0
$s0: $v0
palette :  $v0 $v1 $a0 $a1 $a2 $a3 $t0 $t1 $t2 $t3 $t4 $t5 $t6 $t7 $s0 $s1 $s2 $s3 $s4 $s5 $s6 $s7 $t8 $t9 $ra
Spills: 
hi
################## LIVENESS: _main
################## INTERFERENCE GRAPH 
$v0: $v0 $v1 $a0 $a1 $a2 $a3 $t0 $t1 $t2 $t3 $t4 $t5 $t6 $t7 $s0 $s1 $s2 $s3 $s4 $s5 $s6 $s7 $t8 $t9 $ra $x25 $x26 $x27 $x28 $x29 $x30 $x31 $x32 $x33 $x34 $x35 $x36 $x37 $x38 $x39 $x40 $x41 $x42 $x43 $x44 $x45 $x46 $x47 $x48 $x49
$v1: $v0 $v1 $a0 $a1 $a2 $a3 $t0 $t1 $t2 $t3 $t4 $t5 $t6 $t7 $t8 $t9 $ra $x25 $x26 $x27 $x28 $x29 $x30 $x31 $x32 $x33 $x35 $x36 $x37 $x38 $x39 $x40 $x41 $x43 $x44 $x45 $x46 $x47 $x48 $x49
$a0: $v0 $v1 $a0 $a1 $a2 $a3 $t0 $t1 $t2 $t3 $t4 $t5 $t6 $t7 $t8 $t9 $ra $x25 $x26 $x27 $x28 $x29 $x30 $x31 $x32 $x33 $x35 $x36 $x43 $x44
$a1: $v0 $v1 $a0 $a1 $a2 $a3 $t0 $t1 $t2 $t3 $t4 $t5 $t6 $t7 $t8 $t9 $ra $x25 $x26 $x27 $x28 $x29 $x30 $x31 $x32 $x33 $x35 $x36 $x37 $x38 $x39 $x40 $x41 $x43 $x44 $x45 $x46 $x47 $x48 $x49
$a2: $v0 $v1 $a0 $a1 $a2 $a3 $t0 $t1 $t2 $t3 $t4 $t5 $t6 $t7 $t8 $t9 $ra $x25 $x26 $x27 $x28 $x29 $x30 $x31 $x32 $x33 $x35 $x36 $x37 $x38 $x39 $x40 $x41 $x43 $x44 $x45 $x46 $x47 $x48 $x49
$a3: $v0 $v1 $a0 $a1 $a2 $a3 $t0 $t1 $t2 $t3 $t4 $t5 $t6 $t7 $t8 $t9 $ra $x25 $x26 $x27 $x28 $x29 $x30 $x31 $x32 $x33 $x35 $x36 $x37 $x38 $x39 $x40 $x41 $x43 $x44 $x45 $x46 $x47 $x48 $x49
$t0: $v0 $v1 $a0 $a1 $a2 $a3 $t0 $t1 $t2 $t3 $t4 $t5 $t6 $t7 $t8 $t9 $ra $x25 $x26 $x27 $x28 $x29 $x30 $x31 $x32 $x33 $x35 $x36 $x37 $x38 $x39 $x40 $x41 $x43 $x44 $x45 $x46 $x47 $x48 $x49
$t1: $v0 $v1 $a0 $a1 $a2 $a3 $t0 $t1 $t2 $t3 $t4 $t5 $t6 $t7 $t8 $t9 $ra $x25 $x26 $x27 $x28 $x29 $x30 $x31 $x32 $x33 $x35 $x36 $x37 $x38 $x39 $x40 $x41 $x43 $x44 $x45 $x46 $x47 $x48 $x49
$t2: $v0 $v1 $a0 $a1 $a2 $a3 $t0 $t1 $t2 $t3 $t4 $t5 $t6 $t7 $t8 $t9 $ra $x25 $x26 $x27 $x28 $x29 $x30 $x31 $x32 $x33 $x35 $x36 $x37 $x38 $x39 $x40 $x41 $x43 $x44 $x45 $x46 $x47 $x48 $x49
$t3: $v0 $v1 $a0 $a1 $a2 $a3 $t0 $t1 $t2 $t3 $t4 $t5 $t6 $t7 $t8 $t9 $ra $x25 $x26 $x27 $x28 $x29 $x30 $x31 $x32 $x33 $x35 $x36 $x37 $x38 $x39 $x40 $x41 $x43 $x44 $x45 $x46 $x47 $x48 $x49
$t4: $v0 $v1 $a0 $a1 $a2 $a3 $t0 $t1 $t2 $t3 $t4 $t5 $t6 $t7 $t8 $t9 $ra $x25 $x26 $x27 $x28 $x29 $x30 $x31 $x32 $x33 $x35 $x36 $x37 $x38 $x39 $x40 $x41 $x43 $x44 $x45 $x46 $x47 $x48 $x49
$t5: $v0 $v1 $a0 $a1 $a2 $a3 $t0 $t1 $t2 $t3 $t4 $t5 $t6 $t7 $t8 $t9 $ra $x25 $x26 $x27 $x28 $x29 $x30 $x31 $x32 $x33 $x35 $x36 $x37 $x38 $x39 $x40 $x41 $x43 $x44 $x45 $x46 $x47 $x48 $x49
$t6: $v0 $v1 $a0 $a1 $a2 $a3 $t0 $t1 $t2 $t3 $t4 $t5 $t6 $t7 $t8 $t9 $ra $x25 $x26 $x27 $x28 $x29 $x30 $x31 $x32 $x33 $x35 $x36 $x37 $x38 $x39 $x40 $x41 $x43 $x44 $x45 $x46 $x47 $x48 $x49
$t7: $v0 $v1 $a0 $a1 $a2 $a3 $t0 $t1 $t2 $t3 $t4 $t5 $t6 $t7 $t8 $t9 $ra $x25 $x26 $x27 $x28 $x29 $x30 $x31 $x32 $x33 $x35 $x36 $x37 $x38 $x39 $x40 $x41 $x43 $x44 $x45 $x46 $x47 $x48 $x49
$s0: $v0 $s0 $s1 $s2 $s3 $s4 $s5 $s6 $s7 $ra $x25 $x27 $x28 $x29 $x30 $x31 $x32 $x33
$s1: $v0 $s0 $s1 $s2 $s3 $s4 $s5 $s6 $s7 $ra $x25 $x26 $x28 $x29 $x30 $x31 $x32 $x33
$s2: $v0 $s0 $s1 $s2 $s3 $s4 $s5 $s6 $s7 $ra $x25 $x26 $x27 $x29 $x30 $x31 $x32 $x33
$s3: $v0 $s0 $s1 $s2 $s3 $s4 $s5 $s6 $s7 $ra $x25 $x26 $x27 $x28 $x30 $x31 $x32 $x33
$s4: $v0 $s0 $s1 $s2 $s3 $s4 $s5 $s6 $s7 $ra $x25 $x26 $x27 $x28 $x29 $x31 $x32 $x33
$s5: $v0 $s0 $s1 $s2 $s3 $s4 $s5 $s6 $s7 $ra $x25 $x26 $x27 $x28 $x29 $x30 $x32 $x33
$s6: $v0 $s0 $s1 $s2 $s3 $s4 $s5 $s6 $s7 $ra $x25 $x26 $x27 $x28 $x29 $x30 $x31 $x33
$s7: $v0 $s0 $s1 $s2 $s3 $s4 $s5 $s6 $s7 $ra $x25 $x26 $x27 $x28 $x29 $x30 $x31 $x32
$t8: $v0 $v1 $a0 $a1 $a2 $a3 $t0 $t1 $t2 $t3 $t4 $t5 $t6 $t7 $t8 $t9 $ra $x25 $x26 $x27 $x28 $x29 $x30 $x31 $x32 $x33 $x35 $x36 $x37 $x38 $x39 $x40 $x41 $x43 $x44 $x45 $x46 $x47 $x48 $x49
$t9: $v0 $v1 $a0 $a1 $a2 $a3 $t0 $t1 $t2 $t3 $t4 $t5 $t6 $t7 $t8 $t9 $ra $x25 $x26 $x27 $x28 $x29 $x30 $x31 $x32 $x33 $x35 $x36 $x37 $x38 $x39 $x40 $x41 $x43 $x44 $x45 $x46 $x47 $x48 $x49
$ra: $v0 $v1 $a0 $a1 $a2 $a3 $t0 $t1 $t2 $t3 $t4 $t5 $t6 $t7 $s0 $s1 $s2 $s3 $s4 $s5 $s6 $s7 $t8 $t9 $ra $x25 $x26 $x27 $x28 $x29 $x30 $x31 $x32 $x33 $x35 $x36 $x37 $x38 $x39 $x40 $x41 $x43 $x44 $x45 $x46 $x47 $x48 $x49
$x25: $v0 $v1 $a0 $a1 $a2 $a3 $t0 $t1 $t2 $t3 $t4 $t5 $t6 $t7 $s0 $s1 $s2 $s3 $s4 $s5 $s6 $s7 $t8 $t9 $ra $x25 $x26 $x27 $x28 $x29 $x30 $x31 $x32 $x33 $x34 $x35 $x36 $x37 $x38 $x39 $x40 $x41 $x42 $x43 $x44 $x45 $x46 $x47 $x48 $x49 $x50 $x51
$x26: $v0 $v1 $a0 $a1 $a2 $a3 $t0 $t1 $t2 $t3 $t4 $t5 $t6 $t7 $s1 $s2 $s3 $s4 $s5 $s6 $s7 $t8 $t9 $ra $x25 $x26 $x27 $x28 $x29 $x30 $x31 $x32 $x33 $x34 $x35 $x36 $x37 $x38 $x39 $x40 $x41 $x42 $x43 $x44 $x45 $x46 $x47 $x48 $x49 $x50 $x51
$x27: $v0 $v1 $a0 $a1 $a2 $a3 $t0 $t1 $t2 $t3 $t4 $t5 $t6 $t7 $s0 $s2 $s3 $s4 $s5 $s6 $s7 $t8 $t9 $ra $x25 $x26 $x27 $x28 $x29 $x30 $x31 $x32 $x33 $x34 $x35 $x36 $x37 $x38 $x39 $x40 $x41 $x42 $x43 $x44 $x45 $x46 $x47 $x48 $x49 $x50 $x51
$x28: $v0 $v1 $a0 $a1 $a2 $a3 $t0 $t1 $t2 $t3 $t4 $t5 $t6 $t7 $s0 $s1 $s3 $s4 $s5 $s6 $s7 $t8 $t9 $ra $x25 $x26 $x27 $x28 $x29 $x30 $x31 $x32 $x33 $x34 $x35 $x36 $x37 $x38 $x39 $x40 $x41 $x42 $x43 $x44 $x45 $x46 $x47 $x48 $x49 $x50 $x51
$x29: $v0 $v1 $a0 $a1 $a2 $a3 $t0 $t1 $t2 $t3 $t4 $t5 $t6 $t7 $s0 $s1 $s2 $s4 $s5 $s6 $s7 $t8 $t9 $ra $x25 $x26 $x27 $x28 $x29 $x30 $x31 $x32 $x33 $x34 $x35 $x36 $x37 $x38 $x39 $x40 $x41 $x42 $x43 $x44 $x45 $x46 $x47 $x48 $x49 $x50 $x51
$x30: $v0 $v1 $a0 $a1 $a2 $a3 $t0 $t1 $t2 $t3 $t4 $t5 $t6 $t7 $s0 $s1 $s2 $s3 $s5 $s6 $s7 $t8 $t9 $ra $x25 $x26 $x27 $x28 $x29 $x30 $x31 $x32 $x33 $x34 $x35 $x36 $x37 $x38 $x39 $x40 $x41 $x42 $x43 $x44 $x45 $x46 $x47 $x48 $x49 $x50 $x51
$x31: $v0 $v1 $a0 $a1 $a2 $a3 $t0 $t1 $t2 $t3 $t4 $t5 $t6 $t7 $s0 $s1 $s2 $s3 $s4 $s6 $s7 $t8 $t9 $ra $x25 $x26 $x27 $x28 $x29 $x30 $x31 $x32 $x33 $x34 $x35 $x36 $x37 $x38 $x39 $x40 $x41 $x42 $x43 $x44 $x45 $x46 $x47 $x48 $x49 $x50 $x51
$x32: $v0 $v1 $a0 $a1 $a2 $a3 $t0 $t1 $t2 $t3 $t4 $t5 $t6 $t7 $s0 $s1 $s2 $s3 $s4 $s5 $s7 $t8 $t9 $ra $x25 $x26 $x27 $x28 $x29 $x30 $x31 $x32 $x33 $x34 $x35 $x36 $x37 $x38 $x39 $x40 $x41 $x42 $x43 $x44 $x45 $x46 $x47 $x48 $x49 $x50 $x51
$x33: $v0 $v1 $a0 $a1 $a2 $a3 $t0 $t1 $t2 $t3 $t4 $t5 $t6 $t7 $s0 $s1 $s2 $s3 $s4 $s5 $s6 $t8 $t9 $ra $x25 $x26 $x27 $x28 $x29 $x30 $x31 $x32 $x33 $x34 $x35 $x36 $x37 $x38 $x39 $x40 $x41 $x42 $x43 $x44 $x45 $x46 $x47 $x48 $x49 $x50 $x51
$x34: $v0 $x25 $x26 $x27 $x28 $x29 $x30 $x31 $x32 $x33
$x35: $v0 $v1 $a0 $a1 $a2 $a3 $t0 $t1 $t2 $t3 $t4 $t5 $t6 $t7 $t8 $t9 $ra $x25 $x26 $x27 $x28 $x29 $x30 $x31 $x32 $x33 $x35 $x36 $x37 $x38 $x39 $x40 $x41
$x36: $v0 $v1 $a0 $a1 $a2 $a3 $t0 $t1 $t2 $t3 $t4 $t5 $t6 $t7 $t8 $t9 $ra $x25 $x26 $x27 $x28 $x29 $x30 $x31 $x32 $x33 $x35 $x36 $x37 $x38 $x39
$x37: $v0 $v1 $a1 $a2 $a3 $t0 $t1 $t2 $t3 $t4 $t5 $t6 $t7 $t8 $t9 $ra $x25 $x26 $x27 $x28 $x29 $x30 $x31 $x32 $x33 $x35 $x36 $x37 $x38 $x39
$x38: $v0 $v1 $a1 $a2 $a3 $t0 $t1 $t2 $t3 $t4 $t5 $t6 $t7 $t8 $t9 $ra $x25 $x26 $x27 $x28 $x29 $x30 $x31 $x32 $x33 $x35 $x36 $x37 $x38
$x39: $v0 $v1 $a1 $a2 $a3 $t0 $t1 $t2 $t3 $t4 $t5 $t6 $t7 $t8 $t9 $ra $x25 $x26 $x27 $x28 $x29 $x30 $x31 $x32 $x33 $x35 $x36 $x37 $x39
$x40: $v0 $v1 $a1 $a2 $a3 $t0 $t1 $t2 $t3 $t4 $t5 $t6 $t7 $t8 $t9 $ra $x25 $x26 $x27 $x28 $x29 $x30 $x31 $x32 $x33 $x35 $x40
$x41: $v0 $v1 $a1 $a2 $a3 $t0 $t1 $t2 $t3 $t4 $t5 $t6 $t7 $t8 $t9 $ra $x25 $x26 $x27 $x28 $x29 $x30 $x31 $x32 $x33 $x35 $x41
$x42: $v0 $x25 $x26 $x27 $x28 $x29 $x30 $x31 $x32 $x33
$x43: $v0 $v1 $a0 $a1 $a2 $a3 $t0 $t1 $t2 $t3 $t4 $t5 $t6 $t7 $t8 $t9 $ra $x25 $x26 $x27 $x28 $x29 $x30 $x31 $x32 $x33 $x43 $x44 $x45 $x46 $x47 $x48 $x49
$x44: $v0 $v1 $a0 $a1 $a2 $a3 $t0 $t1 $t2 $t3 $t4 $t5 $t6 $t7 $t8 $t9 $ra $x25 $x26 $x27 $x28 $x29 $x30 $x31 $x32 $x33 $x43 $x44 $x45 $x46 $x47
$x45: $v0 $v1 $a1 $a2 $a3 $t0 $t1 $t2 $t3 $t4 $t5 $t6 $t7 $t8 $t9 $ra $x25 $x26 $x27 $x28 $x29 $x30 $x31 $x32 $x33 $x43 $x44 $x45 $x46 $x47
$x46: $v0 $v1 $a1 $a2 $a3 $t0 $t1 $t2 $t3 $t4 $t5 $t6 $t7 $t8 $t9 $ra $x25 $x26 $x27 $x28 $x29 $x30 $x31 $x32 $x33 $x43 $x44 $x45 $x46
$x47: $v0 $v1 $a1 $a2 $a3 $t0 $t1 $t2 $t3 $t4 $t5 $t6 $t7 $t8 $t9 $ra $x25 $x26 $x27 $x28 $x29 $x30 $x31 $x32 $x33 $x43 $x44 $x45 $x47
$x48: $v0 $v1 $a1 $a2 $a3 $t0 $t1 $t2 $t3 $t4 $t5 $t6 $t7 $t8 $t9 $ra $x25 $x26 $x27 $x28 $x29 $x30 $x31 $x32 $x33 $x43 $x48
$x49: $v0 $v1 $a1 $a2 $a3 $t0 $t1 $t2 $t3 $t4 $t5 $t6 $t7 $t8 $t9 $ra $x25 $x26 $x27 $x28 $x29 $x30 $x31 $x32 $x33 $x43 $x49
$x50: $x25 $x26 $x27 $x28 $x29 $x30 $x31 $x32 $x33
$x51: $x25 $x26 $x27 $x28 $x29 $x30 $x31 $x32 $x33 $x51
###### Move graph
$v0: $x37 $x40 $x42 $x45 $x48 $x50 $x51
$a0: $x34 $x37 $x41 $x45 $x49
$s0: $x26
$s1: $x27
$s2: $x28
$s3: $x29
$s4: $x30
$s5: $x31
$s6: $x32
$s7: $x33
$ra: $x25
$x25: $ra
$x26: $s0
$x27: $s1
$x28: $s2
$x29: $s3
$x30: $s4
$x31: $s5
$x32: $s6
$x33: $s7
$x34: $a0
$x37: $v0 $a0
$x40: $v0
$x41: $a0
$x42: $v0
$x45: $v0 $a0
$x48: $v0
$x49: $a0
$x50: $v0
$x51: $v0
palette :  $v0 $v1 $a0 $a1 $a2 $a3 $t0 $t1 $t2 $t3 $t4 $t5 $t6 $t7 $s0 $s1 $s2 $s3 $s4 $s5 $s6 $s7 $t8 $t9 $ra
lowdegs :  $x34 $x42 $x50 $x51
palette :  $v0 $v1 $a0 $a1 $a2 $a3 $t0 $t1 $t2 $t3 $t4 $t5 $t6 $t7 $s0 $s1 $s2 $s3 $s4 $s5 $s6 $s7 $t8 $t9 $ra
highdegs :  $x25 $x26 $x27 $x28 $x29 $x30 $x31 $x32 $x33 $x35 $x36 $x37 $x38 $x39 $x40 $x41 $x43 $x44 $x45 $x46 $x47 $x48 $x49
reg : $x25reg adj $v0 $v1 $a0 $a1 $a2 $a3 $t0 $t1 $t2 $t3 $t4 $t5 $t6 $t7 $s0 $s1 $s2 $s3 $s4 $s5 $s6 $s7 $t8 $t9 $ra $x25 $x26 $x27 $x28 $x29 $x30 $x31 $x32 $x33 $x35 $x36 $x37 $x38 $x39 $x40 $x41 $x43 $x44 $x45 $x46 $x47 $x48 $x49
palette :  $v0 $v1 $a0 $a1 $a2 $a3 $t0 $t1 $t2 $t3 $t4 $t5 $t6 $t7 $s0 $s1 $s2 $s3 $s4 $s5 $s6 $s7 $t8 $t9 $ra
highdegs :  $x26 $x27 $x28 $x29 $x30 $x31 $x32 $x33 $x35 $x36 $x37 $x38 $x39 $x40 $x41 $x43 $x44 $x45 $x46 $x47 $x48 $x49
reg : $x33reg adj $v0 $v1 $a0 $a1 $a2 $a3 $t0 $t1 $t2 $t3 $t4 $t5 $t6 $t7 $s0 $s1 $s2 $s3 $s4 $s5 $s6 $t8 $t9 $ra $x26 $x27 $x28 $x29 $x30 $x31 $x32 $x33 $x35 $x36 $x37 $x38 $x39 $x40 $x41 $x43 $x44 $x45 $x46 $x47 $x48 $x49
palette :  $v0 $v1 $a0 $a1 $a2 $a3 $t0 $t1 $t2 $t3 $t4 $t5 $t6 $t7 $s0 $s1 $s2 $s3 $s4 $s5 $s6 $s7 $t8 $t9 $ra
highdegs :  $x26 $x27 $x28 $x29 $x30 $x31 $x32 $x35 $x36 $x37 $x38 $x39 $x40 $x41 $x43 $x44 $x45 $x46 $x47 $x48 $x49
reg : $x32reg adj $v0 $v1 $a0 $a1 $a2 $a3 $t0 $t1 $t2 $t3 $t4 $t5 $t6 $t7 $s0 $s1 $s2 $s3 $s4 $s5 $s7 $t8 $t9 $ra $x26 $x27 $x28 $x29 $x30 $x31 $x32 $x35 $x36 $x37 $x38 $x39 $x40 $x41 $x43 $x44 $x45 $x46 $x47 $x48 $x49
palette :  $v0 $v1 $a0 $a1 $a2 $a3 $t0 $t1 $t2 $t3 $t4 $t5 $t6 $t7 $s0 $s1 $s2 $s3 $s4 $s5 $s6 $s7 $t8 $t9 $ra
lowdegs :  $x40 $x41 $x48 $x49
palette :  $v0 $v1 $a0 $a1 $a2 $a3 $t0 $t1 $t2 $t3 $t4 $t5 $t6 $t7 $s0 $s1 $s2 $s3 $s4 $s5 $s6 $s7 $t8 $t9 $ra
highdegs :  $x26 $x27 $x28 $x29 $x30 $x31 $x35 $x36 $x37 $x38 $x39 $x43 $x44 $x45 $x46 $x47
reg : $x31reg adj $v0 $v1 $a0 $a1 $a2 $a3 $t0 $t1 $t2 $t3 $t4 $t5 $t6 $t7 $s0 $s1 $s2 $s3 $s4 $s6 $s7 $t8 $t9 $ra $x26 $x27 $x28 $x29 $x30 $x31 $x35 $x36 $x37 $x38 $x39 $x43 $x44 $x45 $x46 $x47
palette :  $v0 $v1 $a0 $a1 $a2 $a3 $t0 $t1 $t2 $t3 $t4 $t5 $t6 $t7 $s0 $s1 $s2 $s3 $s4 $s5 $s6 $s7 $t8 $t9 $ra
highdegs :  $x26 $x27 $x28 $x29 $x30 $x35 $x36 $x37 $x38 $x39 $x43 $x44 $x45 $x46 $x47
reg : $x30reg adj $v0 $v1 $a0 $a1 $a2 $a3 $t0 $t1 $t2 $t3 $t4 $t5 $t6 $t7 $s0 $s1 $s2 $s3 $s5 $s6 $s7 $t8 $t9 $ra $x26 $x27 $x28 $x29 $x30 $x35 $x36 $x37 $x38 $x39 $x43 $x44 $x45 $x46 $x47
palette :  $v0 $v1 $a0 $a1 $a2 $a3 $t0 $t1 $t2 $t3 $t4 $t5 $t6 $t7 $s0 $s1 $s2 $s3 $s4 $s5 $s6 $s7 $t8 $t9 $ra
lowdegs :  $x38 $x39 $x46 $x47
palette :  $v0 $v1 $a0 $a1 $a2 $a3 $t0 $t1 $t2 $t3 $t4 $t5 $t6 $t7 $s0 $s1 $s2 $s3 $s4 $s5 $s6 $s7 $t8 $t9 $ra
lowdegs :  $x35 $x36 $x37 $x43 $x44 $x45
palette :  $v0 $v1 $a0 $a1 $a2 $a3 $t0 $t1 $t2 $t3 $t4 $t5 $t6 $t7 $s0 $s1 $s2 $s3 $s4 $s5 $s6 $s7 $t8 $t9 $ra
highdegs :  $x26 $x27 $x28 $x29
reg : $x29reg adj $v0 $v1 $a0 $a1 $a2 $a3 $t0 $t1 $t2 $t3 $t4 $t5 $t6 $t7 $s0 $s1 $s2 $s4 $s5 $s6 $s7 $t8 $t9 $ra $x26 $x27 $x28 $x29
palette :  $v0 $v1 $a0 $a1 $a2 $a3 $t0 $t1 $t2 $t3 $t4 $t5 $t6 $t7 $s0 $s1 $s2 $s3 $s4 $s5 $s6 $s7 $t8 $t9 $ra
highdegs :  $x26 $x27 $x28
reg : $x28reg adj $v0 $v1 $a0 $a1 $a2 $a3 $t0 $t1 $t2 $t3 $t4 $t5 $t6 $t7 $s0 $s1 $s3 $s4 $s5 $s6 $s7 $t8 $t9 $ra $x26 $x27 $x28
palette :  $v0 $v1 $a0 $a1 $a2 $a3 $t0 $t1 $t2 $t3 $t4 $t5 $t6 $t7 $s0 $s1 $s2 $s3 $s4 $s5 $s6 $s7 $t8 $t9 $ra
highdegs :  $x26 $x27
reg : $x27reg adj $v0 $v1 $a0 $a1 $a2 $a3 $t0 $t1 $t2 $t3 $t4 $t5 $t6 $t7 $s0 $s2 $s3 $s4 $s5 $s6 $s7 $t8 $t9 $ra $x26 $x27
palette :  $v0 $v1 $a0 $a1 $a2 $a3 $t0 $t1 $t2 $t3 $t4 $t5 $t6 $t7 $s0 $s1 $s2 $s3 $s4 $s5 $s6 $s7 $t8 $t9 $ra
highdegs :  $x26
reg : $x26reg adj $v0 $v1 $a0 $a1 $a2 $a3 $t0 $t1 $t2 $t3 $t4 $t5 $t6 $t7 $s1 $s2 $s3 $s4 $s5 $s6 $s7 $t8 $t9 $ra $x26
palette :  $v0 $v1 $a0 $a1 $a2 $a3 $t0 $t1 $t2 $t3 $t4 $t5 $t6 $t7 $s0 $s1 $s2 $s3 $s4 $s5 $s6 $s7 $t8 $t9 $ra
stack :  $x35 $x36 $x37 $x43 $x44 $x45 $x38 $x39 $x46 $x47 $x40 $x41 $x48 $x49 $x34 $x42 $x50 $x51
getalias : $x35$x35$s0hi
spillset :  $x25 $x26 $x27 $x28 $x29 $x30 $x31 $x32 $x33
stack :  $x36 $x37 $x43 $x44 $x45 $x38 $x39 $x46 $x47 $x40 $x41 $x48 $x49 $x34 $x42 $x50 $x51
getalias : $x36$x36$s1hi
spillset :  $x25 $x26 $x27 $x28 $x29 $x30 $x31 $x32 $x33
stack :  $x37 $x43 $x44 $x45 $x38 $x39 $x46 $x47 $x40 $x41 $x48 $x49 $x34 $x42 $x50 $x51
getalias : $x37$x37$a0hi
spillset :  $x25 $x26 $x27 $x28 $x29 $x30 $x31 $x32 $x33
stack :  $x43 $x44 $x45 $x38 $x39 $x46 $x47 $x40 $x41 $x48 $x49 $x34 $x42 $x50 $x51
getalias : $x43$x43$s0hi
spillset :  $x25 $x26 $x27 $x28 $x29 $x30 $x31 $x32 $x33
stack :  $x44 $x45 $x38 $x39 $x46 $x47 $x40 $x41 $x48 $x49 $x34 $x42 $x50 $x51
getalias : $x44$x44$s1hi
spillset :  $x25 $x26 $x27 $x28 $x29 $x30 $x31 $x32 $x33
stack :  $x45 $x38 $x39 $x46 $x47 $x40 $x41 $x48 $x49 $x34 $x42 $x50 $x51
getalias : $x45$x45$a0hi
spillset :  $x25 $x26 $x27 $x28 $x29 $x30 $x31 $x32 $x33
stack :  $x38 $x39 $x46 $x47 $x40 $x41 $x48 $x49 $x34 $x42 $x50 $x51
getalias : $x38$x38$s2hi
spillset :  $x25 $x26 $x27 $x28 $x29 $x30 $x31 $x32 $x33
stack :  $x39 $x46 $x47 $x40 $x41 $x48 $x49 $x34 $x42 $x50 $x51
getalias : $x39$x39$s2hi
spillset :  $x25 $x26 $x27 $x28 $x29 $x30 $x31 $x32 $x33
stack :  $x46 $x47 $x40 $x41 $x48 $x49 $x34 $x42 $x50 $x51
getalias : $x46$x46$s2hi
spillset :  $x25 $x26 $x27 $x28 $x29 $x30 $x31 $x32 $x33
stack :  $x47 $x40 $x41 $x48 $x49 $x34 $x42 $x50 $x51
getalias : $x47$x47$s2hi
spillset :  $x25 $x26 $x27 $x28 $x29 $x30 $x31 $x32 $x33
stack :  $x40 $x41 $x48 $x49 $x34 $x42 $x50 $x51
getalias : $x40$x40$a0hi
spillset :  $x25 $x26 $x27 $x28 $x29 $x30 $x31 $x32 $x33
stack :  $x41 $x48 $x49 $x34 $x42 $x50 $x51
getalias : $x41$x41$a0hi
spillset :  $x25 $x26 $x27 $x28 $x29 $x30 $x31 $x32 $x33
stack :  $x48 $x49 $x34 $x42 $x50 $x51
getalias : $x48$x48$a0hi
spillset :  $x25 $x26 $x27 $x28 $x29 $x30 $x31 $x32 $x33
stack :  $x49 $x34 $x42 $x50 $x51
getalias : $x49$x49$a0hi
spillset :  $x25 $x26 $x27 $x28 $x29 $x30 $x31 $x32 $x33
stack :  $x34 $x42 $x50 $x51
getalias : $x34$x34$v1hi
spillset :  $x25 $x26 $x27 $x28 $x29 $x30 $x31 $x32 $x33
stack :  $x42 $x50 $x51
getalias : $x42$x42$v1hi
spillset :  $x25 $x26 $x27 $x28 $x29 $x30 $x31 $x32 $x33
stack :  $x50 $x51
getalias : $x50$x50$v0hi
spillset :  $x25 $x26 $x27 $x28 $x29 $x30 $x31 $x32 $x33
stack :  $x51
getalias : $x51$x51$v0hi
spillset :  $x25 $x26 $x27 $x28 $x29 $x30 $x31 $x32 $x33
Register Allocation verified.
Spills: $x25 $x26 $x27 $x28 $x29 $x30 $x31 $x32 $x33 
rename_regs : $x34rename_regs : $x35rename_regs : $x36rename_regs : $x37rename_regs : $x38rename_regs : $x38rename_regs : $x37rename_regs : $x39rename_regs : $x39rename_regs : $x37rename_regs : $x37rename_regs : $x36rename_regs : $x40rename_regs : $x41rename_regs : $x40rename_regs : $x41rename_regs : $x35rename_regs : $x42rename_regs : $x43rename_regs : $x44rename_regs : $x45rename_regs : $x46rename_regs : $x46rename_regs : $x45rename_regs : $x47rename_regs : $x47rename_regs : $x45rename_regs : $x45rename_regs : $x44rename_regs : $x48rename_regs : $x49rename_regs : $x48rename_regs : $x49rename_regs : $x43rename_regs : $x50rename_regs : $x51rename_regs : $x51################## LIVENESS: _main
################## INTERFERENCE GRAPH 
$v0: $v0 $v1 $a0 $a1 $a2 $a3 $t0 $t1 $t2 $t3 $t4 $t5 $t6 $t7 $s0 $s1 $s2 $s3 $s4 $s5 $s6 $s7 $t8 $t9 $sp $ra
$v1: $v0 $v1 $a0 $a1 $a2 $a3 $t0 $t1 $t2 $t3 $t4 $t5 $t6 $t7 $s0 $s1 $s2 $t8 $t9 $sp $ra
$a0: $v0 $v1 $a0 $a1 $a2 $a3 $t0 $t1 $t2 $t3 $t4 $t5 $t6 $t7 $s0 $s1 $s2 $t8 $t9 $sp $ra
$a1: $v0 $v1 $a0 $a1 $a2 $a3 $t0 $t1 $t2 $t3 $t4 $t5 $t6 $t7 $s0 $s1 $s2 $t8 $t9 $sp $ra
$a2: $v0 $v1 $a0 $a1 $a2 $a3 $t0 $t1 $t2 $t3 $t4 $t5 $t6 $t7 $s0 $s1 $s2 $t8 $t9 $sp $ra
$a3: $v0 $v1 $a0 $a1 $a2 $a3 $t0 $t1 $t2 $t3 $t4 $t5 $t6 $t7 $s0 $s1 $s2 $t8 $t9 $sp $ra
$t0: $v0 $v1 $a0 $a1 $a2 $a3 $t0 $t1 $t2 $t3 $t4 $t5 $t6 $t7 $s0 $s1 $s2 $t8 $t9 $sp $ra
$t1: $v0 $v1 $a0 $a1 $a2 $a3 $t0 $t1 $t2 $t3 $t4 $t5 $t6 $t7 $s0 $s1 $s2 $t8 $t9 $sp $ra
$t2: $v0 $v1 $a0 $a1 $a2 $a3 $t0 $t1 $t2 $t3 $t4 $t5 $t6 $t7 $s0 $s1 $s2 $t8 $t9 $sp $ra
$t3: $v0 $v1 $a0 $a1 $a2 $a3 $t0 $t1 $t2 $t3 $t4 $t5 $t6 $t7 $s0 $s1 $s2 $t8 $t9 $sp $ra
$t4: $v0 $v1 $a0 $a1 $a2 $a3 $t0 $t1 $t2 $t3 $t4 $t5 $t6 $t7 $s0 $s1 $s2 $t8 $t9 $sp $ra
$t5: $v0 $v1 $a0 $a1 $a2 $a3 $t0 $t1 $t2 $t3 $t4 $t5 $t6 $t7 $s0 $s1 $s2 $t8 $t9 $sp $ra
$t6: $v0 $v1 $a0 $a1 $a2 $a3 $t0 $t1 $t2 $t3 $t4 $t5 $t6 $t7 $s0 $s1 $s2 $t8 $t9 $sp $ra
$t7: $v0 $v1 $a0 $a1 $a2 $a3 $t0 $t1 $t2 $t3 $t4 $t5 $t6 $t7 $s0 $s1 $s2 $t8 $t9 $sp $ra
$s0: $v0 $v1 $a0 $a1 $a2 $a3 $t0 $t1 $t2 $t3 $t4 $t5 $t6 $t7 $s0 $s1 $s2 $s3 $s4 $s5 $s6 $s7 $t8 $t9 $sp $ra
$s1: $v0 $v1 $a0 $a1 $a2 $a3 $t0 $t1 $t2 $t3 $t4 $t5 $t6 $t7 $s0 $s1 $s2 $s3 $s4 $s5 $s6 $s7 $t8 $t9 $sp $ra
$s2: $v0 $v1 $a0 $a1 $a2 $a3 $t0 $t1 $t2 $t3 $t4 $t5 $t6 $t7 $s0 $s1 $s2 $s3 $s4 $s5 $s6 $s7 $t8 $t9 $sp $ra
$s3: $v0 $s0 $s1 $s2 $s3 $s4 $s5 $s6 $s7 $sp $ra
$s4: $v0 $s0 $s1 $s2 $s3 $s4 $s5 $s6 $s7 $sp $ra
$s5: $v0 $s0 $s1 $s2 $s3 $s4 $s5 $s6 $s7 $sp $ra
$s6: $v0 $s0 $s1 $s2 $s3 $s4 $s5 $s6 $s7 $sp $ra
$s7: $v0 $s0 $s1 $s2 $s3 $s4 $s5 $s6 $s7 $ra
$t8: $v0 $v1 $a0 $a1 $a2 $a3 $t0 $t1 $t2 $t3 $t4 $t5 $t6 $t7 $s0 $s1 $s2 $t8 $t9 $sp $ra
$t9: $v0 $v1 $a0 $a1 $a2 $a3 $t0 $t1 $t2 $t3 $t4 $t5 $t6 $t7 $s0 $s1 $s2 $t8 $t9 $sp $ra
$sp: $v0 $v1 $a0 $a1 $a2 $a3 $t0 $t1 $t2 $t3 $t4 $t5 $t6 $t7 $s0 $s1 $s2 $s3 $s4 $s5 $s6 $t8 $t9 $ra
$ra: $v0 $v1 $a0 $a1 $a2 $a3 $t0 $t1 $t2 $t3 $t4 $t5 $t6 $t7 $s0 $s1 $s2 $s3 $s4 $s5 $s6 $s7 $t8 $t9 $sp $ra
###### Move graph
$v0: $v0 $v1 $a0
$v1: $v0 $a0
$a0: $v0 $v1 $a0
palette :  $v0 $v1 $a0 $a1 $a2 $a3 $t0 $t1 $t2 $t3 $t4 $t5 $t6 $t7 $s0 $s1 $s2 $s3 $s4 $s5 $s6 $s7 $t8 $t9 $ra
Spills: 
hi
val it = () : unit
[autoloading]
[autoloading done]
stdIn:1.48-1.83 Warning: type vars not generalized because of
   value restriction are instantiated to dummy types (X1,X2,...)

