Standard ML of New Jersey v110.76 [built: Wed Oct 23 00:32:24 2013]
[scanning /home/thdusdl1219/Compiler/as9/sources.cm]
[library $/ml-yacc-lib.cm is stable]
[attempting to load plugin $/lex-ext.cm]
[library $/lex-ext.cm is stable]
[library $smlnj/cm/tools.cm is stable]
[library $smlnj/internal/cm-lib.cm is stable]
[library $SMLNJ-BASIS/basis.cm is stable]
[plugin $/lex-ext.cm loaded successfully]
[attempting to load plugin $/mllex-tool.cm]
[library $/mllex-tool.cm is stable]
[plugin $/mllex-tool.cm loaded successfully]
[attempting to load plugin $/grm-ext.cm]
[library $/grm-ext.cm is stable]
[plugin $/grm-ext.cm loaded successfully]
[attempting to load plugin $/mlyacc-tool.cm]
[library $/mlyacc-tool.cm is stable]
[plugin $/mlyacc-tool.cm loaded successfully]
[library $SMLNJ-LIB/Util/smlnj-lib.cm is stable]
[library $SMLNJ-ML-YACC-LIB/ml-yacc-lib.cm is stable]
[loading /home/thdusdl1219/Compiler/as9/(sources.cm):fun.grm.sig]
[loading /home/thdusdl1219/Compiler/as9/(sources.cm):errormsg.sml]
[loading /home/thdusdl1219/Compiler/as9/(sources.cm):fun.lex.sml]
[loading /home/thdusdl1219/Compiler/as9/(sources.cm):table.sig]
[loading /home/thdusdl1219/Compiler/as9/(sources.cm):table.sml]
[loading /home/thdusdl1219/Compiler/as9/(sources.cm):symbol.sml]
[loading /home/thdusdl1219/Compiler/as9/(sources.cm):mips.sig]
[loading /home/thdusdl1219/Compiler/as9/(sources.cm):mips.sml]
[loading /home/thdusdl1219/Compiler/as9/(sources.cm):absyn.sml]
[loading /home/thdusdl1219/Compiler/as9/(sources.cm):fun.grm.sml]
[loading /home/thdusdl1219/Compiler/as9/(sources.cm):parse.sml]
[loading /home/thdusdl1219/Compiler/as9/(sources.cm):graph.sig]
[loading /home/thdusdl1219/Compiler/as9/(sources.cm):graph.sml]
[loading /home/thdusdl1219/Compiler/as9/(sources.cm):liveness.sml]
[loading /home/thdusdl1219/Compiler/as9/(sources.cm):color.sig]
[loading /home/thdusdl1219/Compiler/as9/(sources.cm):color.sml]
[loading /home/thdusdl1219/Compiler/as9/(sources.cm):regalloc.sml]
[loading /home/thdusdl1219/Compiler/as9/(sources.cm):typecheck.sml]
[loading /home/thdusdl1219/Compiler/as9/(sources.cm):codegen.sml]
[loading /home/thdusdl1219/Compiler/as9/(sources.cm):compile.sml]
[loading /home/thdusdl1219/Compiler/as9/(sources.cm):heap.sig]
[loading /home/thdusdl1219/Compiler/as9/(sources.cm):heap.sml]
[loading /home/thdusdl1219/Compiler/as9/(sources.cm):eval.sig]
[loading /home/thdusdl1219/Compiler/as9/(sources.cm):eval.sml]
[loading /home/thdusdl1219/Compiler/as9/(sources.cm):funpp.sig]
[loading /home/thdusdl1219/Compiler/as9/(sources.cm):pp.sig]
[loading /home/thdusdl1219/Compiler/as9/(sources.cm):pp.sml]
[loading /home/thdusdl1219/Compiler/as9/(sources.cm):funpp.sml]
[New bindings added.]
- ################## LIVENESS: main
################## INTERFERENCE GRAPH 
$v0: $v0 $v1 $a0 $a1 $a2 $a3 $t0 $t1 $t2 $t3 $t4 $t5 $t6 $t7 $s0 $s1 $s2 $s3 $s4 $s5 $s6 $s7 $t8 $t9 $gp $ra $x0
$v1: $v0 $s0 $s1 $s2 $s3 $s4 $s5 $s6 $s7 $x0
$a0: $v0 $a0 $s0 $s1 $s2 $s3 $s4 $s5 $s6 $s7 $gp $x0
$a1: $v0 $s0 $s1 $s2 $s3 $s4 $s5 $s6 $s7 $x0
$a2: $v0 $s0 $s1 $s2 $s3 $s4 $s5 $s6 $s7 $x0
$a3: $v0 $s0 $s1 $s2 $s3 $s4 $s5 $s6 $s7 $x0
$t0: $v0 $s0 $s1 $s2 $s3 $s4 $s5 $s6 $s7 $x0
$t1: $v0 $s0 $s1 $s2 $s3 $s4 $s5 $s6 $s7 $x0
$t2: $v0 $s0 $s1 $s2 $s3 $s4 $s5 $s6 $s7 $x0
$t3: $v0 $s0 $s1 $s2 $s3 $s4 $s5 $s6 $s7 $x0
$t4: $v0 $s0 $s1 $s2 $s3 $s4 $s5 $s6 $s7 $x0
$t5: $v0 $s0 $s1 $s2 $s3 $s4 $s5 $s6 $s7 $x0
$t6: $v0 $s0 $s1 $s2 $s3 $s4 $s5 $s6 $s7 $x0
$t7: $v0 $s0 $s1 $s2 $s3 $s4 $s5 $s6 $s7 $x0
$s0: $v0 $v1 $a0 $a1 $a2 $a3 $t0 $t1 $t2 $t3 $t4 $t5 $t6 $t7 $t8 $t9 $ra $x0
$s1: $v0 $v1 $a0 $a1 $a2 $a3 $t0 $t1 $t2 $t3 $t4 $t5 $t6 $t7 $t8 $t9 $ra $x0
$s2: $v0 $v1 $a0 $a1 $a2 $a3 $t0 $t1 $t2 $t3 $t4 $t5 $t6 $t7 $t8 $t9 $ra $x0
$s3: $v0 $v1 $a0 $a1 $a2 $a3 $t0 $t1 $t2 $t3 $t4 $t5 $t6 $t7 $t8 $t9 $ra $x0
$s4: $v0 $v1 $a0 $a1 $a2 $a3 $t0 $t1 $t2 $t3 $t4 $t5 $t6 $t7 $t8 $t9 $ra $x0
$s5: $v0 $v1 $a0 $a1 $a2 $a3 $t0 $t1 $t2 $t3 $t4 $t5 $t6 $t7 $t8 $t9 $ra $x0
$s6: $v0 $v1 $a0 $a1 $a2 $a3 $t0 $t1 $t2 $t3 $t4 $t5 $t6 $t7 $t8 $t9 $ra $x0
$s7: $v0 $v1 $a0 $a1 $a2 $a3 $t0 $t1 $t2 $t3 $t4 $t5 $t6 $t7 $t8 $t9 $ra $x0
$t8: $v0 $s0 $s1 $s2 $s3 $s4 $s5 $s6 $s7 $x0
$t9: $v0 $s0 $s1 $s2 $s3 $s4 $s5 $s6 $s7 $x0
$gp: $v0 $a0 $x0
$ra: $v0 $s0 $s1 $s2 $s3 $s4 $s5 $s6 $s7 $ra $x0
$x0: $v0 $v1 $a0 $a1 $a2 $a3 $t0 $t1 $t2 $t3 $t4 $t5 $t6 $t7 $s0 $s1 $s2 $s3 $s4 $s5 $s6 $s7 $t8 $t9 $gp $ra $x0
###### Move graph
$ra: $x0
$x0: $ra
palette :  $v0 $v1 $a0 $a1 $a2 $a3 $t0 $t1 $t2 $t3 $t4 $t5 $t6 $t7 $s0 $s1 $s2 $s3 $s4 $s5 $s6 $s7 $t8 $t9 $ra
highdegs :  $x0
reg : $x0reg adj $v0 $v1 $a0 $a1 $a2 $a3 $t0 $t1 $t2 $t3 $t4 $t5 $t6 $t7 $s0 $s1 $s2 $s3 $s4 $s5 $s6 $s7 $t8 $t9 $gp $ra $x0
palette :  $v0 $v1 $a0 $a1 $a2 $a3 $t0 $t1 $t2 $t3 $t4 $t5 $t6 $t7 $s0 $s1 $s2 $s3 $s4 $s5 $s6 $s7 $t8 $t9 $ra
Register Allocation verified.
Spills: $x0 
################## LIVENESS: main
################## INTERFERENCE GRAPH 
$v0: $v0 $v1 $a0 $a1 $a2 $a3 $t0 $t1 $t2 $t3 $t4 $t5 $t6 $t7 $s0 $s1 $s2 $s3 $s4 $s5 $s6 $s7 $t8 $t9 $gp $sp $ra
$v1: $v0 $s0 $s1 $s2 $s3 $s4 $s5 $s6 $s7 $sp
$a0: $v0 $a0 $s0 $s1 $s2 $s3 $s4 $s5 $s6 $s7 $gp $sp
$a1: $v0 $s0 $s1 $s2 $s3 $s4 $s5 $s6 $s7 $sp
$a2: $v0 $s0 $s1 $s2 $s3 $s4 $s5 $s6 $s7 $sp
$a3: $v0 $s0 $s1 $s2 $s3 $s4 $s5 $s6 $s7 $sp
$t0: $v0 $s0 $s1 $s2 $s3 $s4 $s5 $s6 $s7 $sp
$t1: $v0 $s0 $s1 $s2 $s3 $s4 $s5 $s6 $s7 $sp
$t2: $v0 $s0 $s1 $s2 $s3 $s4 $s5 $s6 $s7 $sp
$t3: $v0 $s0 $s1 $s2 $s3 $s4 $s5 $s6 $s7 $sp
$t4: $v0 $s0 $s1 $s2 $s3 $s4 $s5 $s6 $s7 $sp
$t5: $v0 $s0 $s1 $s2 $s3 $s4 $s5 $s6 $s7 $sp
$t6: $v0 $s0 $s1 $s2 $s3 $s4 $s5 $s6 $s7 $sp
$t7: $v0 $s0 $s1 $s2 $s3 $s4 $s5 $s6 $s7 $sp
$s0: $v0 $v1 $a0 $a1 $a2 $a3 $t0 $t1 $t2 $t3 $t4 $t5 $t6 $t7 $t8 $t9 $ra
$s1: $v0 $v1 $a0 $a1 $a2 $a3 $t0 $t1 $t2 $t3 $t4 $t5 $t6 $t7 $t8 $t9 $ra
$s2: $v0 $v1 $a0 $a1 $a2 $a3 $t0 $t1 $t2 $t3 $t4 $t5 $t6 $t7 $t8 $t9 $ra
$s3: $v0 $v1 $a0 $a1 $a2 $a3 $t0 $t1 $t2 $t3 $t4 $t5 $t6 $t7 $t8 $t9 $ra
$s4: $v0 $v1 $a0 $a1 $a2 $a3 $t0 $t1 $t2 $t3 $t4 $t5 $t6 $t7 $t8 $t9 $ra
$s5: $v0 $v1 $a0 $a1 $a2 $a3 $t0 $t1 $t2 $t3 $t4 $t5 $t6 $t7 $t8 $t9 $ra
$s6: $v0 $v1 $a0 $a1 $a2 $a3 $t0 $t1 $t2 $t3 $t4 $t5 $t6 $t7 $t8 $t9 $ra
$s7: $v0 $v1 $a0 $a1 $a2 $a3 $t0 $t1 $t2 $t3 $t4 $t5 $t6 $t7 $t8 $t9 $ra
$t8: $v0 $s0 $s1 $s2 $s3 $s4 $s5 $s6 $s7 $sp
$t9: $v0 $s0 $s1 $s2 $s3 $s4 $s5 $s6 $s7 $sp
$gp: $v0 $a0
$sp: $v0 $v1 $a0 $a1 $a2 $a3 $t0 $t1 $t2 $t3 $t4 $t5 $t6 $t7 $t8 $t9 $ra
$ra: $v0 $s0 $s1 $s2 $s3 $s4 $s5 $s6 $s7 $sp $ra
###### Move graph
palette :  $v0 $v1 $a0 $a1 $a2 $a3 $t0 $t1 $t2 $t3 $t4 $t5 $t6 $t7 $s0 $s1 $s2 $s3 $s4 $s5 $s6 $s7 $t8 $t9 $ra
Spills: 
hi
################## LIVENESS: alloc
################## INTERFERENCE GRAPH 
$v0: $v0 $a0 $t0 $s0 $s1 $s2 $s3 $s4 $s5 $s6 $s7 $gp $ra
$a0: $v0
$t0: $v0 $t0 $s0 $s1 $s2 $s3 $s4 $s5 $s6 $s7 $gp $ra
$s0: $v0 $t0
$s1: $v0 $t0
$s2: $v0 $t0
$s3: $v0 $t0
$s4: $v0 $t0
$s5: $v0 $t0
$s6: $v0 $t0
$s7: $v0 $t0
$gp: $v0 $t0
$ra: $v0 $t0
###### Move graph
palette :  $v0 $v1 $a0 $a1 $a2 $a3 $t0 $t1 $t2 $t3 $t4 $t5 $t6 $t7 $s0 $s1 $s2 $s3 $s4 $s5 $s6 $s7 $t8 $t9 $ra
Register Allocation verified.
Spills: 
################## LIVENESS: _printint
################## INTERFERENCE GRAPH 
$v0: $v0 $a0 $s0 $s1 $s2 $s3 $s4 $s5 $s6 $s7 $ra
$a0: $v0 $a0 $s0 $s1 $s2 $s3 $s4 $s5 $s6 $s7 $ra
$s0: $v0 $a0
$s1: $v0 $a0
$s2: $v0 $a0
$s3: $v0 $a0
$s4: $v0 $a0
$s5: $v0 $a0
$s6: $v0 $a0
$s7: $v0 $a0
$ra: $v0 $a0
###### Move graph
palette :  $v0 $v1 $a0 $a1 $a2 $a3 $t0 $t1 $t2 $t3 $t4 $t5 $t6 $t7 $s0 $s1 $s2 $s3 $s4 $s5 $s6 $s7 $t8 $t9 $ra
Register Allocation verified.
Spills: 
################## LIVENESS: _divide_iter
################## INTERFERENCE GRAPH 
$v0: $v0 $v1 $a0 $a1 $a2 $a3 $t0 $t1 $t2 $t3 $t4 $t5 $t6 $t7 $s0 $s1 $s2 $s3 $s4 $s5 $s6 $s7 $t8 $t9 $ra $x1 $x2 $x3 $x4 $x5 $x6 $x7 $x8 $x9 $x10 $x11 $x12 $x13 $x14 $x15 $x16 $x17 $x18 $x19 $x20 $x21 $x22 $x23 $x24
$v1: $v0 $x1 $x2 $x3 $x4 $x5 $x6 $x7 $x8 $x9 $x10 $x11 $x12 $x13 $x14 $x15
$a0: $v0 $x1 $x2 $x3 $x4 $x5 $x6 $x7 $x8 $x9 $x10 $x11 $x12 $x13 $x14 $x15
$a1: $v0 $x1 $x2 $x3 $x4 $x5 $x6 $x7 $x8 $x9 $x10 $x11 $x12 $x13 $x14 $x15
$a2: $v0 $x1 $x2 $x3 $x4 $x5 $x6 $x7 $x8 $x9 $x10 $x11 $x12 $x13 $x14 $x15
$a3: $v0 $x1 $x2 $x3 $x4 $x5 $x6 $x7 $x8 $x9 $x10 $x11 $x12 $x13 $x14 $x15
$t0: $v0 $x1 $x2 $x3 $x4 $x5 $x6 $x7 $x8 $x9 $x10 $x11 $x12 $x13 $x14 $x15
$t1: $v0 $x1 $x2 $x3 $x4 $x5 $x6 $x7 $x8 $x9 $x10 $x11 $x12 $x13 $x14 $x15
$t2: $v0 $x1 $x2 $x3 $x4 $x5 $x6 $x7 $x8 $x9 $x10 $x11 $x12 $x13 $x14 $x15
$t3: $v0 $x1 $x2 $x3 $x4 $x5 $x6 $x7 $x8 $x9 $x10 $x11 $x12 $x13 $x14 $x15
$t4: $v0 $x1 $x2 $x3 $x4 $x5 $x6 $x7 $x8 $x9 $x10 $x11 $x12 $x13 $x14 $x15
$t5: $v0 $x1 $x2 $x3 $x4 $x5 $x6 $x7 $x8 $x9 $x10 $x11 $x12 $x13 $x14 $x15
$t6: $v0 $x1 $x2 $x3 $x4 $x5 $x6 $x7 $x8 $x9 $x10 $x11 $x12 $x13 $x14 $x15
$t7: $v0 $x1 $x2 $x3 $x4 $x5 $x6 $x7 $x8 $x9 $x10 $x11 $x12 $x13 $x14 $x15
$s0: $v0 $s0 $s1 $s2 $s3 $s4 $s5 $s6 $s7 $ra $x1 $x3 $x4 $x5 $x6 $x7 $x8 $x9
$s1: $v0 $s0 $s1 $s2 $s3 $s4 $s5 $s6 $s7 $ra $x1 $x2 $x4 $x5 $x6 $x7 $x8 $x9
$s2: $v0 $s0 $s1 $s2 $s3 $s4 $s5 $s6 $s7 $ra $x1 $x2 $x3 $x5 $x6 $x7 $x8 $x9
$s3: $v0 $s0 $s1 $s2 $s3 $s4 $s5 $s6 $s7 $ra $x1 $x2 $x3 $x4 $x6 $x7 $x8 $x9
$s4: $v0 $s0 $s1 $s2 $s3 $s4 $s5 $s6 $s7 $ra $x1 $x2 $x3 $x4 $x5 $x7 $x8 $x9
$s5: $v0 $s0 $s1 $s2 $s3 $s4 $s5 $s6 $s7 $ra $x1 $x2 $x3 $x4 $x5 $x6 $x8 $x9
$s6: $v0 $s0 $s1 $s2 $s3 $s4 $s5 $s6 $s7 $ra $x1 $x2 $x3 $x4 $x5 $x6 $x7 $x9
$s7: $v0 $s0 $s1 $s2 $s3 $s4 $s5 $s6 $s7 $ra $x1 $x2 $x3 $x4 $x5 $x6 $x7 $x8
$t8: $v0 $x1 $x2 $x3 $x4 $x5 $x6 $x7 $x8 $x9 $x10 $x11 $x12 $x13 $x14 $x15
$t9: $v0 $x1 $x2 $x3 $x4 $x5 $x6 $x7 $x8 $x9 $x10 $x11 $x12 $x13 $x14 $x15
$ra: $v0 $s0 $s1 $s2 $s3 $s4 $s5 $s6 $s7 $ra $x1 $x2 $x3 $x4 $x5 $x6 $x7 $x8 $x9 $x10 $x11 $x12 $x13 $x14 $x15
$x1: $v0 $v1 $a0 $a1 $a2 $a3 $t0 $t1 $t2 $t3 $t4 $t5 $t6 $t7 $s0 $s1 $s2 $s3 $s4 $s5 $s6 $s7 $t8 $t9 $ra $x1 $x2 $x3 $x4 $x5 $x6 $x7 $x8 $x9 $x10 $x11 $x12 $x13 $x14 $x15 $x16 $x17 $x18 $x19 $x20 $x21 $x22 $x23 $x24 $x25 $x26 $x27
$x2: $v0 $v1 $a0 $a1 $a2 $a3 $t0 $t1 $t2 $t3 $t4 $t5 $t6 $t7 $s1 $s2 $s3 $s4 $s5 $s6 $s7 $t8 $t9 $ra $x1 $x2 $x3 $x4 $x5 $x6 $x7 $x8 $x9 $x10 $x11 $x12 $x13 $x14 $x15 $x16 $x17 $x18 $x19 $x20 $x21 $x22 $x23 $x24 $x25 $x26 $x27
$x3: $v0 $v1 $a0 $a1 $a2 $a3 $t0 $t1 $t2 $t3 $t4 $t5 $t6 $t7 $s0 $s2 $s3 $s4 $s5 $s6 $s7 $t8 $t9 $ra $x1 $x2 $x3 $x4 $x5 $x6 $x7 $x8 $x9 $x10 $x11 $x12 $x13 $x14 $x15 $x16 $x17 $x18 $x19 $x20 $x21 $x22 $x23 $x24 $x25 $x26 $x27
$x4: $v0 $v1 $a0 $a1 $a2 $a3 $t0 $t1 $t2 $t3 $t4 $t5 $t6 $t7 $s0 $s1 $s3 $s4 $s5 $s6 $s7 $t8 $t9 $ra $x1 $x2 $x3 $x4 $x5 $x6 $x7 $x8 $x9 $x10 $x11 $x12 $x13 $x14 $x15 $x16 $x17 $x18 $x19 $x20 $x21 $x22 $x23 $x24 $x25 $x26 $x27
$x5: $v0 $v1 $a0 $a1 $a2 $a3 $t0 $t1 $t2 $t3 $t4 $t5 $t6 $t7 $s0 $s1 $s2 $s4 $s5 $s6 $s7 $t8 $t9 $ra $x1 $x2 $x3 $x4 $x5 $x6 $x7 $x8 $x9 $x10 $x11 $x12 $x13 $x14 $x15 $x16 $x17 $x18 $x19 $x20 $x21 $x22 $x23 $x24 $x25 $x26 $x27
$x6: $v0 $v1 $a0 $a1 $a2 $a3 $t0 $t1 $t2 $t3 $t4 $t5 $t6 $t7 $s0 $s1 $s2 $s3 $s5 $s6 $s7 $t8 $t9 $ra $x1 $x2 $x3 $x4 $x5 $x6 $x7 $x8 $x9 $x10 $x11 $x12 $x13 $x14 $x15 $x16 $x17 $x18 $x19 $x20 $x21 $x22 $x23 $x24 $x25 $x26 $x27
$x7: $v0 $v1 $a0 $a1 $a2 $a3 $t0 $t1 $t2 $t3 $t4 $t5 $t6 $t7 $s0 $s1 $s2 $s3 $s4 $s6 $s7 $t8 $t9 $ra $x1 $x2 $x3 $x4 $x5 $x6 $x7 $x8 $x9 $x10 $x11 $x12 $x13 $x14 $x15 $x16 $x17 $x18 $x19 $x20 $x21 $x22 $x23 $x24 $x25 $x26 $x27
$x8: $v0 $v1 $a0 $a1 $a2 $a3 $t0 $t1 $t2 $t3 $t4 $t5 $t6 $t7 $s0 $s1 $s2 $s3 $s4 $s5 $s7 $t8 $t9 $ra $x1 $x2 $x3 $x4 $x5 $x6 $x7 $x8 $x9 $x10 $x11 $x12 $x13 $x14 $x15 $x16 $x17 $x18 $x19 $x20 $x21 $x22 $x23 $x24 $x25 $x26 $x27
$x9: $v0 $v1 $a0 $a1 $a2 $a3 $t0 $t1 $t2 $t3 $t4 $t5 $t6 $t7 $s0 $s1 $s2 $s3 $s4 $s5 $s6 $t8 $t9 $ra $x1 $x2 $x3 $x4 $x5 $x6 $x7 $x8 $x9 $x10 $x11 $x12 $x13 $x14 $x15 $x16 $x17 $x18 $x19 $x20 $x21 $x22 $x23 $x24 $x25 $x26 $x27
$x10: $v0 $v1 $a0 $a1 $a2 $a3 $t0 $t1 $t2 $t3 $t4 $t5 $t6 $t7 $t8 $t9 $ra $x1 $x2 $x3 $x4 $x5 $x6 $x7 $x8 $x9 $x10 $x11 $x12
$x11: $v0 $v1 $a0 $a1 $a2 $a3 $t0 $t1 $t2 $t3 $t4 $t5 $t6 $t7 $t8 $t9 $ra $x1 $x2 $x3 $x4 $x5 $x6 $x7 $x8 $x9 $x10 $x11 $x12 $x13 $x14 $x15 $x16 $x17 $x18 $x19 $x20 $x21 $x22 $x23 $x24 $x25 $x26
$x12: $v0 $v1 $a0 $a1 $a2 $a3 $t0 $t1 $t2 $t3 $t4 $t5 $t6 $t7 $t8 $t9 $ra $x1 $x2 $x3 $x4 $x5 $x6 $x7 $x8 $x9 $x10 $x11 $x12
$x13: $v0 $v1 $a0 $a1 $a2 $a3 $t0 $t1 $t2 $t3 $t4 $t5 $t6 $t7 $t8 $t9 $ra $x1 $x2 $x3 $x4 $x5 $x6 $x7 $x8 $x9 $x11 $x13 $x14 $x15 $x16 $x17 $x18 $x19 $x20 $x21 $x22 $x23 $x24
$x14: $v0 $v1 $a0 $a1 $a2 $a3 $t0 $t1 $t2 $t3 $t4 $t5 $t6 $t7 $t8 $t9 $ra $x1 $x2 $x3 $x4 $x5 $x6 $x7 $x8 $x9 $x11 $x13 $x14 $x15 $x16 $x17 $x18 $x19 $x20 $x21 $x22 $x23 $x24 $x25
$x15: $v0 $v1 $a0 $a1 $a2 $a3 $t0 $t1 $t2 $t3 $t4 $t5 $t6 $t7 $t8 $t9 $ra $x1 $x2 $x3 $x4 $x5 $x6 $x7 $x8 $x9 $x11 $x13 $x14 $x15
$x16: $v0 $x1 $x2 $x3 $x4 $x5 $x6 $x7 $x8 $x9 $x11 $x13 $x14
$x17: $v0 $x1 $x2 $x3 $x4 $x5 $x6 $x7 $x8 $x9 $x11 $x13 $x14 $x17
$x18: $v0 $x1 $x2 $x3 $x4 $x5 $x6 $x7 $x8 $x9 $x11 $x13 $x14 $x18 $x20
$x19: $v0 $x1 $x2 $x3 $x4 $x5 $x6 $x7 $x8 $x9 $x11 $x13 $x14 $x19
$x20: $v0 $x1 $x2 $x3 $x4 $x5 $x6 $x7 $x8 $x9 $x11 $x13 $x14 $x18 $x20
$x21: $v0 $x1 $x2 $x3 $x4 $x5 $x6 $x7 $x8 $x9 $x11 $x13 $x14 $x21
$x22: $v0 $x1 $x2 $x3 $x4 $x5 $x6 $x7 $x8 $x9 $x11 $x13 $x14 $x22
$x23: $v0 $x1 $x2 $x3 $x4 $x5 $x6 $x7 $x8 $x9 $x11 $x13 $x14 $x23
$x24: $v0 $x1 $x2 $x3 $x4 $x5 $x6 $x7 $x8 $x9 $x11 $x13 $x14 $x24
$x25: $x1 $x2 $x3 $x4 $x5 $x6 $x7 $x8 $x9 $x11 $x14 $x25 $x26 $x27
$x26: $x1 $x2 $x3 $x4 $x5 $x6 $x7 $x8 $x9 $x11 $x25 $x26
$x27: $x1 $x2 $x3 $x4 $x5 $x6 $x7 $x8 $x9 $x25 $x27
###### Move graph
$v0: $x11 $x14 $x25
$a0: $x10
$s0: $x2
$s1: $x3
$s2: $x4
$s3: $x5
$s4: $x6
$s5: $x7
$s6: $x8
$s7: $x9
$ra: $x1
$x1: $ra
$x2: $s0
$x3: $s1
$x4: $s2
$x5: $s3
$x6: $s4
$x7: $s5
$x8: $s6
$x9: $s7
$x10: $a0
$x11: $v0
$x14: $v0 $x16
$x16: $x14
$x25: $v0
palette :  $v0 $v1 $a0 $a1 $a2 $a3 $t0 $t1 $t2 $t3 $t4 $t5 $t6 $t7 $s0 $s1 $s2 $s3 $s4 $s5 $s6 $s7 $t8 $t9 $ra
lowdegs :  $x16 $x17 $x18 $x19 $x20 $x21 $x22 $x23 $x24 $x25 $x26 $x27
palette :  $v0 $v1 $a0 $a1 $a2 $a3 $t0 $t1 $t2 $t3 $t4 $t5 $t6 $t7 $s0 $s1 $s2 $s3 $s4 $s5 $s6 $s7 $t8 $t9 $ra
highdegs :  $x1 $x2 $x3 $x4 $x5 $x6 $x7 $x8 $x9 $x10 $x11 $x12 $x13 $x14 $x15
reg : $x1reg adj $v0 $v1 $a0 $a1 $a2 $a3 $t0 $t1 $t2 $t3 $t4 $t5 $t6 $t7 $s0 $s1 $s2 $s3 $s4 $s5 $s6 $s7 $t8 $t9 $ra $x1 $x2 $x3 $x4 $x5 $x6 $x7 $x8 $x9 $x10 $x11 $x12 $x13 $x14 $x15
palette :  $v0 $v1 $a0 $a1 $a2 $a3 $t0 $t1 $t2 $t3 $t4 $t5 $t6 $t7 $s0 $s1 $s2 $s3 $s4 $s5 $s6 $s7 $t8 $t9 $ra
highdegs :  $x2 $x3 $x4 $x5 $x6 $x7 $x8 $x9 $x10 $x11 $x12 $x13 $x14 $x15
reg : $x9reg adj $v0 $v1 $a0 $a1 $a2 $a3 $t0 $t1 $t2 $t3 $t4 $t5 $t6 $t7 $s0 $s1 $s2 $s3 $s4 $s5 $s6 $t8 $t9 $ra $x2 $x3 $x4 $x5 $x6 $x7 $x8 $x9 $x10 $x11 $x12 $x13 $x14 $x15
palette :  $v0 $v1 $a0 $a1 $a2 $a3 $t0 $t1 $t2 $t3 $t4 $t5 $t6 $t7 $s0 $s1 $s2 $s3 $s4 $s5 $s6 $s7 $t8 $t9 $ra
highdegs :  $x2 $x3 $x4 $x5 $x6 $x7 $x8 $x10 $x11 $x12 $x13 $x14 $x15
reg : $x8reg adj $v0 $v1 $a0 $a1 $a2 $a3 $t0 $t1 $t2 $t3 $t4 $t5 $t6 $t7 $s0 $s1 $s2 $s3 $s4 $s5 $s7 $t8 $t9 $ra $x2 $x3 $x4 $x5 $x6 $x7 $x8 $x10 $x11 $x12 $x13 $x14 $x15
palette :  $v0 $v1 $a0 $a1 $a2 $a3 $t0 $t1 $t2 $t3 $t4 $t5 $t6 $t7 $s0 $s1 $s2 $s3 $s4 $s5 $s6 $s7 $t8 $t9 $ra
highdegs :  $x2 $x3 $x4 $x5 $x6 $x7 $x10 $x11 $x12 $x13 $x14 $x15
reg : $x7reg adj $v0 $v1 $a0 $a1 $a2 $a3 $t0 $t1 $t2 $t3 $t4 $t5 $t6 $t7 $s0 $s1 $s2 $s3 $s4 $s6 $s7 $t8 $t9 $ra $x2 $x3 $x4 $x5 $x6 $x7 $x10 $x11 $x12 $x13 $x14 $x15
palette :  $v0 $v1 $a0 $a1 $a2 $a3 $t0 $t1 $t2 $t3 $t4 $t5 $t6 $t7 $s0 $s1 $s2 $s3 $s4 $s5 $s6 $s7 $t8 $t9 $ra
highdegs :  $x2 $x3 $x4 $x5 $x6 $x10 $x11 $x12 $x13 $x14 $x15
reg : $x6reg adj $v0 $v1 $a0 $a1 $a2 $a3 $t0 $t1 $t2 $t3 $t4 $t5 $t6 $t7 $s0 $s1 $s2 $s3 $s5 $s6 $s7 $t8 $t9 $ra $x2 $x3 $x4 $x5 $x6 $x10 $x11 $x12 $x13 $x14 $x15
palette :  $v0 $v1 $a0 $a1 $a2 $a3 $t0 $t1 $t2 $t3 $t4 $t5 $t6 $t7 $s0 $s1 $s2 $s3 $s4 $s5 $s6 $s7 $t8 $t9 $ra
lowdegs :  $x10 $x12
palette :  $v0 $v1 $a0 $a1 $a2 $a3 $t0 $t1 $t2 $t3 $t4 $t5 $t6 $t7 $s0 $s1 $s2 $s3 $s4 $s5 $s6 $s7 $t8 $t9 $ra
highdegs :  $x2 $x3 $x4 $x5 $x11 $x13 $x14 $x15
reg : $x5reg adj $v0 $v1 $a0 $a1 $a2 $a3 $t0 $t1 $t2 $t3 $t4 $t5 $t6 $t7 $s0 $s1 $s2 $s4 $s5 $s6 $s7 $t8 $t9 $ra $x2 $x3 $x4 $x5 $x11 $x13 $x14 $x15
palette :  $v0 $v1 $a0 $a1 $a2 $a3 $t0 $t1 $t2 $t3 $t4 $t5 $t6 $t7 $s0 $s1 $s2 $s3 $s4 $s5 $s6 $s7 $t8 $t9 $ra
lowdegs :  $x11 $x13 $x14 $x15
palette :  $v0 $v1 $a0 $a1 $a2 $a3 $t0 $t1 $t2 $t3 $t4 $t5 $t6 $t7 $s0 $s1 $s2 $s3 $s4 $s5 $s6 $s7 $t8 $t9 $ra
highdegs :  $x2 $x3 $x4
reg : $x4reg adj $v0 $v1 $a0 $a1 $a2 $a3 $t0 $t1 $t2 $t3 $t4 $t5 $t6 $t7 $s0 $s1 $s3 $s4 $s5 $s6 $s7 $t8 $t9 $ra $x2 $x3 $x4
palette :  $v0 $v1 $a0 $a1 $a2 $a3 $t0 $t1 $t2 $t3 $t4 $t5 $t6 $t7 $s0 $s1 $s2 $s3 $s4 $s5 $s6 $s7 $t8 $t9 $ra
highdegs :  $x2 $x3
reg : $x3reg adj $v0 $v1 $a0 $a1 $a2 $a3 $t0 $t1 $t2 $t3 $t4 $t5 $t6 $t7 $s0 $s2 $s3 $s4 $s5 $s6 $s7 $t8 $t9 $ra $x2 $x3
palette :  $v0 $v1 $a0 $a1 $a2 $a3 $t0 $t1 $t2 $t3 $t4 $t5 $t6 $t7 $s0 $s1 $s2 $s3 $s4 $s5 $s6 $s7 $t8 $t9 $ra
highdegs :  $x2
reg : $x2reg adj $v0 $v1 $a0 $a1 $a2 $a3 $t0 $t1 $t2 $t3 $t4 $t5 $t6 $t7 $s1 $s2 $s3 $s4 $s5 $s6 $s7 $t8 $t9 $ra $x2
palette :  $v0 $v1 $a0 $a1 $a2 $a3 $t0 $t1 $t2 $t3 $t4 $t5 $t6 $t7 $s0 $s1 $s2 $s3 $s4 $s5 $s6 $s7 $t8 $t9 $ra
stack :  $x11 $x13 $x14 $x15 $x10 $x12 $x16 $x17 $x18 $x19 $x20 $x21 $x22 $x23 $x24 $x25 $x26 $x27
getalias : $x11$x11$s0hi
spillset :  $x1 $x2 $x3 $x4 $x5 $x6 $x7 $x8 $x9
stack :  $x13 $x14 $x15 $x10 $x12 $x16 $x17 $x18 $x19 $x20 $x21 $x22 $x23 $x24 $x25 $x26 $x27
getalias : $x13$x13$s1hi
spillset :  $x1 $x2 $x3 $x4 $x5 $x6 $x7 $x8 $x9
stack :  $x14 $x15 $x10 $x12 $x16 $x17 $x18 $x19 $x20 $x21 $x22 $x23 $x24 $x25 $x26 $x27
getalias : $x14$x14$s2hi
spillset :  $x1 $x2 $x3 $x4 $x5 $x6 $x7 $x8 $x9
stack :  $x15 $x10 $x12 $x16 $x17 $x18 $x19 $x20 $x21 $x22 $x23 $x24 $x25 $x26 $x27
getalias : $x15$x15$s3hi
spillset :  $x1 $x2 $x3 $x4 $x5 $x6 $x7 $x8 $x9
stack :  $x10 $x12 $x16 $x17 $x18 $x19 $x20 $x21 $x22 $x23 $x24 $x25 $x26 $x27
getalias : $x10$x10$s1hi
spillset :  $x1 $x2 $x3 $x4 $x5 $x6 $x7 $x8 $x9
stack :  $x12 $x16 $x17 $x18 $x19 $x20 $x21 $x22 $x23 $x24 $x25 $x26 $x27
getalias : $x12$x12$s2hi
spillset :  $x1 $x2 $x3 $x4 $x5 $x6 $x7 $x8 $x9
stack :  $x16 $x17 $x18 $x19 $x20 $x21 $x22 $x23 $x24 $x25 $x26 $x27
getalias : $x16$x16$v1hi
spillset :  $x1 $x2 $x3 $x4 $x5 $x6 $x7 $x8 $x9
stack :  $x17 $x18 $x19 $x20 $x21 $x22 $x23 $x24 $x25 $x26 $x27
getalias : $x17$x17$v1hi
spillset :  $x1 $x2 $x3 $x4 $x5 $x6 $x7 $x8 $x9
stack :  $x18 $x19 $x20 $x21 $x22 $x23 $x24 $x25 $x26 $x27
getalias : $x18$x18$v1hi
spillset :  $x1 $x2 $x3 $x4 $x5 $x6 $x7 $x8 $x9
stack :  $x19 $x20 $x21 $x22 $x23 $x24 $x25 $x26 $x27
getalias : $x19$x19$v1hi
spillset :  $x1 $x2 $x3 $x4 $x5 $x6 $x7 $x8 $x9
stack :  $x20 $x21 $x22 $x23 $x24 $x25 $x26 $x27
getalias : $x20$x20$a0hi
spillset :  $x1 $x2 $x3 $x4 $x5 $x6 $x7 $x8 $x9
stack :  $x21 $x22 $x23 $x24 $x25 $x26 $x27
getalias : $x21$x21$v1hi
spillset :  $x1 $x2 $x3 $x4 $x5 $x6 $x7 $x8 $x9
stack :  $x22 $x23 $x24 $x25 $x26 $x27
getalias : $x22$x22$v1hi
spillset :  $x1 $x2 $x3 $x4 $x5 $x6 $x7 $x8 $x9
stack :  $x23 $x24 $x25 $x26 $x27
getalias : $x23$x23$v1hi
spillset :  $x1 $x2 $x3 $x4 $x5 $x6 $x7 $x8 $x9
stack :  $x24 $x25 $x26 $x27
getalias : $x24$x24$v1hi
spillset :  $x1 $x2 $x3 $x4 $x5 $x6 $x7 $x8 $x9
stack :  $x25 $x26 $x27
getalias : $x25$x25$v0hi
spillset :  $x1 $x2 $x3 $x4 $x5 $x6 $x7 $x8 $x9
stack :  $x26 $x27
getalias : $x26$x26$v1hi
spillset :  $x1 $x2 $x3 $x4 $x5 $x6 $x7 $x8 $x9
stack :  $x27
getalias : $x27$x27$v1hi
spillset :  $x1 $x2 $x3 $x4 $x5 $x6 $x7 $x8 $x9
Register Allocation verified.
Spills: $x1 $x2 $x3 $x4 $x5 $x6 $x7 $x8 $x9 
rename_regs : $x10rename_regs : $x12rename_regs : $x10rename_regs : $x11rename_regs : $x12rename_regs : $x11rename_regs : $x13rename_regs : $x10rename_regs : $x15rename_regs : $x14rename_regs : $x15rename_regs : $x14rename_regs : $x19rename_regs : $x11rename_regs : $x18rename_regs : $x19rename_regs : $x13rename_regs : $x20rename_regs : $x17rename_regs : $x18rename_regs : $x20rename_regs : $x17rename_regs : $x22rename_regs : $x11rename_regs : $x21rename_regs : $x22rename_regs : $x13rename_regs : $x21rename_regs : $x11rename_regs : $x24rename_regs : $x14rename_regs : $x23rename_regs : $x24rename_regs : $x23rename_regs : $x14rename_regs : $x16rename_regs : $x14rename_regs : $x25rename_regs : $x26rename_regs : $x14rename_regs : $x26rename_regs : $x25rename_regs : $x27rename_regs : $x11rename_regs : $x27rename_regs : $x25rename_regs : $x25################## LIVENESS: _divide_iter
################## INTERFERENCE GRAPH 
$v0: $v0 $v1 $a0 $a1 $a2 $a3 $t0 $t1 $t2 $t3 $t4 $t5 $t6 $t7 $s0 $s1 $s2 $s3 $s4 $s5 $s6 $s7 $t8 $t9 $sp $ra
$v1: $v0 $v1 $a0 $s0 $s1 $s2 $s3 $sp
$a0: $v0 $v1 $a0 $s0 $s1 $s2 $s3 $sp
$a1: $v0 $s0 $s1 $s2 $s3 $sp
$a2: $v0 $s0 $s1 $s2 $s3 $sp
$a3: $v0 $s0 $s1 $s2 $s3 $sp
$t0: $v0 $s0 $s1 $s2 $s3 $sp
$t1: $v0 $s0 $s1 $s2 $s3 $sp
$t2: $v0 $s0 $s1 $s2 $s3 $sp
$t3: $v0 $s0 $s1 $s2 $s3 $sp
$t4: $v0 $s0 $s1 $s2 $s3 $sp
$t5: $v0 $s0 $s1 $s2 $s3 $sp
$t6: $v0 $s0 $s1 $s2 $s3 $sp
$t7: $v0 $s0 $s1 $s2 $s3 $sp
$s0: $v0 $v1 $a0 $a1 $a2 $a3 $t0 $t1 $t2 $t3 $t4 $t5 $t6 $t7 $s0 $s1 $s2 $s3 $s4 $s5 $s6 $s7 $t8 $t9 $sp $ra
$s1: $v0 $v1 $a0 $a1 $a2 $a3 $t0 $t1 $t2 $t3 $t4 $t5 $t6 $t7 $s0 $s1 $s2 $s3 $s4 $s5 $s6 $s7 $t8 $t9 $sp $ra
$s2: $v0 $v1 $a0 $a1 $a2 $a3 $t0 $t1 $t2 $t3 $t4 $t5 $t6 $t7 $s0 $s1 $s2 $s3 $s4 $s5 $s6 $s7 $t8 $t9 $sp $ra
$s3: $v0 $v1 $a0 $a1 $a2 $a3 $t0 $t1 $t2 $t3 $t4 $t5 $t6 $t7 $s0 $s1 $s2 $s3 $s4 $s5 $s6 $s7 $t8 $t9 $sp $ra
$s4: $v0 $s0 $s1 $s2 $s3 $s4 $s5 $s6 $s7 $sp $ra
$s5: $v0 $s0 $s1 $s2 $s3 $s4 $s5 $s6 $s7 $sp $ra
$s6: $v0 $s0 $s1 $s2 $s3 $s4 $s5 $s6 $s7 $sp $ra
$s7: $v0 $s0 $s1 $s2 $s3 $s4 $s5 $s6 $s7 $ra
$t8: $v0 $s0 $s1 $s2 $s3 $sp
$t9: $v0 $s0 $s1 $s2 $s3 $sp
$sp: $v0 $v1 $a0 $a1 $a2 $a3 $t0 $t1 $t2 $t3 $t4 $t5 $t6 $t7 $s0 $s1 $s2 $s3 $s4 $s5 $s6 $t8 $t9 $ra
$ra: $v0 $s0 $s1 $s2 $s3 $s4 $s5 $s6 $s7 $sp $ra
###### Move graph
$v0: $v0 $s0 $s2
$v1: $s2
$a0: $s1
$s0: $v0
$s1: $a0
$s2: $v0 $v1
palette :  $v0 $v1 $a0 $a1 $a2 $a3 $t0 $t1 $t2 $t3 $t4 $t5 $t6 $t7 $s0 $s1 $s2 $s3 $s4 $s5 $s6 $s7 $t8 $t9 $ra
Spills: 
hi
################## LIVENESS: _main
################## INTERFERENCE GRAPH 
$v0: $v0 $v1 $a0 $a1 $a2 $a3 $t0 $t1 $t2 $t3 $t4 $t5 $t6 $t7 $s0 $s1 $s2 $s3 $s4 $s5 $s6 $s7 $t8 $t9 $ra $x28 $x29 $x30 $x31 $x32 $x33 $x34 $x35 $x36 $x37 $x38 $x39 $x40 $x41 $x42 $x43 $x44 $x45 $x46 $x47
$v1: $v0 $v1 $a0 $a1 $a2 $a3 $t0 $t1 $t2 $t3 $t4 $t5 $t6 $t7 $t8 $t9 $ra $x28 $x29 $x30 $x31 $x32 $x33 $x34 $x35 $x36 $x38 $x39 $x40 $x41 $x42 $x43 $x44 $x45 $x46 $x47
$a0: $v0 $v1 $a0 $a1 $a2 $a3 $t0 $t1 $t2 $t3 $t4 $t5 $t6 $t7 $t8 $t9 $ra $x28 $x29 $x30 $x31 $x32 $x33 $x34 $x35 $x36 $x38 $x42 $x43 $x46
$a1: $v0 $v1 $a0 $a1 $a2 $a3 $t0 $t1 $t2 $t3 $t4 $t5 $t6 $t7 $t8 $t9 $ra $x28 $x29 $x30 $x31 $x32 $x33 $x34 $x35 $x36 $x38 $x39 $x40 $x41 $x42 $x43 $x44 $x45 $x46 $x47
$a2: $v0 $v1 $a0 $a1 $a2 $a3 $t0 $t1 $t2 $t3 $t4 $t5 $t6 $t7 $t8 $t9 $ra $x28 $x29 $x30 $x31 $x32 $x33 $x34 $x35 $x36 $x38 $x39 $x40 $x41 $x42 $x43 $x44 $x45 $x46 $x47
$a3: $v0 $v1 $a0 $a1 $a2 $a3 $t0 $t1 $t2 $t3 $t4 $t5 $t6 $t7 $t8 $t9 $ra $x28 $x29 $x30 $x31 $x32 $x33 $x34 $x35 $x36 $x38 $x39 $x40 $x41 $x42 $x43 $x44 $x45 $x46 $x47
$t0: $v0 $v1 $a0 $a1 $a2 $a3 $t0 $t1 $t2 $t3 $t4 $t5 $t6 $t7 $t8 $t9 $ra $x28 $x29 $x30 $x31 $x32 $x33 $x34 $x35 $x36 $x38 $x39 $x40 $x41 $x42 $x43 $x44 $x45 $x46 $x47
$t1: $v0 $v1 $a0 $a1 $a2 $a3 $t0 $t1 $t2 $t3 $t4 $t5 $t6 $t7 $t8 $t9 $ra $x28 $x29 $x30 $x31 $x32 $x33 $x34 $x35 $x36 $x38 $x39 $x40 $x41 $x42 $x43 $x44 $x45 $x46 $x47
$t2: $v0 $v1 $a0 $a1 $a2 $a3 $t0 $t1 $t2 $t3 $t4 $t5 $t6 $t7 $t8 $t9 $ra $x28 $x29 $x30 $x31 $x32 $x33 $x34 $x35 $x36 $x38 $x39 $x40 $x41 $x42 $x43 $x44 $x45 $x46 $x47
$t3: $v0 $v1 $a0 $a1 $a2 $a3 $t0 $t1 $t2 $t3 $t4 $t5 $t6 $t7 $t8 $t9 $ra $x28 $x29 $x30 $x31 $x32 $x33 $x34 $x35 $x36 $x38 $x39 $x40 $x41 $x42 $x43 $x44 $x45 $x46 $x47
$t4: $v0 $v1 $a0 $a1 $a2 $a3 $t0 $t1 $t2 $t3 $t4 $t5 $t6 $t7 $t8 $t9 $ra $x28 $x29 $x30 $x31 $x32 $x33 $x34 $x35 $x36 $x38 $x39 $x40 $x41 $x42 $x43 $x44 $x45 $x46 $x47
$t5: $v0 $v1 $a0 $a1 $a2 $a3 $t0 $t1 $t2 $t3 $t4 $t5 $t6 $t7 $t8 $t9 $ra $x28 $x29 $x30 $x31 $x32 $x33 $x34 $x35 $x36 $x38 $x39 $x40 $x41 $x42 $x43 $x44 $x45 $x46 $x47
$t6: $v0 $v1 $a0 $a1 $a2 $a3 $t0 $t1 $t2 $t3 $t4 $t5 $t6 $t7 $t8 $t9 $ra $x28 $x29 $x30 $x31 $x32 $x33 $x34 $x35 $x36 $x38 $x39 $x40 $x41 $x42 $x43 $x44 $x45 $x46 $x47
$t7: $v0 $v1 $a0 $a1 $a2 $a3 $t0 $t1 $t2 $t3 $t4 $t5 $t6 $t7 $t8 $t9 $ra $x28 $x29 $x30 $x31 $x32 $x33 $x34 $x35 $x36 $x38 $x39 $x40 $x41 $x42 $x43 $x44 $x45 $x46 $x47
$s0: $v0 $s0 $s1 $s2 $s3 $s4 $s5 $s6 $s7 $ra $x28 $x30 $x31 $x32 $x33 $x34 $x35 $x36
$s1: $v0 $s0 $s1 $s2 $s3 $s4 $s5 $s6 $s7 $ra $x28 $x29 $x31 $x32 $x33 $x34 $x35 $x36
$s2: $v0 $s0 $s1 $s2 $s3 $s4 $s5 $s6 $s7 $ra $x28 $x29 $x30 $x32 $x33 $x34 $x35 $x36
$s3: $v0 $s0 $s1 $s2 $s3 $s4 $s5 $s6 $s7 $ra $x28 $x29 $x30 $x31 $x33 $x34 $x35 $x36
$s4: $v0 $s0 $s1 $s2 $s3 $s4 $s5 $s6 $s7 $ra $x28 $x29 $x30 $x31 $x32 $x34 $x35 $x36
$s5: $v0 $s0 $s1 $s2 $s3 $s4 $s5 $s6 $s7 $ra $x28 $x29 $x30 $x31 $x32 $x33 $x35 $x36
$s6: $v0 $s0 $s1 $s2 $s3 $s4 $s5 $s6 $s7 $ra $x28 $x29 $x30 $x31 $x32 $x33 $x34 $x36
$s7: $v0 $s0 $s1 $s2 $s3 $s4 $s5 $s6 $s7 $ra $x28 $x29 $x30 $x31 $x32 $x33 $x34 $x35
$t8: $v0 $v1 $a0 $a1 $a2 $a3 $t0 $t1 $t2 $t3 $t4 $t5 $t6 $t7 $t8 $t9 $ra $x28 $x29 $x30 $x31 $x32 $x33 $x34 $x35 $x36 $x38 $x39 $x40 $x41 $x42 $x43 $x44 $x45 $x46 $x47
$t9: $v0 $v1 $a0 $a1 $a2 $a3 $t0 $t1 $t2 $t3 $t4 $t5 $t6 $t7 $t8 $t9 $ra $x28 $x29 $x30 $x31 $x32 $x33 $x34 $x35 $x36 $x38 $x39 $x40 $x41 $x42 $x43 $x44 $x45 $x46 $x47
$ra: $v0 $v1 $a0 $a1 $a2 $a3 $t0 $t1 $t2 $t3 $t4 $t5 $t6 $t7 $s0 $s1 $s2 $s3 $s4 $s5 $s6 $s7 $t8 $t9 $ra $x28 $x29 $x30 $x31 $x32 $x33 $x34 $x35 $x36 $x38 $x39 $x40 $x41 $x42 $x43 $x44 $x45 $x46 $x47
$x28: $v0 $v1 $a0 $a1 $a2 $a3 $t0 $t1 $t2 $t3 $t4 $t5 $t6 $t7 $s0 $s1 $s2 $s3 $s4 $s5 $s6 $s7 $t8 $t9 $ra $x28 $x29 $x30 $x31 $x32 $x33 $x34 $x35 $x36 $x37 $x38 $x39 $x40 $x41 $x42 $x43 $x44 $x45 $x46 $x47 $x48 $x49
$x29: $v0 $v1 $a0 $a1 $a2 $a3 $t0 $t1 $t2 $t3 $t4 $t5 $t6 $t7 $s1 $s2 $s3 $s4 $s5 $s6 $s7 $t8 $t9 $ra $x28 $x29 $x30 $x31 $x32 $x33 $x34 $x35 $x36 $x37 $x38 $x39 $x40 $x41 $x42 $x43 $x44 $x45 $x46 $x47 $x48 $x49
$x30: $v0 $v1 $a0 $a1 $a2 $a3 $t0 $t1 $t2 $t3 $t4 $t5 $t6 $t7 $s0 $s2 $s3 $s4 $s5 $s6 $s7 $t8 $t9 $ra $x28 $x29 $x30 $x31 $x32 $x33 $x34 $x35 $x36 $x37 $x38 $x39 $x40 $x41 $x42 $x43 $x44 $x45 $x46 $x47 $x48 $x49
$x31: $v0 $v1 $a0 $a1 $a2 $a3 $t0 $t1 $t2 $t3 $t4 $t5 $t6 $t7 $s0 $s1 $s3 $s4 $s5 $s6 $s7 $t8 $t9 $ra $x28 $x29 $x30 $x31 $x32 $x33 $x34 $x35 $x36 $x37 $x38 $x39 $x40 $x41 $x42 $x43 $x44 $x45 $x46 $x47 $x48 $x49
$x32: $v0 $v1 $a0 $a1 $a2 $a3 $t0 $t1 $t2 $t3 $t4 $t5 $t6 $t7 $s0 $s1 $s2 $s4 $s5 $s6 $s7 $t8 $t9 $ra $x28 $x29 $x30 $x31 $x32 $x33 $x34 $x35 $x36 $x37 $x38 $x39 $x40 $x41 $x42 $x43 $x44 $x45 $x46 $x47 $x48 $x49
$x33: $v0 $v1 $a0 $a1 $a2 $a3 $t0 $t1 $t2 $t3 $t4 $t5 $t6 $t7 $s0 $s1 $s2 $s3 $s5 $s6 $s7 $t8 $t9 $ra $x28 $x29 $x30 $x31 $x32 $x33 $x34 $x35 $x36 $x37 $x38 $x39 $x40 $x41 $x42 $x43 $x44 $x45 $x46 $x47 $x48 $x49
$x34: $v0 $v1 $a0 $a1 $a2 $a3 $t0 $t1 $t2 $t3 $t4 $t5 $t6 $t7 $s0 $s1 $s2 $s3 $s4 $s6 $s7 $t8 $t9 $ra $x28 $x29 $x30 $x31 $x32 $x33 $x34 $x35 $x36 $x37 $x38 $x39 $x40 $x41 $x42 $x43 $x44 $x45 $x46 $x47 $x48 $x49
$x35: $v0 $v1 $a0 $a1 $a2 $a3 $t0 $t1 $t2 $t3 $t4 $t5 $t6 $t7 $s0 $s1 $s2 $s3 $s4 $s5 $s7 $t8 $t9 $ra $x28 $x29 $x30 $x31 $x32 $x33 $x34 $x35 $x36 $x37 $x38 $x39 $x40 $x41 $x42 $x43 $x44 $x45 $x46 $x47 $x48 $x49
$x36: $v0 $v1 $a0 $a1 $a2 $a3 $t0 $t1 $t2 $t3 $t4 $t5 $t6 $t7 $s0 $s1 $s2 $s3 $s4 $s5 $s6 $t8 $t9 $ra $x28 $x29 $x30 $x31 $x32 $x33 $x34 $x35 $x36 $x37 $x38 $x39 $x40 $x41 $x42 $x43 $x44 $x45 $x46 $x47 $x48 $x49
$x37: $v0 $x28 $x29 $x30 $x31 $x32 $x33 $x34 $x35 $x36
$x38: $v0 $v1 $a0 $a1 $a2 $a3 $t0 $t1 $t2 $t3 $t4 $t5 $t6 $t7 $t8 $t9 $ra $x28 $x29 $x30 $x31 $x32 $x33 $x34 $x35 $x36 $x38 $x39 $x40 $x41
$x39: $v0 $v1 $a1 $a2 $a3 $t0 $t1 $t2 $t3 $t4 $t5 $t6 $t7 $t8 $t9 $ra $x28 $x29 $x30 $x31 $x32 $x33 $x34 $x35 $x36 $x38 $x39 $x40 $x41
$x40: $v0 $v1 $a1 $a2 $a3 $t0 $t1 $t2 $t3 $t4 $t5 $t6 $t7 $t8 $t9 $ra $x28 $x29 $x30 $x31 $x32 $x33 $x34 $x35 $x36 $x38 $x39 $x40
$x41: $v0 $v1 $a1 $a2 $a3 $t0 $t1 $t2 $t3 $t4 $t5 $t6 $t7 $t8 $t9 $ra $x28 $x29 $x30 $x31 $x32 $x33 $x34 $x35 $x36 $x38 $x39 $x41
$x42: $v0 $v1 $a0 $a1 $a2 $a3 $t0 $t1 $t2 $t3 $t4 $t5 $t6 $t7 $t8 $t9 $ra $x28 $x29 $x30 $x31 $x32 $x33 $x34 $x35 $x36 $x42 $x43 $x44 $x45 $x46
$x43: $v0 $v1 $a0 $a1 $a2 $a3 $t0 $t1 $t2 $t3 $t4 $t5 $t6 $t7 $t8 $t9 $ra $x28 $x29 $x30 $x31 $x32 $x33 $x34 $x35 $x36 $x42 $x43 $x44
$x44: $v0 $v1 $a1 $a2 $a3 $t0 $t1 $t2 $t3 $t4 $t5 $t6 $t7 $t8 $t9 $ra $x28 $x29 $x30 $x31 $x32 $x33 $x34 $x35 $x36 $x42 $x43 $x44
$x45: $v0 $v1 $a1 $a2 $a3 $t0 $t1 $t2 $t3 $t4 $t5 $t6 $t7 $t8 $t9 $ra $x28 $x29 $x30 $x31 $x32 $x33 $x34 $x35 $x36 $x42
$x46: $v0 $v1 $a0 $a1 $a2 $a3 $t0 $t1 $t2 $t3 $t4 $t5 $t6 $t7 $t8 $t9 $ra $x28 $x29 $x30 $x31 $x32 $x33 $x34 $x35 $x36 $x42 $x46 $x47
$x47: $v0 $v1 $a1 $a2 $a3 $t0 $t1 $t2 $t3 $t4 $t5 $t6 $t7 $t8 $t9 $ra $x28 $x29 $x30 $x31 $x32 $x33 $x34 $x35 $x36 $x46 $x47
$x48: $x28 $x29 $x30 $x31 $x32 $x33 $x34 $x35 $x36
$x49: $x28 $x29 $x30 $x31 $x32 $x33 $x34 $x35 $x36 $x49
###### Move graph
$v0: $x39 $x42 $x45 $x48 $x49
$a0: $x37 $x39 $x44 $x47
$s0: $x29
$s1: $x30
$s2: $x31
$s3: $x32
$s4: $x33
$s5: $x34
$s6: $x35
$s7: $x36
$ra: $x28
$x28: $ra
$x29: $s0
$x30: $s1
$x31: $s2
$x32: $s3
$x33: $s4
$x34: $s5
$x35: $s6
$x36: $s7
$x37: $a0
$x39: $v0 $a0
$x42: $v0
$x44: $a0
$x45: $v0
$x47: $a0
$x48: $v0
$x49: $v0
palette :  $v0 $v1 $a0 $a1 $a2 $a3 $t0 $t1 $t2 $t3 $t4 $t5 $t6 $t7 $s0 $s1 $s2 $s3 $s4 $s5 $s6 $s7 $t8 $t9 $ra
lowdegs :  $x37 $x48 $x49
palette :  $v0 $v1 $a0 $a1 $a2 $a3 $t0 $t1 $t2 $t3 $t4 $t5 $t6 $t7 $s0 $s1 $s2 $s3 $s4 $s5 $s6 $s7 $t8 $t9 $ra
highdegs :  $x28 $x29 $x30 $x31 $x32 $x33 $x34 $x35 $x36 $x38 $x39 $x40 $x41 $x42 $x43 $x44 $x45 $x46 $x47
reg : $x28reg adj $v0 $v1 $a0 $a1 $a2 $a3 $t0 $t1 $t2 $t3 $t4 $t5 $t6 $t7 $s0 $s1 $s2 $s3 $s4 $s5 $s6 $s7 $t8 $t9 $ra $x28 $x29 $x30 $x31 $x32 $x33 $x34 $x35 $x36 $x38 $x39 $x40 $x41 $x42 $x43 $x44 $x45 $x46 $x47
palette :  $v0 $v1 $a0 $a1 $a2 $a3 $t0 $t1 $t2 $t3 $t4 $t5 $t6 $t7 $s0 $s1 $s2 $s3 $s4 $s5 $s6 $s7 $t8 $t9 $ra
highdegs :  $x29 $x30 $x31 $x32 $x33 $x34 $x35 $x36 $x38 $x39 $x40 $x41 $x42 $x43 $x44 $x45 $x46 $x47
reg : $x36reg adj $v0 $v1 $a0 $a1 $a2 $a3 $t0 $t1 $t2 $t3 $t4 $t5 $t6 $t7 $s0 $s1 $s2 $s3 $s4 $s5 $s6 $t8 $t9 $ra $x29 $x30 $x31 $x32 $x33 $x34 $x35 $x36 $x38 $x39 $x40 $x41 $x42 $x43 $x44 $x45 $x46 $x47
palette :  $v0 $v1 $a0 $a1 $a2 $a3 $t0 $t1 $t2 $t3 $t4 $t5 $t6 $t7 $s0 $s1 $s2 $s3 $s4 $s5 $s6 $s7 $t8 $t9 $ra
lowdegs :  $x45
palette :  $v0 $v1 $a0 $a1 $a2 $a3 $t0 $t1 $t2 $t3 $t4 $t5 $t6 $t7 $s0 $s1 $s2 $s3 $s4 $s5 $s6 $s7 $t8 $t9 $ra
highdegs :  $x29 $x30 $x31 $x32 $x33 $x34 $x35 $x38 $x39 $x40 $x41 $x42 $x43 $x44 $x46 $x47
reg : $x35reg adj $v0 $v1 $a0 $a1 $a2 $a3 $t0 $t1 $t2 $t3 $t4 $t5 $t6 $t7 $s0 $s1 $s2 $s3 $s4 $s5 $s7 $t8 $t9 $ra $x29 $x30 $x31 $x32 $x33 $x34 $x35 $x38 $x39 $x40 $x41 $x42 $x43 $x44 $x46 $x47
palette :  $v0 $v1 $a0 $a1 $a2 $a3 $t0 $t1 $t2 $t3 $t4 $t5 $t6 $t7 $s0 $s1 $s2 $s3 $s4 $s5 $s6 $s7 $t8 $t9 $ra
lowdegs :  $x47
palette :  $v0 $v1 $a0 $a1 $a2 $a3 $t0 $t1 $t2 $t3 $t4 $t5 $t6 $t7 $s0 $s1 $s2 $s3 $s4 $s5 $s6 $s7 $t8 $t9 $ra
highdegs :  $x29 $x30 $x31 $x32 $x33 $x34 $x38 $x39 $x40 $x41 $x42 $x43 $x44 $x46
reg : $x34reg adj $v0 $v1 $a0 $a1 $a2 $a3 $t0 $t1 $t2 $t3 $t4 $t5 $t6 $t7 $s0 $s1 $s2 $s3 $s4 $s6 $s7 $t8 $t9 $ra $x29 $x30 $x31 $x32 $x33 $x34 $x38 $x39 $x40 $x41 $x42 $x43 $x44 $x46
palette :  $v0 $v1 $a0 $a1 $a2 $a3 $t0 $t1 $t2 $t3 $t4 $t5 $t6 $t7 $s0 $s1 $s2 $s3 $s4 $s5 $s6 $s7 $t8 $t9 $ra
lowdegs :  $x40 $x41 $x44 $x46
palette :  $v0 $v1 $a0 $a1 $a2 $a3 $t0 $t1 $t2 $t3 $t4 $t5 $t6 $t7 $s0 $s1 $s2 $s3 $s4 $s5 $s6 $s7 $t8 $t9 $ra
lowdegs :  $x38 $x39 $x42 $x43
palette :  $v0 $v1 $a0 $a1 $a2 $a3 $t0 $t1 $t2 $t3 $t4 $t5 $t6 $t7 $s0 $s1 $s2 $s3 $s4 $s5 $s6 $s7 $t8 $t9 $ra
highdegs :  $x29 $x30 $x31 $x32 $x33
reg : $x33reg adj $v0 $v1 $a0 $a1 $a2 $a3 $t0 $t1 $t2 $t3 $t4 $t5 $t6 $t7 $s0 $s1 $s2 $s3 $s5 $s6 $s7 $t8 $t9 $ra $x29 $x30 $x31 $x32 $x33
palette :  $v0 $v1 $a0 $a1 $a2 $a3 $t0 $t1 $t2 $t3 $t4 $t5 $t6 $t7 $s0 $s1 $s2 $s3 $s4 $s5 $s6 $s7 $t8 $t9 $ra
highdegs :  $x29 $x30 $x31 $x32
reg : $x32reg adj $v0 $v1 $a0 $a1 $a2 $a3 $t0 $t1 $t2 $t3 $t4 $t5 $t6 $t7 $s0 $s1 $s2 $s4 $s5 $s6 $s7 $t8 $t9 $ra $x29 $x30 $x31 $x32
palette :  $v0 $v1 $a0 $a1 $a2 $a3 $t0 $t1 $t2 $t3 $t4 $t5 $t6 $t7 $s0 $s1 $s2 $s3 $s4 $s5 $s6 $s7 $t8 $t9 $ra
highdegs :  $x29 $x30 $x31
reg : $x31reg adj $v0 $v1 $a0 $a1 $a2 $a3 $t0 $t1 $t2 $t3 $t4 $t5 $t6 $t7 $s0 $s1 $s3 $s4 $s5 $s6 $s7 $t8 $t9 $ra $x29 $x30 $x31
palette :  $v0 $v1 $a0 $a1 $a2 $a3 $t0 $t1 $t2 $t3 $t4 $t5 $t6 $t7 $s0 $s1 $s2 $s3 $s4 $s5 $s6 $s7 $t8 $t9 $ra
highdegs :  $x29 $x30
reg : $x30reg adj $v0 $v1 $a0 $a1 $a2 $a3 $t0 $t1 $t2 $t3 $t4 $t5 $t6 $t7 $s0 $s2 $s3 $s4 $s5 $s6 $s7 $t8 $t9 $ra $x29 $x30
palette :  $v0 $v1 $a0 $a1 $a2 $a3 $t0 $t1 $t2 $t3 $t4 $t5 $t6 $t7 $s0 $s1 $s2 $s3 $s4 $s5 $s6 $s7 $t8 $t9 $ra
highdegs :  $x29
reg : $x29reg adj $v0 $v1 $a0 $a1 $a2 $a3 $t0 $t1 $t2 $t3 $t4 $t5 $t6 $t7 $s1 $s2 $s3 $s4 $s5 $s6 $s7 $t8 $t9 $ra $x29
palette :  $v0 $v1 $a0 $a1 $a2 $a3 $t0 $t1 $t2 $t3 $t4 $t5 $t6 $t7 $s0 $s1 $s2 $s3 $s4 $s5 $s6 $s7 $t8 $t9 $ra
stack :  $x38 $x39 $x42 $x43 $x40 $x41 $x44 $x46 $x47 $x45 $x37 $x48 $x49
getalias : $x38$x38$s0hi
spillset :  $x28 $x29 $x30 $x31 $x32 $x33 $x34 $x35 $x36
stack :  $x39 $x42 $x43 $x40 $x41 $x44 $x46 $x47 $x45 $x37 $x48 $x49
getalias : $x39$x39$a0hi
spillset :  $x28 $x29 $x30 $x31 $x32 $x33 $x34 $x35 $x36
stack :  $x42 $x43 $x40 $x41 $x44 $x46 $x47 $x45 $x37 $x48 $x49
getalias : $x42$x42$s0hi
spillset :  $x28 $x29 $x30 $x31 $x32 $x33 $x34 $x35 $x36
stack :  $x43 $x40 $x41 $x44 $x46 $x47 $x45 $x37 $x48 $x49
getalias : $x43$x43$s1hi
spillset :  $x28 $x29 $x30 $x31 $x32 $x33 $x34 $x35 $x36
stack :  $x40 $x41 $x44 $x46 $x47 $x45 $x37 $x48 $x49
getalias : $x40$x40$s1hi
spillset :  $x28 $x29 $x30 $x31 $x32 $x33 $x34 $x35 $x36
stack :  $x41 $x44 $x46 $x47 $x45 $x37 $x48 $x49
getalias : $x41$x41$s1hi
spillset :  $x28 $x29 $x30 $x31 $x32 $x33 $x34 $x35 $x36
stack :  $x44 $x46 $x47 $x45 $x37 $x48 $x49
getalias : $x44$x44$a0hi
spillset :  $x28 $x29 $x30 $x31 $x32 $x33 $x34 $x35 $x36
stack :  $x46 $x47 $x45 $x37 $x48 $x49
getalias : $x46$x46$s1hi
spillset :  $x28 $x29 $x30 $x31 $x32 $x33 $x34 $x35 $x36
stack :  $x47 $x45 $x37 $x48 $x49
getalias : $x47$x47$a0hi
spillset :  $x28 $x29 $x30 $x31 $x32 $x33 $x34 $x35 $x36
stack :  $x45 $x37 $x48 $x49
getalias : $x45$x45$a0hi
spillset :  $x28 $x29 $x30 $x31 $x32 $x33 $x34 $x35 $x36
stack :  $x37 $x48 $x49
getalias : $x37$x37$v1hi
spillset :  $x28 $x29 $x30 $x31 $x32 $x33 $x34 $x35 $x36
stack :  $x48 $x49
getalias : $x48$x48$v0hi
spillset :  $x28 $x29 $x30 $x31 $x32 $x33 $x34 $x35 $x36
stack :  $x49
getalias : $x49$x49$v0hi
spillset :  $x28 $x29 $x30 $x31 $x32 $x33 $x34 $x35 $x36
Register Allocation verified.
Spills: $x28 $x29 $x30 $x31 $x32 $x33 $x34 $x35 $x36 
rename_regs : $x37rename_regs : $x38rename_regs : $x39rename_regs : $x40rename_regs : $x40rename_regs : $x39rename_regs : $x41rename_regs : $x41rename_regs : $x39rename_regs : $x39rename_regs : $x38rename_regs : $x42rename_regs : $x43rename_regs : $x44rename_regs : $x42rename_regs : $x44rename_regs : $x43rename_regs : $x45rename_regs : $x46rename_regs : $x47rename_regs : $x42rename_regs : $x47rename_regs : $x46rename_regs : $x48rename_regs : $x49rename_regs : $x49################## LIVENESS: _main
################## INTERFERENCE GRAPH 
$v0: $v0 $v1 $a0 $a1 $a2 $a3 $t0 $t1 $t2 $t3 $t4 $t5 $t6 $t7 $s0 $s1 $s2 $s3 $s4 $s5 $s6 $s7 $t8 $t9 $sp $ra
$v1: $v0 $v1 $a0 $a1 $a2 $a3 $t0 $t1 $t2 $t3 $t4 $t5 $t6 $t7 $s0 $s1 $t8 $t9 $sp $ra
$a0: $v0 $v1 $a0 $a1 $a2 $a3 $t0 $t1 $t2 $t3 $t4 $t5 $t6 $t7 $s0 $s1 $t8 $t9 $sp $ra
$a1: $v0 $v1 $a0 $a1 $a2 $a3 $t0 $t1 $t2 $t3 $t4 $t5 $t6 $t7 $s0 $s1 $t8 $t9 $sp $ra
$a2: $v0 $v1 $a0 $a1 $a2 $a3 $t0 $t1 $t2 $t3 $t4 $t5 $t6 $t7 $s0 $s1 $t8 $t9 $sp $ra
$a3: $v0 $v1 $a0 $a1 $a2 $a3 $t0 $t1 $t2 $t3 $t4 $t5 $t6 $t7 $s0 $s1 $t8 $t9 $sp $ra
$t0: $v0 $v1 $a0 $a1 $a2 $a3 $t0 $t1 $t2 $t3 $t4 $t5 $t6 $t7 $s0 $s1 $t8 $t9 $sp $ra
$t1: $v0 $v1 $a0 $a1 $a2 $a3 $t0 $t1 $t2 $t3 $t4 $t5 $t6 $t7 $s0 $s1 $t8 $t9 $sp $ra
$t2: $v0 $v1 $a0 $a1 $a2 $a3 $t0 $t1 $t2 $t3 $t4 $t5 $t6 $t7 $s0 $s1 $t8 $t9 $sp $ra
$t3: $v0 $v1 $a0 $a1 $a2 $a3 $t0 $t1 $t2 $t3 $t4 $t5 $t6 $t7 $s0 $s1 $t8 $t9 $sp $ra
$t4: $v0 $v1 $a0 $a1 $a2 $a3 $t0 $t1 $t2 $t3 $t4 $t5 $t6 $t7 $s0 $s1 $t8 $t9 $sp $ra
$t5: $v0 $v1 $a0 $a1 $a2 $a3 $t0 $t1 $t2 $t3 $t4 $t5 $t6 $t7 $s0 $s1 $t8 $t9 $sp $ra
$t6: $v0 $v1 $a0 $a1 $a2 $a3 $t0 $t1 $t2 $t3 $t4 $t5 $t6 $t7 $s0 $s1 $t8 $t9 $sp $ra
$t7: $v0 $v1 $a0 $a1 $a2 $a3 $t0 $t1 $t2 $t3 $t4 $t5 $t6 $t7 $s0 $s1 $t8 $t9 $sp $ra
$s0: $v0 $v1 $a0 $a1 $a2 $a3 $t0 $t1 $t2 $t3 $t4 $t5 $t6 $t7 $s0 $s1 $s2 $s3 $s4 $s5 $s6 $s7 $t8 $t9 $sp $ra
$s1: $v0 $v1 $a0 $a1 $a2 $a3 $t0 $t1 $t2 $t3 $t4 $t5 $t6 $t7 $s0 $s1 $s2 $s3 $s4 $s5 $s6 $s7 $t8 $t9 $sp $ra
$s2: $v0 $s0 $s1 $s2 $s3 $s4 $s5 $s6 $s7 $sp $ra
$s3: $v0 $s0 $s1 $s2 $s3 $s4 $s5 $s6 $s7 $sp $ra
$s4: $v0 $s0 $s1 $s2 $s3 $s4 $s5 $s6 $s7 $sp $ra
$s5: $v0 $s0 $s1 $s2 $s3 $s4 $s5 $s6 $s7 $sp $ra
$s6: $v0 $s0 $s1 $s2 $s3 $s4 $s5 $s6 $s7 $sp $ra
$s7: $v0 $s0 $s1 $s2 $s3 $s4 $s5 $s6 $s7 $ra
$t8: $v0 $v1 $a0 $a1 $a2 $a3 $t0 $t1 $t2 $t3 $t4 $t5 $t6 $t7 $s0 $s1 $t8 $t9 $sp $ra
$t9: $v0 $v1 $a0 $a1 $a2 $a3 $t0 $t1 $t2 $t3 $t4 $t5 $t6 $t7 $s0 $s1 $t8 $t9 $sp $ra
$sp: $v0 $v1 $a0 $a1 $a2 $a3 $t0 $t1 $t2 $t3 $t4 $t5 $t6 $t7 $s0 $s1 $s2 $s3 $s4 $s5 $s6 $t8 $t9 $ra
$ra: $v0 $v1 $a0 $a1 $a2 $a3 $t0 $t1 $t2 $t3 $t4 $t5 $t6 $t7 $s0 $s1 $s2 $s3 $s4 $s5 $s6 $s7 $t8 $t9 $sp $ra
###### Move graph
$v0: $v0 $a0 $s0
$v1: $a0
$a0: $v0 $v1 $a0
$s0: $v0
palette :  $v0 $v1 $a0 $a1 $a2 $a3 $t0 $t1 $t2 $t3 $t4 $t5 $t6 $t7 $s0 $s1 $s2 $s3 $s4 $s5 $s6 $s7 $t8 $t9 $ra
Spills: 
hi
val it = () : unit
[autoloading]
[autoloading done]
stdIn:1.49-1.84 Warning: type vars not generalized because of
   value restriction are instantiated to dummy types (X1,X2,...)

